Log file open, 01/06/21 19:45:07
LogInit: Display: Running engine for game: VehicleTemplate
LogPlatformFile: Not using cached read wrapper
LogTaskGraph: Started task graph with 5 named threads and 35 total threads with 3 sets of task threads.
LogStats: Stats thread started at 0.174025
LogD3D11RHI: Loaded GFSDK_Aftermath_Lib.x64.dll
LogICUInternationalization: ICU TimeZone Detection - Raw Offset: +0:00, Platform Override: ''
LogPluginManager: Mounting plugin Paper2D
LogPluginManager: Mounting plugin AISupport
LogPluginManager: Mounting plugin LightPropagationVolume
LogPluginManager: Mounting plugin CameraShakePreviewer
LogPluginManager: Mounting plugin ActorLayerUtilities
LogPluginManager: Mounting plugin AnimationSharing
LogPluginManager: Mounting plugin CLionSourceCodeAccess
LogPluginManager: Mounting plugin CodeLiteSourceCodeAccess
LogPluginManager: Mounting plugin GitSourceControl
LogPluginManager: Mounting plugin KDevelopSourceCodeAccess
LogPluginManager: Mounting plugin NullSourceCodeAccess
LogPluginManager: Mounting plugin PerforceSourceControl
LogPluginManager: Mounting plugin PlasticSourceControl
LogPluginManager: Mounting plugin RiderSourceCodeAccess
LogPluginManager: Mounting plugin SubversionSourceControl
LogPluginManager: Mounting plugin UObjectPlugin
LogPluginManager: Mounting plugin VisualStudioCodeSourceCodeAccess
LogPluginManager: Mounting plugin VisualStudioSourceCodeAccess
LogPluginManager: Mounting plugin XCodeSourceCodeAccess
LogPluginManager: Mounting plugin AssetManagerEditor
LogPluginManager: Mounting plugin CryptoKeys
LogPluginManager: Mounting plugin CurveEditorTools
LogPluginManager: Mounting plugin DataValidation
LogPluginManager: Mounting plugin EditorScriptingUtilities
LogPluginManager: Mounting plugin FacialAnimation
LogPluginManager: Mounting plugin GameplayTagsEditor
LogPluginManager: Mounting plugin GeometryMode
LogPluginManager: Mounting plugin MacGraphicsSwitching
LogPluginManager: Mounting plugin MaterialAnalyzer
LogPluginManager: Mounting plugin MobileLauncherProfileWizard
LogPluginManager: Mounting plugin PluginBrowser
LogPluginManager: Mounting plugin SpeedTreeImporter
LogPluginManager: Mounting plugin DatasmithContent
LogPluginManager: Mounting plugin VariantManagerContent
LogPluginManager: Mounting plugin AlembicImporter
LogPluginManager: Mounting plugin AutomationUtils
LogPluginManager: Mounting plugin BackChannel
LogPluginManager: Mounting plugin ChaosCloth
LogPluginManager: Mounting plugin ChaosClothEditor
LogPluginManager: Mounting plugin ChaosEditor
LogPluginManager: Mounting plugin ChaosNiagara
LogPluginManager: Mounting plugin ChaosSolverPlugin
LogPluginManager: Mounting plugin CharacterAI
LogPluginManager: Mounting plugin GeometryCache
LogPluginManager: Mounting plugin GeometryCollectionPlugin
LogPluginManager: Mounting plugin GeometryProcessing
LogPluginManager: Mounting plugin PlanarCut
LogPluginManager: Mounting plugin PlatformCrypto
LogPluginManager: Mounting plugin ProxyLODPlugin
LogPluginManager: Mounting plugin RawInput
LogPluginManager: Mounting plugin SkeletalReduction
LogPluginManager: Mounting plugin Niagara
LogPluginManager: Mounting plugin MagicLeap
LogPluginManager: Mounting plugin MagicLeapLightEstimation
LogPluginManager: Mounting plugin MagicLeapMedia
LogPluginManager: Mounting plugin MagicLeapPassableWorld
LogPluginManager: Mounting plugin MLSDK
LogPluginManager: Mounting plugin LowEntryExtStdLib
LogPluginManager: Mounting plugin AndroidMedia
LogPluginManager: Mounting plugin AvfMedia
LogPluginManager: Mounting plugin ImgMedia
LogPluginManager: Mounting plugin MediaCompositing
LogPluginManager: Mounting plugin MediaPlayerEditor
LogPluginManager: Mounting plugin WebMMedia
LogPluginManager: Mounting plugin WmfMedia
LogPluginManager: Mounting plugin MeshPainting
LogPluginManager: Mounting plugin TcpMessaging
LogPluginManager: Mounting plugin UdpMessaging
LogPluginManager: Mounting plugin ActorSequence
LogPluginManager: Mounting plugin LevelSequenceEditor
LogPluginManager: Mounting plugin MatineeToLevelSequence
LogPluginManager: Mounting plugin MovieRenderPipeline
LogPluginManager: Mounting plugin TemplateSequence
LogPluginManager: Mounting plugin NetcodeUnitTest
LogPluginManager: Mounting plugin NUTUnrealEngine4
LogPluginManager: Mounting plugin OnlineSubsystemGooglePlay
LogPluginManager: Mounting plugin OnlineSubsystemIOS
LogPluginManager: Mounting plugin OnlineSubsystem
LogPluginManager: Mounting plugin OnlineSubsystemNull
LogPluginManager: Mounting plugin OnlineSubsystemUtils
LogPluginManager: Mounting plugin LauncherChunkInstaller
LogPluginManager: Mounting plugin AndroidDeviceProfileSelector
LogPluginManager: Mounting plugin AndroidMoviePlayer
LogPluginManager: Mounting plugin AndroidPermission
LogPluginManager: Mounting plugin AppleImageUtils
LogPluginManager: Mounting plugin AppleMoviePlayer
LogPluginManager: Mounting plugin ArchVisCharacter
LogPluginManager: Mounting plugin AssetTags
LogPluginManager: Mounting plugin AudioCapture
LogPluginManager: Mounting plugin CableComponent
LogPluginManager: Mounting plugin CustomMeshComponent
LogPluginManager: Mounting plugin EditableMesh
LogPluginManager: Mounting plugin ExampleDeviceProfileSelector
LogPluginManager: Mounting plugin GoogleCloudMessaging
LogPluginManager: Mounting plugin GooglePAD
LogPluginManager: Mounting plugin IOSDeviceProfileSelector
LogPluginManager: Mounting plugin LinuxDeviceProfileSelector
LogPluginManager: Mounting plugin LocationServicesBPLibrary
LogPluginManager: Mounting plugin MobilePatchingUtils
LogPluginManager: Mounting plugin OculusVR
LogPluginManager: Mounting plugin PhysXVehicles
LogPluginManager: Mounting plugin PostSplashScreen
LogPluginManager: Mounting plugin ProceduralMeshComponent
LogPluginManager: Mounting plugin RuntimePhysXCooking
LogPluginManager: Mounting plugin SignificanceManager
LogPluginManager: Mounting plugin SoundFields
LogPluginManager: Mounting plugin Synthesis
LogPluginManager: Mounting plugin WebMMoviePlayer
LogPluginManager: Mounting plugin WindowsMoviePlayer
LogPluginManager: Mounting plugin ScreenshotTools
LogInit: Using libcurl 7.55.1-DEV
LogInit:  - built for x86_64-pc-win32
LogInit:  - supports SSL with OpenSSL/1.1.1
LogInit:  - supports HTTP deflate (compression) using libz 1.2.8
LogInit:  - other features:
LogInit:      CURL_VERSION_SSL
LogInit:      CURL_VERSION_LIBZ
LogInit:      CURL_VERSION_IPV6
LogInit:      CURL_VERSION_ASYNCHDNS
LogInit:      CURL_VERSION_LARGEFILE
LogInit:      CURL_VERSION_IDN
LogInit:  CurlRequestOptions (configurable via config and command line):
LogInit:  - bVerifyPeer = true  - Libcurl will verify peer certificate
LogInit:  - bUseHttpProxy = false  - Libcurl will NOT use HTTP proxy
LogInit:  - bDontReuseConnections = false  - Libcurl will reuse connections
LogInit:  - MaxHostConnections = 16  - Libcurl will limit the number of connections to a host
LogInit:  - LocalHostAddr = Default
LogInit:  - BufferSize = 65536
LogOnline: OSS: Creating online subsystem instance for: NULL
LogInit: WinSock: version 1.1 (2.2), MaxSocks=32767, MaxUdp=65467
LogOnline: OSS: TryLoadSubsystemAndSetDefault: Loaded subsystem for module [NULL]
LogOculusPluginWrapper: OculusPlugin initialized successfully
LogHMD: Failed initializing OVRPlugin 1.44.0
LogInit: Build: ++UE4+Release-4.25-CL-14469661
LogInit: Engine Version: 4.25.4-14469661+++UE4+Release-4.25
LogInit: Compatible Engine Version: 4.25.0-13144385+++UE4+Release-4.25
LogInit: Net CL: 13144385
LogInit: OS: Windows 10 (Release 1909) (), CPU: AMD Ryzen 5 5600X 6-Core Processor             , GPU: NVIDIA GeForce RTX 2060
LogInit: Compiled (64-bit): Oct 11 2020 08:10:49
LogInit: Compiled with Visual C++: 19.24.28315.00
LogInit: Build Configuration: Development
LogInit: Branch Name: ++UE4+Release-4.25
LogInit: Command Line: 
LogInit: Base Directory: D:/Program Files/Epic Games/UE_4.25/Engine/Binaries/Win64/
LogInit: Allocator: TBB
LogInit: Installed Engine Build: 1
LogDevObjectVersion: Number of dev versions registered: 26
LogDevObjectVersion:   Dev-Blueprints (B0D832E4-1F89-4F0D-ACCF-7EB736FD4AA2): 10
LogDevObjectVersion:   Dev-Build (E1C64328-A22C-4D53-A36C-8E866417BD8C): 0
LogDevObjectVersion:   Dev-Core (375EC13C-06E4-48FB-B500-84F0262A717E): 4
LogDevObjectVersion:   Dev-Editor (E4B068ED-F494-42E9-A231-DA0B2E46BB41): 38
LogDevObjectVersion:   Dev-Framework (CFFC743F-43B0-4480-9391-14DF171D2073): 37
LogDevObjectVersion:   Dev-Mobile (B02B49B5-BB20-44E9-A304-32B752E40360): 2
LogDevObjectVersion:   Dev-Networking (A4E4105C-59A1-49B5-A7C5-40C4547EDFEE): 0
LogDevObjectVersion:   Dev-Online (39C831C9-5AE6-47DC-9A44-9C173E1C8E7C): 0
LogDevObjectVersion:   Dev-Physics (78F01B33-EBEA-4F98-B9B4-84EACCB95AA2): 4
LogDevObjectVersion:   Dev-Platform (6631380F-2D4D-43E0-8009-CF276956A95A): 0
LogDevObjectVersion:   Dev-Rendering (12F88B9F-8875-4AFC-A67C-D90C383ABD29): 43
LogDevObjectVersion:   Dev-Sequencer (7B5AE74C-D270-4C10-A958-57980B212A5A): 12
LogDevObjectVersion:   Dev-VR (D7296918-1DD6-4BDD-9DE2-64A83CC13884): 3
LogDevObjectVersion:   Dev-LoadTimes (C2A15278-BFE7-4AFE-6C17-90FF531DF755): 1
LogDevObjectVersion:   Private-Geometry (6EACA3D4-40EC-4CC1-B786-8BED09428FC5): 3
LogDevObjectVersion:   Dev-AnimPhys (29E575DD-E0A3-4627-9D10-D276232CDCEA): 17
LogDevObjectVersion:   Dev-Anim (AF43A65D-7FD3-4947-9873-3E8ED9C1BB05): 7
LogDevObjectVersion:   Dev-ReflectionCapture (6B266CEC-1EC7-4B8F-A30B-E4D90942FC07): 1
LogDevObjectVersion:   Dev-Automation (0DF73D61-A23F-47EA-B727-89E90C41499A): 1
LogDevObjectVersion:   FortniteMain (601D1886-AC64-4F84-AA16-D3DE0DEAC7D6): 31
LogDevObjectVersion:   Dev-Enterprise (9DFFBCD6-494F-0158-E221-12823C92A888): 10
LogDevObjectVersion:   Dev-Niagara (F2AED0AC-9AFE-416F-8664-AA7FFA26D6FC): 1
LogDevObjectVersion:   Dev-Destruction (174F1F0B-B4C6-45A5-B13F-2EE8D0FB917D): 10
LogDevObjectVersion:   Dev-Physics-Ext (35F94A83-E258-406C-A318-09F59610247C): 37
LogDevObjectVersion:   Dev-PhysicsMaterial-Chaos (B68FC16E-8B1B-42E2-B453-215C058844FE): 1
LogDevObjectVersion:   Dev-CineCamera (B2E18506-4273-CFC2-A54E-F4BB758BBA07): 1
LogInit: Presizing for max 25165824 objects, including 0 objects not considered by GC, pre-allocating 0 bytes for permanent pool.
LogConfig: Applying CVar settings from Section [/Script/Engine.StreamingSettings] File [S:/Users/Liamk/Development/Games/Sacrifice/VehicleTemplate/Saved/Config/Windows/Engine.ini]
LogConfig: Setting CVar [[s.MinBulkDataSizeForAsyncLoading:131072]]
LogConfig: Setting CVar [[s.AsyncLoadingThreadEnabled:0]]
LogConfig: Setting CVar [[s.EventDrivenLoaderEnabled:1]]
LogConfig: Setting CVar [[s.WarnIfTimeLimitExceeded:0]]
LogConfig: Setting CVar [[s.TimeLimitExceededMultiplier:1.5]]
LogConfig: Setting CVar [[s.TimeLimitExceededMinTime:0.005]]
LogConfig: Setting CVar [[s.UseBackgroundLevelStreaming:1]]
LogConfig: Setting CVar [[s.PriorityAsyncLoadingExtraTime:15.0]]
LogConfig: Setting CVar [[s.LevelStreamingActorsUpdateTimeLimit:5.0]]
LogConfig: Setting CVar [[s.PriorityLevelStreamingActorsUpdateExtraTime:5.0]]
LogConfig: Setting CVar [[s.LevelStreamingComponentsRegistrationGranularity:10]]
LogConfig: Setting CVar [[s.UnregisterComponentsTimeLimit:1.0]]
LogConfig: Setting CVar [[s.LevelStreamingComponentsUnregistrationGranularity:5]]
LogConfig: Setting CVar [[s.FlushStreamingOnExit:1]]
LogInit: Object subsystem initialized
LogConfig: Setting CVar [[con.DebugEarlyDefault:1]]
LogConfig: Setting CVar [[r.setres:1280x720]]
[2021.01.06-19.45.07:829][  0]LogConfig: Setting CVar [[r.VSync:0]]
[2021.01.06-19.45.07:829][  0]LogConfig: Setting CVar [[r.RHICmdBypass:0]]
[2021.01.06-19.45.07:829][  0]LogConfig: Applying CVar settings from Section [/Script/Engine.RendererSettings] File [S:/Users/Liamk/Development/Games/Sacrifice/VehicleTemplate/Saved/Config/Windows/Engine.ini]
[2021.01.06-19.45.07:829][  0]LogConfig: Setting CVar [[r.GPUCrashDebugging:0]]
[2021.01.06-19.45.07:829][  0]LogConfig: Setting CVar [[r.SkinCache.CompileShaders:1]]
[2021.01.06-19.45.07:829][  0]LogConfig: Setting CVar [[r.RayTracing:1]]
[2021.01.06-19.45.07:829][  0]LogConfig: Applying CVar settings from Section [/Script/Engine.RendererOverrideSettings] File [S:/Users/Liamk/Development/Games/Sacrifice/VehicleTemplate/Saved/Config/Windows/Engine.ini]
[2021.01.06-19.45.07:829][  0]LogConfig: Applying CVar settings from Section [/Script/Engine.StreamingSettings] File [S:/Users/Liamk/Development/Games/Sacrifice/VehicleTemplate/Saved/Config/Windows/Engine.ini]
[2021.01.06-19.45.07:829][  0]LogConfig: Setting CVar [[s.MinBulkDataSizeForAsyncLoading:131072]]
[2021.01.06-19.45.07:829][  0]LogConfig: Setting CVar [[s.AsyncLoadingThreadEnabled:0]]
[2021.01.06-19.45.07:829][  0]LogConfig: Setting CVar [[s.EventDrivenLoaderEnabled:1]]
[2021.01.06-19.45.07:829][  0]LogConfig: Setting CVar [[s.WarnIfTimeLimitExceeded:0]]
[2021.01.06-19.45.07:829][  0]LogConfig: Setting CVar [[s.TimeLimitExceededMultiplier:1.5]]
[2021.01.06-19.45.07:829][  0]LogConfig: Setting CVar [[s.TimeLimitExceededMinTime:0.005]]
[2021.01.06-19.45.07:829][  0]LogConfig: Setting CVar [[s.UseBackgroundLevelStreaming:1]]
[2021.01.06-19.45.07:829][  0]LogConfig: Setting CVar [[s.PriorityAsyncLoadingExtraTime:15.0]]
[2021.01.06-19.45.07:829][  0]LogConfig: Setting CVar [[s.LevelStreamingActorsUpdateTimeLimit:5.0]]
[2021.01.06-19.45.07:829][  0]LogConfig: Setting CVar [[s.PriorityLevelStreamingActorsUpdateExtraTime:5.0]]
[2021.01.06-19.45.07:829][  0]LogConfig: Setting CVar [[s.LevelStreamingComponentsRegistrationGranularity:10]]
[2021.01.06-19.45.07:829][  0]LogConfig: Setting CVar [[s.UnregisterComponentsTimeLimit:1.0]]
[2021.01.06-19.45.07:829][  0]LogConfig: Setting CVar [[s.LevelStreamingComponentsUnregistrationGranularity:5]]
[2021.01.06-19.45.07:829][  0]LogConfig: Setting CVar [[s.FlushStreamingOnExit:1]]
[2021.01.06-19.45.07:829][  0]LogConfig: Applying CVar settings from Section [/Script/Engine.GarbageCollectionSettings] File [S:/Users/Liamk/Development/Games/Sacrifice/VehicleTemplate/Saved/Config/Windows/Engine.ini]
[2021.01.06-19.45.07:829][  0]LogConfig: Setting CVar [[gc.MaxObjectsNotConsideredByGC:1]]
[2021.01.06-19.45.07:829][  0]LogConfig: Setting CVar [[gc.SizeOfPermanentObjectPool:0]]
[2021.01.06-19.45.07:829][  0]LogConfig: Setting CVar [[gc.FlushStreamingOnGC:0]]
[2021.01.06-19.45.07:829][  0]LogConfig: Setting CVar [[gc.NumRetriesBeforeForcingGC:10]]
[2021.01.06-19.45.07:829][  0]LogConfig: Setting CVar [[gc.AllowParallelGC:1]]
[2021.01.06-19.45.07:829][  0]LogConfig: Setting CVar [[gc.TimeBetweenPurgingPendingKillObjects:61.1]]
[2021.01.06-19.45.07:829][  0]LogConfig: Setting CVar [[gc.MaxObjectsInEditor:25165824]]
[2021.01.06-19.45.07:829][  0]LogConfig: Setting CVar [[gc.IncrementalBeginDestroyEnabled:1]]
[2021.01.06-19.45.07:829][  0]LogConfig: Setting CVar [[gc.CreateGCClusters:1]]
[2021.01.06-19.45.07:829][  0]LogConfig: Setting CVar [[gc.MinGCClusterSize:5]]
[2021.01.06-19.45.07:829][  0]LogConfig: Setting CVar [[gc.ActorClusteringEnabled:0]]
[2021.01.06-19.45.07:829][  0]LogConfig: Setting CVar [[gc.BlueprintClusteringEnabled:0]]
[2021.01.06-19.45.07:829][  0]LogConfig: Setting CVar [[gc.UseDisregardForGCOnDedicatedServers:0]]
[2021.01.06-19.45.07:829][  0]LogConfig: Applying CVar settings from Section [/Script/Engine.NetworkSettings] File [S:/Users/Liamk/Development/Games/Sacrifice/VehicleTemplate/Saved/Config/Windows/Engine.ini]
[2021.01.06-19.45.07:829][  0]LogConfig: Applying CVar settings from Section [/Script/UnrealEd.CookerSettings] File [S:/Users/Liamk/Development/Games/Sacrifice/VehicleTemplate/Saved/Config/Windows/Engine.ini]
[2021.01.06-19.45.07:832][  0]LogConfig: Applying CVar settings from Section [ViewDistanceQuality@3] File [S:/Users/Liamk/Development/Games/Sacrifice/VehicleTemplate/Saved/Config/Windows/Scalability.ini]
[2021.01.06-19.45.07:832][  0]LogConfig: Setting CVar [[r.SkeletalMeshLODBias:0]]
[2021.01.06-19.45.07:832][  0]LogConfig: Setting CVar [[r.ViewDistanceScale:1.0]]
[2021.01.06-19.45.07:832][  0]LogConfig: Applying CVar settings from Section [AntiAliasingQuality@3] File [S:/Users/Liamk/Development/Games/Sacrifice/VehicleTemplate/Saved/Config/Windows/Scalability.ini]
[2021.01.06-19.45.07:832][  0]LogConfig: Setting CVar [[r.PostProcessAAQuality:4]]
[2021.01.06-19.45.07:832][  0]LogConfig: Applying CVar settings from Section [ShadowQuality@3] File [S:/Users/Liamk/Development/Games/Sacrifice/VehicleTemplate/Saved/Config/Windows/Scalability.ini]
[2021.01.06-19.45.07:832][  0]LogConfig: Setting CVar [[r.LightFunctionQuality:1]]
[2021.01.06-19.45.07:832][  0]LogConfig: Setting CVar [[r.ShadowQuality:5]]
[2021.01.06-19.45.07:832][  0]LogConfig: Setting CVar [[r.Shadow.CSM.MaxCascades:10]]
[2021.01.06-19.45.07:832][  0]LogConfig: Setting CVar [[r.Shadow.MaxResolution:2048]]
[2021.01.06-19.45.07:832][  0]LogConfig: Setting CVar [[r.Shadow.MaxCSMResolution:2048]]
[2021.01.06-19.45.07:832][  0]LogConfig: Setting CVar [[r.Shadow.RadiusThreshold:0.01]]
[2021.01.06-19.45.07:832][  0]LogConfig: Setting CVar [[r.Shadow.DistanceScale:1.0]]
[2021.01.06-19.45.07:832][  0]LogConfig: Setting CVar [[r.Shadow.CSM.TransitionScale:1.0]]
[2021.01.06-19.45.07:832][  0]LogConfig: Setting CVar [[r.Shadow.PreShadowResolutionFactor:1.0]]
[2021.01.06-19.45.07:832][  0]LogConfig: Setting CVar [[r.DistanceFieldShadowing:1]]
[2021.01.06-19.45.07:832][  0]LogConfig: Setting CVar [[r.DistanceFieldAO:1]]
[2021.01.06-19.45.07:832][  0]LogConfig: Setting CVar [[r.AOQuality:2]]
[2021.01.06-19.45.07:832][  0]LogConfig: Setting CVar [[r.VolumetricFog:1]]
[2021.01.06-19.45.07:832][  0]LogConfig: Setting CVar [[r.VolumetricFog.GridPixelSize:8]]
[2021.01.06-19.45.07:833][  0]LogConfig: Setting CVar [[r.VolumetricFog.GridSizeZ:128]]
[2021.01.06-19.45.07:833][  0]LogConfig: Setting CVar [[r.VolumetricFog.HistoryMissSupersampleCount:4]]
[2021.01.06-19.45.07:833][  0]LogConfig: Setting CVar [[r.LightMaxDrawDistanceScale:1]]
[2021.01.06-19.45.07:833][  0]LogConfig: Setting CVar [[r.CapsuleShadows:1]]
[2021.01.06-19.45.07:833][  0]LogConfig: Applying CVar settings from Section [PostProcessQuality@3] File [S:/Users/Liamk/Development/Games/Sacrifice/VehicleTemplate/Saved/Config/Windows/Scalability.ini]
[2021.01.06-19.45.07:833][  0]LogConfig: Setting CVar [[r.MotionBlurQuality:4]]
[2021.01.06-19.45.07:833][  0]LogConfig: Setting CVar [[r.AmbientOcclusionMipLevelFactor:0.4]]
[2021.01.06-19.45.07:833][  0]LogConfig: Setting CVar [[r.AmbientOcclusionMaxQuality:100]]
[2021.01.06-19.45.07:833][  0]LogConfig: Setting CVar [[r.AmbientOcclusionLevels:-1]]
[2021.01.06-19.45.07:833][  0]LogConfig: Setting CVar [[r.AmbientOcclusionRadiusScale:1.0]]
[2021.01.06-19.45.07:833][  0]LogConfig: Setting CVar [[r.DepthOfFieldQuality:2]]
[2021.01.06-19.45.07:833][  0]LogConfig: Setting CVar [[r.RenderTargetPoolMin:400]]
[2021.01.06-19.45.07:833][  0]LogConfig: Setting CVar [[r.LensFlareQuality:2]]
[2021.01.06-19.45.07:833][  0]LogConfig: Setting CVar [[r.SceneColorFringeQuality:1]]
[2021.01.06-19.45.07:833][  0]LogConfig: Setting CVar [[r.EyeAdaptationQuality:2]]
[2021.01.06-19.45.07:833][  0]LogConfig: Setting CVar [[r.BloomQuality:5]]
[2021.01.06-19.45.07:833][  0]LogConfig: Setting CVar [[r.FastBlurThreshold:100]]
[2021.01.06-19.45.07:833][  0]LogConfig: Setting CVar [[r.Upscale.Quality:3]]
[2021.01.06-19.45.07:833][  0]LogConfig: Setting CVar [[r.Tonemapper.GrainQuantization:1]]
[2021.01.06-19.45.07:833][  0]LogConfig: Setting CVar [[r.LightShaftQuality:1]]
[2021.01.06-19.45.07:833][  0]LogConfig: Setting CVar [[r.Filter.SizeScale:1]]
[2021.01.06-19.45.07:833][  0]LogConfig: Setting CVar [[r.Tonemapper.Quality:5]]
[2021.01.06-19.45.07:833][  0]LogConfig: Setting CVar [[r.DOF.Gather.AccumulatorQuality:1        ; higher gathering accumulator quality]]
[2021.01.06-19.45.07:833][  0]LogConfig: Setting CVar [[r.DOF.Gather.PostfilterMethod:1          ; Median3x3 postfilering method]]
[2021.01.06-19.45.07:833][  0]LogConfig: Setting CVar [[r.DOF.Gather.EnableBokehSettings:0       ; no bokeh simulation when gathering]]
[2021.01.06-19.45.07:833][  0]LogConfig: Setting CVar [[r.DOF.Gather.RingCount:4                 ; medium number of samples when gathering]]
[2021.01.06-19.45.07:833][  0]LogConfig: Setting CVar [[r.DOF.Scatter.ForegroundCompositing:1    ; additive foreground scattering]]
[2021.01.06-19.45.07:833][  0]LogConfig: Setting CVar [[r.DOF.Scatter.BackgroundCompositing:2    ; additive background scattering]]
[2021.01.06-19.45.07:833][  0]LogConfig: Setting CVar [[r.DOF.Scatter.EnableBokehSettings:1      ; bokeh simulation when scattering]]
[2021.01.06-19.45.07:833][  0]LogConfig: Setting CVar [[r.DOF.Scatter.MaxSpriteRatio:0.1         ; only a maximum of 10% of scattered bokeh]]
[2021.01.06-19.45.07:833][  0]LogConfig: Setting CVar [[r.DOF.Recombine.Quality:1                ; cheap slight out of focus]]
[2021.01.06-19.45.07:833][  0]LogConfig: Setting CVar [[r.DOF.Recombine.EnableBokehSettings:0    ; no bokeh simulation on slight out of focus]]
[2021.01.06-19.45.07:833][  0]LogConfig: Setting CVar [[r.DOF.TemporalAAQuality:1                ; more stable temporal accumulation]]
[2021.01.06-19.45.07:833][  0]LogConfig: Setting CVar [[r.DOF.Kernel.MaxForegroundRadius:0.025]]
[2021.01.06-19.45.07:833][  0]LogConfig: Setting CVar [[r.DOF.Kernel.MaxBackgroundRadius:0.025]]
[2021.01.06-19.45.07:833][  0]LogConfig: Applying CVar settings from Section [TextureQuality@3] File [S:/Users/Liamk/Development/Games/Sacrifice/VehicleTemplate/Saved/Config/Windows/Scalability.ini]
[2021.01.06-19.45.07:833][  0]LogConfig: Setting CVar [[r.Streaming.MipBias:0]]
[2021.01.06-19.45.07:833][  0]LogConfig: Setting CVar [[r.Streaming.AmortizeCPUToGPUCopy:0]]
[2021.01.06-19.45.07:833][  0]LogConfig: Setting CVar [[r.Streaming.MaxNumTexturesToStreamPerFrame:0]]
[2021.01.06-19.45.07:833][  0]LogConfig: Setting CVar [[r.Streaming.Boost:1]]
[2021.01.06-19.45.07:833][  0]LogConfig: Setting CVar [[r.MaxAnisotropy:8]]
[2021.01.06-19.45.07:833][  0]LogConfig: Setting CVar [[r.VT.MaxAnisotropy:8]]
[2021.01.06-19.45.07:833][  0]LogConfig: Setting CVar [[r.Streaming.LimitPoolSizeToVRAM:0]]
[2021.01.06-19.45.07:833][  0]LogConfig: Setting CVar [[r.Streaming.PoolSize:1000]]
[2021.01.06-19.45.07:833][  0]LogConfig: Setting CVar [[r.Streaming.MaxEffectiveScreenSize:0]]
[2021.01.06-19.45.07:833][  0]LogConfig: Applying CVar settings from Section [EffectsQuality@3] File [S:/Users/Liamk/Development/Games/Sacrifice/VehicleTemplate/Saved/Config/Windows/Scalability.ini]
[2021.01.06-19.45.07:833][  0]LogConfig: Setting CVar [[r.TranslucencyLightingVolumeDim:64]]
[2021.01.06-19.45.07:833][  0]LogConfig: Setting CVar [[r.RefractionQuality:2]]
[2021.01.06-19.45.07:833][  0]LogConfig: Setting CVar [[r.SSR.Quality:3]]
[2021.01.06-19.45.07:833][  0]LogConfig: Setting CVar [[r.SSR.HalfResSceneColor:0]]
[2021.01.06-19.45.07:833][  0]LogConfig: Setting CVar [[r.SceneColorFormat:4]]
[2021.01.06-19.45.07:833][  0]LogConfig: Setting CVar [[r.DetailMode:2]]
[2021.01.06-19.45.07:833][  0]LogConfig: Setting CVar [[r.TranslucencyVolumeBlur:1]]
[2021.01.06-19.45.07:833][  0]LogConfig: Setting CVar [[r.MaterialQualityLevel:1 ; High quality]]
[2021.01.06-19.45.07:833][  0]LogConfig: Setting CVar [[r.SSS.Scale:1]]
[2021.01.06-19.45.07:833][  0]LogConfig: Setting CVar [[r.SSS.SampleSet:2]]
[2021.01.06-19.45.07:833][  0]LogConfig: Setting CVar [[r.SSS.Quality:1]]
[2021.01.06-19.45.07:833][  0]LogConfig: Setting CVar [[r.SSS.HalfRes:0]]
[2021.01.06-19.45.07:833][  0]LogConfig: Setting CVar [[r.SSGI.Quality:3]]
[2021.01.06-19.45.07:833][  0]LogConfig: Setting CVar [[r.EmitterSpawnRateScale:1.0]]
[2021.01.06-19.45.07:833][  0]LogConfig: Setting CVar [[r.ParticleLightQuality:2]]
[2021.01.06-19.45.07:833][  0]LogConfig: Setting CVar [[r.SkyAtmosphere.AerialPerspectiveLUT.FastApplyOnOpaque:1 ; Always have FastSkyLUT 1 in this case to avoid wrong sky]]
[2021.01.06-19.45.07:833][  0]LogConfig: Setting CVar [[r.SkyAtmosphere.AerialPerspectiveLUT.SampleCountPerSlice:1]]
[2021.01.06-19.45.07:833][  0]LogConfig: Setting CVar [[r.SkyAtmosphere.AerialPerspectiveLUT.DepthResolution:16.0]]
[2021.01.06-19.45.07:833][  0]LogConfig: Setting CVar [[r.SkyAtmosphere.FastSkyLUT:1]]
[2021.01.06-19.45.07:833][  0]LogConfig: Setting CVar [[r.SkyAtmosphere.FastSkyLUT.SampleCountMin:4.0]]
[2021.01.06-19.45.07:833][  0]LogConfig: Setting CVar [[r.SkyAtmosphere.FastSkyLUT.SampleCountMax:32.0]]
[2021.01.06-19.45.07:833][  0]LogConfig: Setting CVar [[r.SkyAtmosphere.SampleCountMin:4.0]]
[2021.01.06-19.45.07:833][  0]LogConfig: Setting CVar [[r.SkyAtmosphere.SampleCountMax:32.0]]
[2021.01.06-19.45.07:833][  0]LogConfig: Setting CVar [[r.SkyAtmosphere.TransmittanceLUT.UseSmallFormat:0]]
[2021.01.06-19.45.07:833][  0]LogConfig: Setting CVar [[r.SkyAtmosphere.TransmittanceLUT.SampleCount:10.0]]
[2021.01.06-19.45.07:833][  0]LogConfig: Setting CVar [[r.SkyAtmosphere.MultiScatteringLUT.SampleCount:15.0]]
[2021.01.06-19.45.07:833][  0]LogConfig: Applying CVar settings from Section [FoliageQuality@3] File [S:/Users/Liamk/Development/Games/Sacrifice/VehicleTemplate/Saved/Config/Windows/Scalability.ini]
[2021.01.06-19.45.07:833][  0]LogConfig: Setting CVar [[foliage.DensityScale:1.0]]
[2021.01.06-19.45.07:833][  0]LogConfig: Setting CVar [[grass.DensityScale:1.0]]
[2021.01.06-19.45.07:833][  0]LogConfig: Applying CVar settings from Section [ShadingQuality@3] File [S:/Users/Liamk/Development/Games/Sacrifice/VehicleTemplate/Saved/Config/Windows/Scalability.ini]
[2021.01.06-19.45.07:833][  0]LogConfig: Setting CVar [[r.HairStrands.SkyLighting.SampleCount:16]]
[2021.01.06-19.45.07:833][  0]LogConfig: Setting CVar [[r.HairStrands.SkyLighting.JitterIntegration:0]]
[2021.01.06-19.45.07:833][  0]LogConfig: Setting CVar [[r.HairStrands.SkyAO.SampleCount:16]]
[2021.01.06-19.45.07:833][  0]LogConfig: Setting CVar [[r.HairStrands.DeepShadow.SuperSampling:0]]
[2021.01.06-19.45.07:833][  0]LogConfig: Setting CVar [[r.HairStrands.VisibilityPPLL:0]]
[2021.01.06-19.45.07:833][  0]LogConfig: Setting CVar [[r.HairStrands.RasterizationScale:0.5]]
[2021.01.06-19.45.07:833][  0]LogConfig: Setting CVar [[r.HairStrands.VelocityRasterizationScale:1]]
[2021.01.06-19.45.07:833][  0]LogInit: Selected Device Profile: [Windows]
[2021.01.06-19.45.07:833][  0]LogInit: Applying CVar settings loaded from the selected device profile: [Windows]
[2021.01.06-19.45.07:833][  0]LogHAL: Display: Platform has ~ 32 GB [34281828352 / 34359738368 / 32], which maps to Largest [LargestMinGB=32, LargerMinGB=12, DefaultMinGB=8, SmallerMinGB=6, SmallestMinGB=0)
[2021.01.06-19.45.07:833][  0]LogInit: Going up to parent DeviceProfile []
[2021.01.06-19.45.07:833][  0]LogConfig: Applying CVar settings from Section [ViewDistanceQuality@3] File [S:/Users/Liamk/Development/Games/Sacrifice/VehicleTemplate/Saved/Config/Windows/Scalability.ini]
[2021.01.06-19.45.07:833][  0]LogConfig: Setting CVar [[r.SkeletalMeshLODBias:0]]
[2021.01.06-19.45.07:833][  0]LogConfig: Setting CVar [[r.ViewDistanceScale:1.0]]
[2021.01.06-19.45.07:833][  0]LogConfig: Applying CVar settings from Section [AntiAliasingQuality@3] File [S:/Users/Liamk/Development/Games/Sacrifice/VehicleTemplate/Saved/Config/Windows/Scalability.ini]
[2021.01.06-19.45.07:833][  0]LogConfig: Setting CVar [[r.PostProcessAAQuality:4]]
[2021.01.06-19.45.07:833][  0]LogConfig: Applying CVar settings from Section [ShadowQuality@3] File [S:/Users/Liamk/Development/Games/Sacrifice/VehicleTemplate/Saved/Config/Windows/Scalability.ini]
[2021.01.06-19.45.07:833][  0]LogConfig: Setting CVar [[r.LightFunctionQuality:1]]
[2021.01.06-19.45.07:833][  0]LogConfig: Setting CVar [[r.ShadowQuality:5]]
[2021.01.06-19.45.07:833][  0]LogConfig: Setting CVar [[r.Shadow.CSM.MaxCascades:10]]
[2021.01.06-19.45.07:833][  0]LogConfig: Setting CVar [[r.Shadow.MaxResolution:2048]]
[2021.01.06-19.45.07:833][  0]LogConfig: Setting CVar [[r.Shadow.MaxCSMResolution:2048]]
[2021.01.06-19.45.07:833][  0]LogConfig: Setting CVar [[r.Shadow.RadiusThreshold:0.01]]
[2021.01.06-19.45.07:833][  0]LogConfig: Setting CVar [[r.Shadow.DistanceScale:1.0]]
[2021.01.06-19.45.07:833][  0]LogConfig: Setting CVar [[r.Shadow.CSM.TransitionScale:1.0]]
[2021.01.06-19.45.07:833][  0]LogConfig: Setting CVar [[r.Shadow.PreShadowResolutionFactor:1.0]]
[2021.01.06-19.45.07:833][  0]LogConfig: Setting CVar [[r.DistanceFieldShadowing:1]]
[2021.01.06-19.45.07:833][  0]LogConfig: Setting CVar [[r.DistanceFieldAO:1]]
[2021.01.06-19.45.07:833][  0]LogConfig: Setting CVar [[r.AOQuality:2]]
[2021.01.06-19.45.07:833][  0]LogConfig: Setting CVar [[r.VolumetricFog:1]]
[2021.01.06-19.45.07:833][  0]LogConfig: Setting CVar [[r.VolumetricFog.GridPixelSize:8]]
[2021.01.06-19.45.07:833][  0]LogConfig: Setting CVar [[r.VolumetricFog.GridSizeZ:128]]
[2021.01.06-19.45.07:833][  0]LogConfig: Setting CVar [[r.VolumetricFog.HistoryMissSupersampleCount:4]]
[2021.01.06-19.45.07:833][  0]LogConfig: Setting CVar [[r.LightMaxDrawDistanceScale:1]]
[2021.01.06-19.45.07:833][  0]LogConfig: Setting CVar [[r.CapsuleShadows:1]]
[2021.01.06-19.45.07:833][  0]LogConfig: Applying CVar settings from Section [PostProcessQuality@3] File [S:/Users/Liamk/Development/Games/Sacrifice/VehicleTemplate/Saved/Config/Windows/Scalability.ini]
[2021.01.06-19.45.07:833][  0]LogConfig: Setting CVar [[r.MotionBlurQuality:4]]
[2021.01.06-19.45.07:833][  0]LogConfig: Setting CVar [[r.AmbientOcclusionMipLevelFactor:0.4]]
[2021.01.06-19.45.07:833][  0]LogConfig: Setting CVar [[r.AmbientOcclusionMaxQuality:100]]
[2021.01.06-19.45.07:833][  0]LogConfig: Setting CVar [[r.AmbientOcclusionLevels:-1]]
[2021.01.06-19.45.07:833][  0]LogConfig: Setting CVar [[r.AmbientOcclusionRadiusScale:1.0]]
[2021.01.06-19.45.07:833][  0]LogConfig: Setting CVar [[r.DepthOfFieldQuality:2]]
[2021.01.06-19.45.07:833][  0]LogConfig: Setting CVar [[r.RenderTargetPoolMin:400]]
[2021.01.06-19.45.07:833][  0]LogConfig: Setting CVar [[r.LensFlareQuality:2]]
[2021.01.06-19.45.07:833][  0]LogConfig: Setting CVar [[r.SceneColorFringeQuality:1]]
[2021.01.06-19.45.07:833][  0]LogConfig: Setting CVar [[r.EyeAdaptationQuality:2]]
[2021.01.06-19.45.07:833][  0]LogConfig: Setting CVar [[r.BloomQuality:5]]
[2021.01.06-19.45.07:833][  0]LogConfig: Setting CVar [[r.FastBlurThreshold:100]]
[2021.01.06-19.45.07:833][  0]LogConfig: Setting CVar [[r.Upscale.Quality:3]]
[2021.01.06-19.45.07:833][  0]LogConfig: Setting CVar [[r.Tonemapper.GrainQuantization:1]]
[2021.01.06-19.45.07:833][  0]LogConfig: Setting CVar [[r.LightShaftQuality:1]]
[2021.01.06-19.45.07:833][  0]LogConfig: Setting CVar [[r.Filter.SizeScale:1]]
[2021.01.06-19.45.07:833][  0]LogConfig: Setting CVar [[r.Tonemapper.Quality:5]]
[2021.01.06-19.45.07:834][  0]LogConfig: Setting CVar [[r.DOF.Gather.AccumulatorQuality:1        ; higher gathering accumulator quality]]
[2021.01.06-19.45.07:834][  0]LogConfig: Setting CVar [[r.DOF.Gather.PostfilterMethod:1          ; Median3x3 postfilering method]]
[2021.01.06-19.45.07:834][  0]LogConfig: Setting CVar [[r.DOF.Gather.EnableBokehSettings:0       ; no bokeh simulation when gathering]]
[2021.01.06-19.45.07:834][  0]LogConfig: Setting CVar [[r.DOF.Gather.RingCount:4                 ; medium number of samples when gathering]]
[2021.01.06-19.45.07:834][  0]LogConfig: Setting CVar [[r.DOF.Scatter.ForegroundCompositing:1    ; additive foreground scattering]]
[2021.01.06-19.45.07:834][  0]LogConfig: Setting CVar [[r.DOF.Scatter.BackgroundCompositing:2    ; additive background scattering]]
[2021.01.06-19.45.07:834][  0]LogConfig: Setting CVar [[r.DOF.Scatter.EnableBokehSettings:1      ; bokeh simulation when scattering]]
[2021.01.06-19.45.07:834][  0]LogConfig: Setting CVar [[r.DOF.Scatter.MaxSpriteRatio:0.1         ; only a maximum of 10% of scattered bokeh]]
[2021.01.06-19.45.07:834][  0]LogConfig: Setting CVar [[r.DOF.Recombine.Quality:1                ; cheap slight out of focus]]
[2021.01.06-19.45.07:834][  0]LogConfig: Setting CVar [[r.DOF.Recombine.EnableBokehSettings:0    ; no bokeh simulation on slight out of focus]]
[2021.01.06-19.45.07:834][  0]LogConfig: Setting CVar [[r.DOF.TemporalAAQuality:1                ; more stable temporal accumulation]]
[2021.01.06-19.45.07:834][  0]LogConfig: Setting CVar [[r.DOF.Kernel.MaxForegroundRadius:0.025]]
[2021.01.06-19.45.07:834][  0]LogConfig: Setting CVar [[r.DOF.Kernel.MaxBackgroundRadius:0.025]]
[2021.01.06-19.45.07:834][  0]LogConfig: Applying CVar settings from Section [TextureQuality@3] File [S:/Users/Liamk/Development/Games/Sacrifice/VehicleTemplate/Saved/Config/Windows/Scalability.ini]
[2021.01.06-19.45.07:834][  0]LogConfig: Setting CVar [[r.Streaming.MipBias:0]]
[2021.01.06-19.45.07:834][  0]LogConfig: Setting CVar [[r.Streaming.AmortizeCPUToGPUCopy:0]]
[2021.01.06-19.45.07:834][  0]LogConfig: Setting CVar [[r.Streaming.MaxNumTexturesToStreamPerFrame:0]]
[2021.01.06-19.45.07:834][  0]LogConfig: Setting CVar [[r.Streaming.Boost:1]]
[2021.01.06-19.45.07:834][  0]LogConfig: Setting CVar [[r.MaxAnisotropy:8]]
[2021.01.06-19.45.07:834][  0]LogConfig: Setting CVar [[r.VT.MaxAnisotropy:8]]
[2021.01.06-19.45.07:834][  0]LogConfig: Setting CVar [[r.Streaming.LimitPoolSizeToVRAM:0]]
[2021.01.06-19.45.07:834][  0]LogConfig: Setting CVar [[r.Streaming.PoolSize:1000]]
[2021.01.06-19.45.07:834][  0]LogConfig: Setting CVar [[r.Streaming.MaxEffectiveScreenSize:0]]
[2021.01.06-19.45.07:834][  0]LogConfig: Applying CVar settings from Section [EffectsQuality@3] File [S:/Users/Liamk/Development/Games/Sacrifice/VehicleTemplate/Saved/Config/Windows/Scalability.ini]
[2021.01.06-19.45.07:834][  0]LogConfig: Setting CVar [[r.TranslucencyLightingVolumeDim:64]]
[2021.01.06-19.45.07:834][  0]LogConfig: Setting CVar [[r.RefractionQuality:2]]
[2021.01.06-19.45.07:834][  0]LogConfig: Setting CVar [[r.SSR.Quality:3]]
[2021.01.06-19.45.07:834][  0]LogConfig: Setting CVar [[r.SSR.HalfResSceneColor:0]]
[2021.01.06-19.45.07:834][  0]LogConfig: Setting CVar [[r.SceneColorFormat:4]]
[2021.01.06-19.45.07:834][  0]LogConfig: Setting CVar [[r.DetailMode:2]]
[2021.01.06-19.45.07:834][  0]LogConfig: Setting CVar [[r.TranslucencyVolumeBlur:1]]
[2021.01.06-19.45.07:834][  0]LogConfig: Setting CVar [[r.MaterialQualityLevel:1 ; High quality]]
[2021.01.06-19.45.07:834][  0]LogConfig: Setting CVar [[r.SSS.Scale:1]]
[2021.01.06-19.45.07:834][  0]LogConfig: Setting CVar [[r.SSS.SampleSet:2]]
[2021.01.06-19.45.07:834][  0]LogConfig: Setting CVar [[r.SSS.Quality:1]]
[2021.01.06-19.45.07:834][  0]LogConfig: Setting CVar [[r.SSS.HalfRes:0]]
[2021.01.06-19.45.07:834][  0]LogConfig: Setting CVar [[r.SSGI.Quality:3]]
[2021.01.06-19.45.07:834][  0]LogConfig: Setting CVar [[r.EmitterSpawnRateScale:1.0]]
[2021.01.06-19.45.07:834][  0]LogConfig: Setting CVar [[r.ParticleLightQuality:2]]
[2021.01.06-19.45.07:834][  0]LogConfig: Setting CVar [[r.SkyAtmosphere.AerialPerspectiveLUT.FastApplyOnOpaque:1 ; Always have FastSkyLUT 1 in this case to avoid wrong sky]]
[2021.01.06-19.45.07:834][  0]LogConfig: Setting CVar [[r.SkyAtmosphere.AerialPerspectiveLUT.SampleCountPerSlice:1]]
[2021.01.06-19.45.07:834][  0]LogConfig: Setting CVar [[r.SkyAtmosphere.AerialPerspectiveLUT.DepthResolution:16.0]]
[2021.01.06-19.45.07:834][  0]LogConfig: Setting CVar [[r.SkyAtmosphere.FastSkyLUT:1]]
[2021.01.06-19.45.07:834][  0]LogConfig: Setting CVar [[r.SkyAtmosphere.FastSkyLUT.SampleCountMin:4.0]]
[2021.01.06-19.45.07:834][  0]LogConfig: Setting CVar [[r.SkyAtmosphere.FastSkyLUT.SampleCountMax:32.0]]
[2021.01.06-19.45.07:834][  0]LogConfig: Setting CVar [[r.SkyAtmosphere.SampleCountMin:4.0]]
[2021.01.06-19.45.07:834][  0]LogConfig: Setting CVar [[r.SkyAtmosphere.SampleCountMax:32.0]]
[2021.01.06-19.45.07:834][  0]LogConfig: Setting CVar [[r.SkyAtmosphere.TransmittanceLUT.UseSmallFormat:0]]
[2021.01.06-19.45.07:834][  0]LogConfig: Setting CVar [[r.SkyAtmosphere.TransmittanceLUT.SampleCount:10.0]]
[2021.01.06-19.45.07:834][  0]LogConfig: Setting CVar [[r.SkyAtmosphere.MultiScatteringLUT.SampleCount:15.0]]
[2021.01.06-19.45.07:834][  0]LogConfig: Applying CVar settings from Section [FoliageQuality@3] File [S:/Users/Liamk/Development/Games/Sacrifice/VehicleTemplate/Saved/Config/Windows/Scalability.ini]
[2021.01.06-19.45.07:834][  0]LogConfig: Setting CVar [[foliage.DensityScale:1.0]]
[2021.01.06-19.45.07:834][  0]LogConfig: Setting CVar [[grass.DensityScale:1.0]]
[2021.01.06-19.45.07:834][  0]LogConfig: Applying CVar settings from Section [ShadingQuality@3] File [S:/Users/Liamk/Development/Games/Sacrifice/VehicleTemplate/Saved/Config/Windows/Scalability.ini]
[2021.01.06-19.45.07:834][  0]LogConfig: Setting CVar [[r.HairStrands.SkyLighting.SampleCount:16]]
[2021.01.06-19.45.07:834][  0]LogConfig: Setting CVar [[r.HairStrands.SkyLighting.JitterIntegration:0]]
[2021.01.06-19.45.07:834][  0]LogConfig: Setting CVar [[r.HairStrands.SkyAO.SampleCount:16]]
[2021.01.06-19.45.07:834][  0]LogConfig: Setting CVar [[r.HairStrands.DeepShadow.SuperSampling:0]]
[2021.01.06-19.45.07:834][  0]LogConfig: Setting CVar [[r.HairStrands.VisibilityPPLL:0]]
[2021.01.06-19.45.07:834][  0]LogConfig: Setting CVar [[r.HairStrands.RasterizationScale:0.5]]
[2021.01.06-19.45.07:834][  0]LogConfig: Setting CVar [[r.HairStrands.VelocityRasterizationScale:1]]
[2021.01.06-19.45.07:834][  0]LogConfig: Applying CVar settings from Section [Startup] File [../../../Engine/Config/ConsoleVariables.ini]
[2021.01.06-19.45.07:834][  0]LogConfig: Setting CVar [[net.UseAdaptiveNetUpdateFrequency:0]]
[2021.01.06-19.45.07:834][  0]LogConfig: Setting CVar [[p.chaos.AllowCreatePhysxBodies:1]]
[2021.01.06-19.45.07:834][  0]LogConfig: Setting CVar [[fx.SkipVectorVMBackendOptimizations:1]]
[2021.01.06-19.45.07:834][  0]LogConfig: Applying CVar settings from Section [ConsoleVariables] File [S:/Users/Liamk/Development/Games/Sacrifice/VehicleTemplate/Saved/Config/Windows/Engine.ini]
[2021.01.06-19.45.07:834][  0]LogInit: Computer: AORAKI
[2021.01.06-19.45.07:834][  0]LogInit: User: Liamk
[2021.01.06-19.45.07:834][  0]LogInit: CPU Page size=4096, Cores=6
[2021.01.06-19.45.07:834][  0]LogInit: High frequency timer resolution =10.000000 MHz
[2021.01.06-19.45.07:834][  0]LogMemory: Memory total: Physical=31.9GB (32GB approx)
[2021.01.06-19.45.07:834][  0]LogMemory: Platform Memory Stats for Windows
[2021.01.06-19.45.07:834][  0]LogMemory: Process Physical Memory: 120.21 MB used, 120.22 MB peak
[2021.01.06-19.45.07:834][  0]LogMemory: Process Virtual Memory: 104.70 MB used, 104.70 MB peak
[2021.01.06-19.45.07:834][  0]LogMemory: Physical Memory: 19179.49 MB used,  13514.21 MB free, 32693.70 MB total
[2021.01.06-19.45.07:834][  0]LogMemory: Virtual Memory: 5187.34 MB used,  134212544.00 MB free, 134217728.00 MB total
[2021.01.06-19.45.07:839][  0]LogWindows: WindowsPlatformFeatures enabled
[2021.01.06-19.45.07:880][  0]LogInit: Physics initialised using underlying interface: PhysX
[2021.01.06-19.45.07:881][  0]LogInit: Using OS detected language (fr-FR).
[2021.01.06-19.45.07:881][  0]LogInit: Using OS detected locale (fr-FR).
[2021.01.06-19.45.07:883][  0]LogTextLocalizationManager: No specific localization for 'fr-FR' exists, so the 'fr' localization will be used.
[2021.01.06-19.45.07:883][  0]LogTextLocalizationResource: LocRes '../../../Engine/Content/Localization/Editor/fr/Editor.locres' could not be opened for reading!
[2021.01.06-19.45.07:883][  0]LogTextLocalizationResource: LocRes '../../../Engine/Content/Localization/EditorTutorials/fr/EditorTutorials.locres' could not be opened for reading!
[2021.01.06-19.45.07:883][  0]LogTextLocalizationResource: LocRes '../../../Engine/Content/Localization/Keywords/fr/Keywords.locres' could not be opened for reading!
[2021.01.06-19.45.07:883][  0]LogTextLocalizationResource: LocRes '../../../Engine/Content/Localization/Category/fr/Category.locres' could not be opened for reading!
[2021.01.06-19.45.07:883][  0]LogTextLocalizationResource: LocRes '../../../Engine/Content/Localization/ToolTips/fr/ToolTips.locres' could not be opened for reading!
[2021.01.06-19.45.07:883][  0]LogTextLocalizationResource: LocRes '../../../Engine/Content/Localization/PropertyNames/fr/PropertyNames.locres' could not be opened for reading!
[2021.01.06-19.45.07:883][  0]LogTextLocalizationResource: LocRes '../../../Engine/Content/Localization/Engine/fr/Engine.locres' could not be opened for reading!
[2021.01.06-19.45.07:884][  0]LogInit: Setting process to per monitor DPI aware
[2021.01.06-19.45.07:928][  0]LogSlate: New Slate User Created.  User Index 0, Is Virtual User: 0
[2021.01.06-19.45.07:928][  0]LogSlate: Slate User Registered.  User Index 0, Is Virtual User: 0
[2021.01.06-19.45.08:088][  0]LogD3D11RHI: D3D11 min allowed feature level: 11_0
[2021.01.06-19.45.08:088][  0]LogD3D11RHI: D3D11 max allowed feature level: 11_0
[2021.01.06-19.45.08:088][  0]LogD3D11RHI: D3D11 adapters:
[2021.01.06-19.45.08:156][  0]LogD3D11RHI:    0. 'NVIDIA GeForce RTX 2060' (Feature Level 11_0)
[2021.01.06-19.45.08:156][  0]LogD3D11RHI:       5980/0/16346 MB DedicatedVideo/DedicatedSystem/SharedSystem, Outputs:2, VendorId:0x10de
[2021.01.06-19.45.08:158][  0]LogD3D11RHI:    1. 'Microsoft Basic Render Driver' (Feature Level 11_0)
[2021.01.06-19.45.08:158][  0]LogD3D11RHI:       0/0/16346 MB DedicatedVideo/DedicatedSystem/SharedSystem, Outputs:0, VendorId:0x1414
[2021.01.06-19.45.08:158][  0]LogD3D11RHI: Chosen D3D11 Adapter: 0
[2021.01.06-19.45.08:166][  0]LogD3D11RHI: Creating new Direct3DDevice
[2021.01.06-19.45.08:166][  0]LogD3D11RHI:     GPU DeviceId: 0x1f08 (for the marketing name, search the web for "GPU Device Id")
[2021.01.06-19.45.08:166][  0]LogWindows: EnumDisplayDevices:
[2021.01.06-19.45.08:166][  0]LogWindows:    0. 'NVIDIA GeForce RTX 2060' (P:0 D:1)
[2021.01.06-19.45.08:167][  0]LogWindows:    1. 'NVIDIA GeForce RTX 2060' (P:1 D:1)
[2021.01.06-19.45.08:167][  0]LogWindows:    2. 'NVIDIA GeForce RTX 2060' (P:0 D:0)
[2021.01.06-19.45.08:167][  0]LogWindows:    3. 'NVIDIA GeForce RTX 2060' (P:0 D:0)
[2021.01.06-19.45.08:167][  0]LogWindows: DebugString: FoundDriverCount:4 
[2021.01.06-19.45.08:167][  0]LogD3D11RHI:     Adapter Name: NVIDIA GeForce RTX 2060
[2021.01.06-19.45.08:167][  0]LogD3D11RHI:   Driver Version: 460.89 (internal:27.21.14.6089, unified:460.89)
[2021.01.06-19.45.08:167][  0]LogD3D11RHI:      Driver Date: 12-11-2020
[2021.01.06-19.45.08:167][  0]LogRHI: Texture pool is 4186 MB (70% of 5980 MB)
[2021.01.06-19.45.08:213][  0]LogD3D11RHI: RHI has support for 64 bit atomics
[2021.01.06-19.45.08:214][  0]LogD3D11RHI: Async texture creation enabled
[2021.01.06-19.45.08:214][  0]LogD3D11RHI: Array index from any shader is supported
[2021.01.06-19.45.08:215][  0]LogD3D11RHI: HDR output is supported on display 0 (NvId: 0x80061086).
[2021.01.06-19.45.08:231][  0]LogD3D11RHI: GPU Timing Frequency: 1000.000000 (Debug: 2 1)
[2021.01.06-19.45.08:489][  0]LogTargetPlatformManager: Display: Loaded TargetPlatform 'AllDesktop'
[2021.01.06-19.45.08:504][  0]LogTargetPlatformManager: Display: Loaded TargetPlatform 'Android'
[2021.01.06-19.45.08:504][  0]LogTargetPlatformManager: Display: Loaded TargetPlatform 'Android_ASTC'
[2021.01.06-19.45.08:504][  0]LogTargetPlatformManager: Display: Loaded TargetPlatform 'Android_DXT'
[2021.01.06-19.45.08:504][  0]LogTargetPlatformManager: Display: Loaded TargetPlatform 'Android_ETC2'
[2021.01.06-19.45.08:504][  0]LogTargetPlatformManager: Display: Loaded TargetPlatform 'AndroidClient'
[2021.01.06-19.45.08:504][  0]LogTargetPlatformManager: Display: Loaded TargetPlatform 'Android_ASTCClient'
[2021.01.06-19.45.08:504][  0]LogTargetPlatformManager: Display: Loaded TargetPlatform 'Android_DXTClient'
[2021.01.06-19.45.08:504][  0]LogTargetPlatformManager: Display: Loaded TargetPlatform 'Android_ETC2Client'
[2021.01.06-19.45.08:504][  0]LogTargetPlatformManager: Display: Loaded TargetPlatform 'Android_Multi'
[2021.01.06-19.45.08:504][  0]LogTargetPlatformManager: Display: Loaded TargetPlatform 'Android_MultiClient'
[2021.01.06-19.45.08:522][  0]LogTargetPlatformManager: Display: Loaded TargetPlatform 'IOSClient'
[2021.01.06-19.45.08:522][  0]LogTargetPlatformManager: Display: Loaded TargetPlatform 'IOS'
[2021.01.06-19.45.08:529][  0]LogTargetPlatformManager: Display: Loaded TargetPlatform 'Linux'
[2021.01.06-19.45.08:536][  0]LogTargetPlatformManager: Display: Loaded TargetPlatform 'LinuxNoEditor'
[2021.01.06-19.45.08:543][  0]LogTargetPlatformManager: Display: Loaded TargetPlatform 'LinuxClient'
[2021.01.06-19.45.08:550][  0]LogTargetPlatformManager: Display: Loaded TargetPlatform 'LinuxServer'
[2021.01.06-19.45.08:556][  0]LogTargetPlatformManager: Display: Loaded TargetPlatform 'LinuxAArch64NoEditor'
[2021.01.06-19.45.08:563][  0]LogTargetPlatformManager: Display: Loaded TargetPlatform 'LinuxAArch64Client'
[2021.01.06-19.45.08:570][  0]LogTargetPlatformManager: Display: Loaded TargetPlatform 'LinuxAArch64Server'
[2021.01.06-19.45.08:587][  0]LogTargetPlatformManager: Display: Loaded TargetPlatform 'Lumin'
[2021.01.06-19.45.08:587][  0]LogTargetPlatformManager: Display: Loaded TargetPlatform 'LuminClient'
[2021.01.06-19.45.08:597][  0]LogTargetPlatformManager: Display: Loaded TargetPlatform 'TVOSClient'
[2021.01.06-19.45.08:597][  0]LogTargetPlatformManager: Display: Loaded TargetPlatform 'TVOS'
[2021.01.06-19.45.08:604][  0]LogTargetPlatformManager: Display: Loaded TargetPlatform 'WindowsNoEditor'
[2021.01.06-19.45.08:611][  0]LogTargetPlatformManager: Display: Loaded TargetPlatform 'Windows'
[2021.01.06-19.45.08:617][  0]LogTargetPlatformManager: Display: Loaded TargetPlatform 'WindowsClient'
[2021.01.06-19.45.08:624][  0]LogTargetPlatformManager: Display: Loaded TargetPlatform 'WindowsServer'
[2021.01.06-19.45.08:624][  0]LogTargetPlatformManager: Display: Building Assets For Windows
[2021.01.06-19.45.08:631][  0]LogAudioDebug: Display: Lib vorbis DLL was dynamically loaded.
[2021.01.06-19.45.08:678][  0]LogShaderCompilers: Guid format shader working directory is -13 characters bigger than the processId version (S:/Users/Liamk/Development/Games/Sacrifice/VehicleTemplate/Intermediate/Shaders/WorkingDirectory/12096/).
[2021.01.06-19.45.08:678][  0]LogShaderCompilers: Cleaned the shader compiler working directory 'C:/Users/Liamk/AppData/Local/Temp/UnrealShaderWorkingDir/E99D618C4CAAAF6A2430409E6A2874E8/'.
[2021.01.06-19.45.08:678][  0]LogXGEController: Cleaning working directory: C:/Users/Liamk/AppData/Local/Temp/UnrealXGEWorkingDir/
[2021.01.06-19.45.08:678][  0]LogXGEController: Cannot use XGE Controller as Incredibuild is not installed on this machine.
[2021.01.06-19.45.08:678][  0]LogShaderCompilers: Cannot use XGE Shader Compiler as Incredibuild is not installed on this machine.
[2021.01.06-19.45.08:678][  0]LogShaderCompilers: Display: Using Local Shader Compiler.
[2021.01.06-19.45.09:235][  0]LogDerivedDataCache: Display: Max Cache Size: 512 MB
[2021.01.06-19.45.09:278][  0]LogDerivedDataCache: Loaded boot cache 0.04s 114MB C:/Users/Liamk/AppData/Local/UnrealEngine/4.25/DerivedDataCache/Boot.ddc.
[2021.01.06-19.45.09:278][  0]LogDerivedDataCache: Display: Loaded Boot cache: C:/Users/Liamk/AppData/Local/UnrealEngine/4.25/DerivedDataCache/Boot.ddc
[2021.01.06-19.45.09:278][  0]LogDerivedDataCache: FDerivedDataBackendGraph:  Pak pak cache file S:/Users/Liamk/Development/Games/Sacrifice/VehicleTemplate/DerivedDataCache/DDC.ddp not found, will not use a pak cache.
[2021.01.06-19.45.09:278][  0]LogDerivedDataCache: Unable to find inner node Pak for hierarchical cache Hierarchy.
[2021.01.06-19.45.09:278][  0]LogDerivedDataCache: FDerivedDataBackendGraph:  CompressedPak pak cache file S:/Users/Liamk/Development/Games/Sacrifice/VehicleTemplate/DerivedDataCache/Compressed.ddp not found, will not use a pak cache.
[2021.01.06-19.45.09:278][  0]LogDerivedDataCache: Unable to find inner node CompressedPak for hierarchical cache Hierarchy.
[2021.01.06-19.45.09:287][  0]LogDerivedDataCache: Display: Pak cache opened for reading ../../../Engine/DerivedDataCache/Compressed.ddp.
[2021.01.06-19.45.09:287][  0]LogDerivedDataCache: FDerivedDataBackendGraph:  EnterprisePak pak cache file ../../../Enterprise/DerivedDataCache/Compressed.ddp not found, will not use a pak cache.
[2021.01.06-19.45.09:287][  0]LogDerivedDataCache: Unable to find inner node EnterprisePak for hierarchical cache Hierarchy.
[2021.01.06-19.45.09:288][  0]LogDerivedDataCache: Using Local data cache path C:/Users/Liamk/AppData/Local/UnrealEngine/Common/DerivedDataCache: Writable
[2021.01.06-19.45.09:288][  0]LogDerivedDataCache: Shared data cache path not found in *engine.ini, will not use an Shared cache.
[2021.01.06-19.45.09:288][  0]LogDerivedDataCache: Unable to find inner node Shared for hierarchical cache Hierarchy.
[2021.01.06-19.45.09:330][  0]LogSlate: Using FreeType 2.10.0
[2021.01.06-19.45.09:331][  0]LogSlate: SlateFontServices - WITH_FREETYPE: 1, WITH_HARFBUZZ: 1
[2021.01.06-19.45.09:351][  0]LogAssetRegistry: FAssetRegistry took 0.0025 seconds to start up
[2021.01.06-19.45.09:527][  0]LogInit: Selected Device Profile: [Windows]
[2021.01.06-19.45.09:611][  0]LogMeshReduction: Using QuadricMeshReduction for automatic static mesh reduction
[2021.01.06-19.45.09:611][  0]LogMeshReduction: Using SimplygonMeshReduction for automatic skeletal mesh reduction
[2021.01.06-19.45.09:611][  0]LogMeshReduction: Using ProxyLODMeshReduction for automatic mesh merging
[2021.01.06-19.45.09:611][  0]LogMeshReduction: No distributed automatic mesh merging module available
[2021.01.06-19.45.09:611][  0]LogMeshMerging: No distributed automatic mesh merging module available
[2021.01.06-19.45.09:624][  0]LogNetVersion: VehicleTemplate 1.0.0, NetCL: 13144385, EngineNetVer: 14, GameNetVer: 0 (Checksum: 2213190734)
[2021.01.06-19.45.09:916][  0]LogAISub: UAISubsystem::UAISubsystem AISubsystem (000001E89286B680), frame # 0
[2021.01.06-19.45.09:916][  0]LogAISub: UAISubsystem::UAISubsystem AIPerceptionSystem (000001E8928656C0), frame # 0
[2021.01.06-19.45.09:917][  0]LogAISub: UAISubsystem::UAISubsystem EnvQueryManager (000001E8928C9E00), frame # 0
[2021.01.06-19.45.09:957][  0]LogPackageLocalizationCache: Processed 19 localized package path(s) for 1 prioritized culture(s) in 0.034447 seconds
[2021.01.06-19.45.09:960][  0]LogUObjectArray: 15810 objects as part of root set at end of initial load.
[2021.01.06-19.45.09:960][  0]LogUObjectAllocator: 3938160 out of 0 bytes used by permanent object pool.
[2021.01.06-19.45.09:960][  0]LogUObjectArray: CloseDisregardForGC: 0/0 objects in disregard for GC pool
[2021.01.06-19.45.10:353][  0]LogTcpMessaging: Initializing TcpMessaging bridge
[2021.01.06-19.45.10:357][  0]LogUdpMessaging: Initializing bridge on interface 0.0.0.0:0 to multicast group 230.0.0.1:6666.
[2021.01.06-19.45.10:521][  0]SourceControl: Source control is disabled
[2021.01.06-19.45.10:521][  0]SourceControl: Source control is disabled
[2021.01.06-19.45.10:524][  0]SourceControl: Source control is disabled
[2021.01.06-19.45.10:526][  0]SourceControl: Source control is disabled
[2021.01.06-19.45.10:532][  0]SourceControl: Source control is disabled
[2021.01.06-19.45.10:722][  0]LogAndroidPermission: UAndroidPermissionCallbackProxy::GetInstance
[2021.01.06-19.45.10:738][  0]LogAudioCaptureCore: Display: No Audio Capture implementations found. Audio input will be silent.
[2021.01.06-19.45.10:738][  0]LogAudioCaptureCore: Display: No Audio Capture implementations found. Audio input will be silent.
[2021.01.06-19.45.10:773][  0]LogOcInput: OculusInput pre-init called
[2021.01.06-19.45.10:944][  0]LogEngine: Initializing Engine...
[2021.01.06-19.45.10:947][  0]LogMagicLeap: Warning: VR disabled because ZI is not enabled.  To enable, in the editor, Edit -> Project Settings -> Plugins -> Magic Leap Plugin -> Enable Zero Iteration
[2021.01.06-19.45.10:947][  0]LogStats: UGameplayTagsManager::InitializeManager -  0.000 s
[2021.01.06-19.45.11:037][  0]LogInit: Initializing FReadOnlyCVARCache
[2021.01.06-19.45.11:043][  0]LogAIModule: Creating AISystem for world Untitled
[2021.01.06-19.45.11:043][  0]LogAISub: UAISubsystem::UAISubsystem EnvQueryManager (000001E89DF9BC00), frame # 0
[2021.01.06-19.45.11:043][  0]LogAISub: UAISubsystem::UAISubsystem AIPerceptionSystem (000001E89E014900), frame # 0
[2021.01.06-19.45.11:054][  0]LogAudioMixer: Display: Audio Mixer Platform Settings:
[2021.01.06-19.45.11:054][  0]LogAudioMixer: Display: 	Sample Rate:						  48000
[2021.01.06-19.45.11:054][  0]LogAudioMixer: Display: 	Callback Buffer Frame Size Requested: 1024
[2021.01.06-19.45.11:054][  0]LogAudioMixer: Display: 	Callback Buffer Frame Size To Use:	  1024
[2021.01.06-19.45.11:054][  0]LogAudioMixer: Display: 	Number of buffers to queue:			  2
[2021.01.06-19.45.11:054][  0]LogAudioMixer: Display: 	Max Channels (voices):				  32
[2021.01.06-19.45.11:054][  0]LogAudioMixer: Display: 	Number of Async Source Workers:		  0
[2021.01.06-19.45.11:054][  0]LogAudio: Display: AudioDevice MaxSources: 32
[2021.01.06-19.45.11:054][  0]LogAudio: Display: Using built-in audio occlusion.
[2021.01.06-19.45.11:054][  0]LogAudioMixer: Display: Initializing audio mixer.
[2021.01.06-19.45.11:069][  0]LogAudioMixer: Display: 0: FrontLeft
[2021.01.06-19.45.11:069][  0]LogAudioMixer: Display: 1: FrontRight
[2021.01.06-19.45.11:112][  0]LogAudioMixer: Display: Using Audio Device Speakers (2- Realtek(R) Audio)
[2021.01.06-19.45.11:114][  0]LogAudioMixer: Display: Initializing Sound Submixes...
[2021.01.06-19.45.11:116][  0]LogAudioMixer: Display: Creating Master Submix 'MasterSubmixDefault'
[2021.01.06-19.45.11:116][  0]LogAudioMixer: Display: Creating Master Submix 'MasterReverbSubmixDefault'
[2021.01.06-19.45.11:117][  0]LogAudioMixer: Display: Creating Master Submix 'MasterEQSubmixDefault'
[2021.01.06-19.45.11:118][  0]LogInit: FAudioDevice initialized.
[2021.01.06-19.45.11:118][  0]LogNetVersion: Set ProjectVersion to 1.0.0.0. Version Checksum will be recalculated on next use.
[2021.01.06-19.45.11:166][  0]LogDerivedDataCache: Saved boot cache 0.05s 114MB C:/Users/Liamk/AppData/Local/UnrealEngine/4.25/DerivedDataCache/Boot.ddc.
[2021.01.06-19.45.11:169][  0]LogInit: Texture streaming: Enabled
[2021.01.06-19.45.11:184][  0]LogEngineSessionManager: EngineSessionManager initialized
[2021.01.06-19.45.11:184][  0]LogEngineSessionManager: EngineSessionManager sent abnormal shutdown report. Type=Crashed, SessionId={2BA8C65F-4BED-6D1E-D224-DD837539BBA9}
[2021.01.06-19.45.11:184][  0]LogEditorSessionSummary: Verbose: Initializing EditorSessionSummaryWriter for editor session tracking
[2021.01.06-19.45.11:186][  0]LogEditorSessionSummary: EditorSessionSummaryWriter initialized
[2021.01.06-19.45.11:220][  0]LogInit: Transaction tracking system initialized
[2021.01.06-19.45.11:238][  0]BlueprintLog: New page: Editor Load
[2021.01.06-19.45.11:294][  0]LocalizationService: Localization service is disabled
[2021.01.06-19.45.11:401][  0]LogCook: Display: Max memory allowance for cook 16384mb min free memory 0mb
[2021.01.06-19.45.11:401][  0]LogCook: Display: Mobile HDR setting 1
[2021.01.06-19.45.11:516][  0]LogFileCache: Scanning file cache for directory 'S:/Users/Liamk/Development/Games/Sacrifice/VehicleTemplate/Content/' took 0.01s
[2021.01.06-19.45.11:516][  0]SourceControl: Source control is disabled
[2021.01.06-19.45.11:516][  0]LogUnrealEdMisc: Loading editor; pre map load, took 5.450
[2021.01.06-19.45.11:516][  0]Cmd: MAP LOAD FILE="S:/Users/Liamk/Development/Games/Sacrifice/VehicleTemplate/Content/VehicleCPP/Maps/VehicleExampleMap.umap" TEMPLATE=0 SHOWPROGRESS=1 FEATURELEVEL=3
[2021.01.06-19.45.11:516][  0]LightingResults: New page: Lighting Build
[2021.01.06-19.45.11:517][  0]LogWorld: UWorld::CleanupWorld for Untitled, bSessionEnded=true, bCleanupResources=true
[2021.01.06-19.45.11:517][  0]LogSlate: InvalidateAllWidgets triggered.  All widgets were invalidated
[2021.01.06-19.45.11:517][  0]MapCheck: New page: Map Check
[2021.01.06-19.45.11:517][  0]LightingResults: New page: Lighting Build
[2021.01.06-19.45.11:525][  0]LogAISub: UAISubsystem::~UAISubsystem EnvQueryManager (000001E89DF9BC00), frame # 0
[2021.01.06-19.45.11:525][  0]LogAISub: UAISubsystem::~UAISubsystem AIPerceptionSystem (000001E89E014900), frame # 0
[2021.01.06-19.45.11:526][  0]LogUObjectHash: Compacting FUObjectHashTables data took   0.55ms
[2021.01.06-19.45.11:634][  0]LogAIModule: Creating AISystem for world VehicleExampleMap
[2021.01.06-19.45.11:634][  0]LogAISub: UAISubsystem::UAISubsystem EnvQueryManager (000001E881033000), frame # 0
[2021.01.06-19.45.11:634][  0]LogAISub: UAISubsystem::UAISubsystem AIPerceptionSystem (000001E881002200), frame # 0
[2021.01.06-19.45.11:638][  0]LogEditorServer: Finished looking for orphan Actors (0.000 secs)
[2021.01.06-19.45.11:652][  0]LogUObjectHash: Compacting FUObjectHashTables data took   0.67ms
[2021.01.06-19.45.11:652][  0]Cmd: MAP CHECKDEP NOCLEARLOG
[2021.01.06-19.45.11:652][  0]MapCheck: Map check complete: 0 Error(s), 0 Warning(s), took 0,06ms to complete.
[2021.01.06-19.45.11:652][  0]LogFileHelpers: Loading map 'VehicleExampleMap' took 0.136
[2021.01.06-19.45.11:653][  0]LogUnrealEdMisc: Total Editor Startup Time, took 5.588
[2021.01.06-19.45.12:026][  0]LogSlate: Updating window title bar state: overlay mode, drag disabled, window buttons hidden, title bar hidden
[2021.01.06-19.45.12:030][  0]LogSlate: Updating window title bar state: overlay mode, drag disabled, window buttons hidden, title bar hidden
[2021.01.06-19.45.12:034][  0]LogSlate: Updating window title bar state: overlay mode, drag disabled, window buttons hidden, title bar hidden
[2021.01.06-19.45.12:038][  0]LogSlate: Updating window title bar state: overlay mode, drag disabled, window buttons hidden, title bar hidden
[2021.01.06-19.45.12:044][  0]LogCollectionManager: Loaded 0 collections in 0.000676 seconds
[2021.01.06-19.45.12:056][  0]LogFileCache: Scanning file cache for directory 'S:/Users/Liamk/Development/Games/Sacrifice/VehicleTemplate/Saved/Collections/' took 0.00s
[2021.01.06-19.45.12:056][  0]LogFileCache: Scanning file cache for directory 'S:/Users/Liamk/Development/Games/Sacrifice/VehicleTemplate/Content/Developers/Liamk/Collections/' took 0.00s
[2021.01.06-19.45.12:056][  0]LogFileCache: Scanning file cache for directory 'S:/Users/Liamk/Development/Games/Sacrifice/VehicleTemplate/Content/Collections/' took 0.00s
[2021.01.06-19.45.12:056][  0]LogContentBrowser: Native class hierarchy populated in 0.0074 seconds. Added 3463 classes and 828 folders.
[2021.01.06-19.45.12:057][  0]LogContentBrowser: Native class hierarchy updated for 'WidgetCarousel' in 0.0003 seconds. Added 0 classes and 0 folders.
[2021.01.06-19.45.12:114][  0]LogContentBrowser: Native class hierarchy updated for 'AddContentDialog' in 0.0003 seconds. Added 0 classes and 0 folders.
[2021.01.06-19.45.12:117][  0]LogContentBrowser: Native class hierarchy updated for 'SceneOutliner' in 0.0003 seconds. Added 2 classes and 0 folders.
[2021.01.06-19.45.12:193][  0]LogSlate: Took 0.000162 seconds to synchronously load lazily loaded font '../../../Engine/Content/Slate/Fonts/Roboto-Regular.ttf' (155K)
[2021.01.06-19.45.12:195][  0]LogSlate: Took 0.000148 seconds to synchronously load lazily loaded font '../../../Engine/Content/Slate/Fonts/Roboto-Bold.ttf' (160K)
[2021.01.06-19.45.12:198][  0]LogSlate: Took 0.000158 seconds to synchronously load lazily loaded font '../../../Engine/Content/Editor/Slate/Fonts/FontAwesome.ttf' (139K)
[2021.01.06-19.45.12:241][  0]LogRenderer: Reallocating scene render targets to support 1616x824 Format 10 NumSamples 1 (Frame:1).
[2021.01.06-19.45.12:313][  0]LogContentBrowser: Native class hierarchy updated for 'HierarchicalLODOutliner' in 0.0004 seconds. Added 0 classes and 0 folders.
[2021.01.06-19.45.12:313][  0]LogLoad: (Engine Initialization) Total time: 6.25 seconds
[2021.01.06-19.45.12:313][  0]LogLoad: (Engine Initialization) Total Blueprint compile time: 0.00 seconds
[2021.01.06-19.45.12:324][  0]LogRawInputWindows: Warning: Found device 20 devices
[2021.01.06-19.45.12:324][  0]LogRawInputWindows: Warning: Found device 20 devices
[2021.01.06-19.45.12:324][  0]LogRawInputWindows: Warning: Device was registered succesfully but not connected (Usage:4 UsagePage:1)
[2021.01.06-19.45.12:325][  0]LogRawInputWindows: Warning: Found device 20 devices
[2021.01.06-19.45.12:325][  0]LogRawInputWindows: Warning: Device was registered succesfully but not connected (Usage:5 UsagePage:1)
[2021.01.06-19.45.12:359][  0]LogAssetRegistry: Asset discovery search completed in 3.0101 seconds
[2021.01.06-19.45.12:362][  0]LogCollectionManager: Fixed up redirectors for 0 collections in 0.000002 seconds (updated 0 objects)
[2021.01.06-19.45.12:363][  0]LogContentStreaming: Texture pool size now 1000 MB
[2021.01.06-19.45.13:342][107]LogSlate: Took 0.000207 seconds to synchronously load lazily loaded font '../../../Engine/Content/Slate/Fonts/Roboto-Light.ttf' (167K)
[2021.01.06-19.45.17:406][484]LogSlate: Took 0.001043 seconds to synchronously load lazily loaded font '../../../Engine/Content/Slate/Fonts/DroidSansFallback.ttf' (3848K)
[2021.01.06-19.45.18:337][566]LogAssetEditorSubsystem: Opening Asset editor for WidgetBlueprint /Game/Blueprints/Widgets/WBP_Feed.WBP_Feed
[2021.01.06-19.45.18:443][566]LogContentBrowser: Native class hierarchy updated for 'BlueprintGraph' in 0.0006 seconds. Added 125 classes and 0 folders.
[2021.01.06-19.45.19:215][566]LogSlate: Took 0.000186 seconds to synchronously load lazily loaded font '../../../Engine/Content/Slate/Fonts/Roboto-BoldCondensed.ttf' (158K)
[2021.01.06-19.45.21:458][782]LogSlate: Took 0.000175 seconds to synchronously load lazily loaded font '../../../Engine/Content/Slate/Fonts/Roboto-Italic.ttf' (157K)
[2021.01.06-19.45.27:288][415]BlueprintLog: New page: Compile WBP_Feed
[2021.01.06-19.45.27:340][415]LogUObjectHash: Compacting FUObjectHashTables data took   2.58ms
[2021.01.06-19.45.27:436][415]LogSlate: Took 0.000167 seconds to synchronously load lazily loaded font '../../../Engine/Content/Slate/Fonts/DroidSansMono.ttf' (77K)
[2021.01.06-19.45.27:720][442]Cmd: OBJ SAVEPACKAGE PACKAGE="/Game/Blueprints/Widgets/WBP_Feed" FILE="S:/Users/Liamk/Development/Games/Sacrifice/VehicleTemplate/Content/Blueprints/Widgets/WBP_Feed.uasset" SILENT=true
[2021.01.06-19.45.27:728][442]LogSavePackage: Moving 'S:/Users/Liamk/Development/Games/Sacrifice/VehicleTemplate/Saved/WBP_FeedEDE8723D4202BA373D731DA5D979E188.tmp' to 'S:/Users/Liamk/Development/Games/Sacrifice/VehicleTemplate/Content/Blueprints/Widgets/WBP_Feed.uasset'
[2021.01.06-19.45.27:844][442]AssetCheck: New page: Asset Save: WBP_Feed
[2021.01.06-19.45.27:844][442]LogContentValidation: Display: Validating WidgetBlueprint /Game/Blueprints/Widgets/WBP_Feed.WBP_Feed
[2021.01.06-19.45.28:874][534]LogTemp: Repeating last play command: Selected Viewport
[2021.01.06-19.45.28:883][534]LogPlayLevel: PlayLevel: No blueprints needed recompiling
[2021.01.06-19.45.28:883][534]PIE: New page: PIE session: VehicleExampleMap (6 janv. 2021 à 19:45:28)
[2021.01.06-19.45.28:884][534]LogOnline: OSS: Creating online subsystem instance for: NULL
[2021.01.06-19.45.28:885][534]LogOnline: OSS: TryLoadSubsystemAndSetDefault: Loaded subsystem for module [NULL]
[2021.01.06-19.45.28:885][534]LogPlayLevel: Creating play world package: /Game/VehicleCPP/Maps/UEDPIE_0_VehicleExampleMap
[2021.01.06-19.45.28:903][534]LogPlayLevel: PIE: StaticDuplicateObject took: (0.017870s)
[2021.01.06-19.45.28:904][534]LogAIModule: Creating AISystem for world VehicleExampleMap
[2021.01.06-19.45.28:904][534]LogAISub: UAISubsystem::UAISubsystem EnvQueryManager (000001E8AB20A400), frame # 1534
[2021.01.06-19.45.28:904][534]LogAISub: UAISubsystem::UAISubsystem AIPerceptionSystem (000001E8ACA29D00), frame # 1534
[2021.01.06-19.45.28:904][534]LogPlayLevel: PIE: World Init took: (0.000882s)
[2021.01.06-19.45.28:904][534]LogPlayLevel: PIE: Created PIE world by copying editor world from /Game/VehicleCPP/Maps/VehicleExampleMap.VehicleExampleMap to /Game/VehicleCPP/Maps/UEDPIE_0_VehicleExampleMap.VehicleExampleMap (0.018865s)
[2021.01.06-19.45.28:923][534]LogUObjectHash: Compacting FUObjectHashTables data took   2.46ms
[2021.01.06-19.45.28:924][534]LogAudioMixer: Display: Audio Mixer Platform Settings:
[2021.01.06-19.45.28:924][534]LogAudioMixer: Display: 	Sample Rate:						  48000
[2021.01.06-19.45.28:924][534]LogAudioMixer: Display: 	Callback Buffer Frame Size Requested: 1024
[2021.01.06-19.45.28:924][534]LogAudioMixer: Display: 	Callback Buffer Frame Size To Use:	  1024
[2021.01.06-19.45.28:924][534]LogAudioMixer: Display: 	Number of buffers to queue:			  2
[2021.01.06-19.45.28:924][534]LogAudioMixer: Display: 	Max Channels (voices):				  32
[2021.01.06-19.45.28:924][534]LogAudioMixer: Display: 	Number of Async Source Workers:		  0
[2021.01.06-19.45.28:924][534]LogAudio: Display: AudioDevice MaxSources: 32
[2021.01.06-19.45.28:924][534]LogAudio: Display: Using built-in audio occlusion.
[2021.01.06-19.45.28:924][534]LogAudioMixer: Display: Initializing audio mixer.
[2021.01.06-19.45.28:929][534]LogAudioMixer: Display: 0: FrontLeft
[2021.01.06-19.45.28:929][534]LogAudioMixer: Display: 1: FrontRight
[2021.01.06-19.45.28:958][534]LogAudioMixer: Display: Using Audio Device Speakers (2- Realtek(R) Audio)
[2021.01.06-19.45.28:958][534]LogAudioMixer: Display: Initializing Sound Submixes...
[2021.01.06-19.45.28:958][534]LogAudioMixer: Display: Creating Master Submix 'MasterSubmixDefault'
[2021.01.06-19.45.28:958][534]LogAudioMixer: Display: Creating Master Submix 'MasterReverbSubmixDefault'
[2021.01.06-19.45.28:959][534]LogAudioMixer: Display: Creating Master Submix 'MasterEQSubmixDefault'
[2021.01.06-19.45.28:968][534]LogInit: FAudioDevice initialized.
[2021.01.06-19.45.28:977][534]LogLoad: Game class is 'BP_SacrificeGameMode_C'
[2021.01.06-19.45.28:979][534]LogWorld: Bringing World /Game/VehicleCPP/Maps/UEDPIE_0_VehicleExampleMap.VehicleExampleMap up for play (max tick rate 0) at 2021.01.06-19.45.28
[2021.01.06-19.45.28:980][534]LogTemp: Warning: Possessed
[2021.01.06-19.45.28:980][534]LogWorld: Bringing up level for play took: 0.001680
[2021.01.06-19.45.28:980][534]LogOnline: OSS: Creating online subsystem instance for: :Context_4
[2021.01.06-19.45.28:981][534]LogTemp: Warning: PlayerStarts Count: 12
[2021.01.06-19.45.28:983][534]LogContentBrowser: Native class hierarchy updated for 'MovieSceneCapture' in 0.0004 seconds. Added 20 classes and 0 folders.
[2021.01.06-19.45.28:983][534]LogNet: ReplicationDriverClass is null! Not using ReplicationDriver.
[2021.01.06-19.45.28:983][534]LogNetCore: DDoS detection status: detection enabled: 0 analytics enabled: 0
[2021.01.06-19.45.28:983][534]LogInit: WinSock: Socket queue. Rx: 131072 (config 131072) Tx: 131072 (config 131072)
[2021.01.06-19.45.28:983][534]LogNet: Created socket for bind address: 0.0.0.0 on port 17777
[2021.01.06-19.45.28:983][534]PacketHandlerLog: Loaded PacketHandler component: Engine.EngineHandlerComponentFactory (StatelessConnectHandlerComponent)
[2021.01.06-19.45.28:983][534]LogNet: GameNetDriver IpNetDriver_0 IpNetDriver listening on port 17777
[2021.01.06-19.45.28:983][534]LogGameMode: Display: Match State Changed from EnteringMap to WaitingToStart
[2021.01.06-19.45.28:983][534]LogGameState: Match State Changed from EnteringMap to WaitingToStart
[2021.01.06-19.45.28:983][534]LogGameMode: Display: Match State Changed from WaitingToStart to InProgress
[2021.01.06-19.45.28:983][534]LogTemp: Warning: FindPlayerStart for BP_SacrificePlayerController_C_0: 0
[2021.01.06-19.45.28:984][534]LogTemp: Warning: PlayerStarts Count: 12
[2021.01.06-19.45.28:985][534]LogTemp: Retrieved PlayerState for BP_VehicleTemplatePawn_C_0
[2021.01.06-19.45.28:985][534]LogGameState: Match State Changed from WaitingToStart to InProgress
[2021.01.06-19.45.28:985][534]PIE: Server logged in
[2021.01.06-19.45.28:986][534]PIE: Play in editor total start time 0,104 seconds.
[2021.01.06-19.45.28:986][534]LogAudioMixer: Display: Audio Mixer Platform Settings:
[2021.01.06-19.45.28:986][534]LogAudioMixer: Display: 	Sample Rate:						  48000
[2021.01.06-19.45.28:986][534]LogAudioMixer: Display: 	Callback Buffer Frame Size Requested: 1024
[2021.01.06-19.45.28:986][534]LogAudioMixer: Display: 	Callback Buffer Frame Size To Use:	  1024
[2021.01.06-19.45.28:986][534]LogAudioMixer: Display: 	Number of buffers to queue:			  2
[2021.01.06-19.45.28:986][534]LogAudioMixer: Display: 	Max Channels (voices):				  32
[2021.01.06-19.45.28:986][534]LogAudioMixer: Display: 	Number of Async Source Workers:		  0
[2021.01.06-19.45.28:986][534]LogAudio: Display: AudioDevice MaxSources: 32
[2021.01.06-19.45.28:987][534]LogAudio: Display: Using built-in audio occlusion.
[2021.01.06-19.45.28:987][534]LogAudioMixer: Display: Initializing audio mixer.
[2021.01.06-19.45.28:992][534]LogAudioMixer: Display: 0: FrontLeft
[2021.01.06-19.45.28:992][534]LogAudioMixer: Display: 1: FrontRight
[2021.01.06-19.45.29:018][534]LogAudioMixer: Display: Using Audio Device Speakers (2- Realtek(R) Audio)
[2021.01.06-19.45.29:018][534]LogAudioMixer: Display: Initializing Sound Submixes...
[2021.01.06-19.45.29:018][534]LogAudioMixer: Display: Creating Master Submix 'MasterSubmixDefault'
[2021.01.06-19.45.29:018][534]LogAudioMixer: Display: Creating Master Submix 'MasterReverbSubmixDefault'
[2021.01.06-19.45.29:018][534]LogAudioMixer: Display: Creating Master Submix 'MasterEQSubmixDefault'
[2021.01.06-19.45.29:028][534]LogInit: FAudioDevice initialized.
[2021.01.06-19.45.29:060][534]LogSlate: Updating window title bar state: overlay mode, drag disabled, window buttons hidden, title bar hidden
[2021.01.06-19.45.29:061][534]LogNet: Browse: 127.0.0.1:17777/Game/VehicleCPP/Maps/VehicleExampleMap
[2021.01.06-19.45.29:061][534]LogInit: WinSock: Socket queue. Rx: 32768 (config 32768) Tx: 32768 (config 32768)
[2021.01.06-19.45.29:061][534]LogNet: Created socket for bind address: 0.0.0.0 on port 0
[2021.01.06-19.45.29:061][534]PacketHandlerLog: Loaded PacketHandler component: Engine.EngineHandlerComponentFactory (StatelessConnectHandlerComponent)
[2021.01.06-19.45.29:061][534]LogNet: Game client on port 17777, rate 10000
[2021.01.06-19.45.29:062][534]PIE: Client logged in
[2021.01.06-19.45.29:063][534]PIE: Play in editor total start time 0,181 seconds.
[2021.01.06-19.45.29:064][534]LogAudioMixer: Display: Audio Mixer Platform Settings:
[2021.01.06-19.45.29:064][534]LogAudioMixer: Display: 	Sample Rate:						  48000
[2021.01.06-19.45.29:064][534]LogAudioMixer: Display: 	Callback Buffer Frame Size Requested: 1024
[2021.01.06-19.45.29:064][534]LogAudioMixer: Display: 	Callback Buffer Frame Size To Use:	  1024
[2021.01.06-19.45.29:064][534]LogAudioMixer: Display: 	Number of buffers to queue:			  2
[2021.01.06-19.45.29:064][534]LogAudioMixer: Display: 	Max Channels (voices):				  32
[2021.01.06-19.45.29:064][534]LogAudioMixer: Display: 	Number of Async Source Workers:		  0
[2021.01.06-19.45.29:064][534]LogAudio: Display: AudioDevice MaxSources: 32
[2021.01.06-19.45.29:065][534]LogAudio: Display: Using built-in audio occlusion.
[2021.01.06-19.45.29:065][534]LogAudioMixer: Display: Initializing audio mixer.
[2021.01.06-19.45.29:069][534]LogAudioMixer: Display: 0: FrontLeft
[2021.01.06-19.45.29:069][534]LogAudioMixer: Display: 1: FrontRight
[2021.01.06-19.45.29:096][534]LogAudioMixer: Display: Using Audio Device Speakers (2- Realtek(R) Audio)
[2021.01.06-19.45.29:096][534]LogAudioMixer: Display: Initializing Sound Submixes...
[2021.01.06-19.45.29:096][534]LogAudioMixer: Display: Creating Master Submix 'MasterSubmixDefault'
[2021.01.06-19.45.29:096][534]LogAudioMixer: Display: Creating Master Submix 'MasterReverbSubmixDefault'
[2021.01.06-19.45.29:096][534]LogAudioMixer: Display: Creating Master Submix 'MasterEQSubmixDefault'
[2021.01.06-19.45.29:106][534]LogInit: FAudioDevice initialized.
[2021.01.06-19.45.29:137][534]LogSlate: Updating window title bar state: overlay mode, drag disabled, window buttons hidden, title bar hidden
[2021.01.06-19.45.29:138][534]LogNet: Browse: 127.0.0.1:17777/Game/VehicleCPP/Maps/VehicleExampleMap
[2021.01.06-19.45.29:138][534]LogInit: WinSock: Socket queue. Rx: 32768 (config 32768) Tx: 32768 (config 32768)
[2021.01.06-19.45.29:138][534]LogNet: Created socket for bind address: 0.0.0.0 on port 0
[2021.01.06-19.45.29:138][534]PacketHandlerLog: Loaded PacketHandler component: Engine.EngineHandlerComponentFactory (StatelessConnectHandlerComponent)
[2021.01.06-19.45.29:138][534]LogNet: Game client on port 17777, rate 10000
[2021.01.06-19.45.29:139][534]PIE: Client logged in
[2021.01.06-19.45.29:140][534]PIE: Play in editor total start time 0,258 seconds.
[2021.01.06-19.45.30:080][611]LogNet: NotifyAcceptingConnection accepted from: 127.0.0.1:52518
[2021.01.06-19.45.30:080][611]LogHandshake: SendConnectChallenge. Timestamp: 1.214650, Cookie: 145141055034051112082184037117015218105191242079035043086111
[2021.01.06-19.45.30:081][611]LogHandshake: SendChallengeResponse. Timestamp: 1.214650, Cookie: 145141055034051112082184037117015218105191242079035043086111
[2021.01.06-19.45.30:089][612]LogNet: NotifyAcceptingConnection accepted from: 127.0.0.1:52518
[2021.01.06-19.45.30:089][612]LogHandshake: SendChallengeAck. InCookie: 145141055034051112082184037117015218105191242079035043086111
[2021.01.06-19.45.30:089][612]LogNet: Server accepting post-challenge connection from: 127.0.0.1:52518
[2021.01.06-19.45.30:089][612]PacketHandlerLog: Loaded PacketHandler component: Engine.EngineHandlerComponentFactory (StatelessConnectHandlerComponent)
[2021.01.06-19.45.30:089][612]LogNet: NotifyAcceptedConnection: Name: VehicleExampleMap, TimeStamp: 01/06/21 19:45:30, [UNetConnection] RemoteAddr: 127.0.0.1:52518, Name: IpConnection_2, Driver: GameNetDriver IpNetDriver_0, IsServer: YES, PC: NULL, Owner: NULL, UniqueId: INVALID
[2021.01.06-19.45.30:089][612]LogNet: AddClientConnection: Added client connection: [UNetConnection] RemoteAddr: 127.0.0.1:52518, Name: IpConnection_2, Driver: GameNetDriver IpNetDriver_0, IsServer: YES, PC: NULL, Owner: NULL, UniqueId: INVALID
[2021.01.06-19.45.30:090][612]LogNetVersion: VehicleTemplate 1.0.0.0, NetCL: 13144385, EngineNetVer: 14, GameNetVer: 0 (Checksum: 1153625170)
[2021.01.06-19.45.30:090][612]LogNet: UPendingNetGame::SendInitialJoin: Sending hello. [UNetConnection] RemoteAddr: 127.0.0.1:17777, Name: IpConnection_0, Driver: PendingNetDriver IpNetDriver_1, IsServer: NO, PC: NULL, Owner: NULL, UniqueId: INVALID
[2021.01.06-19.45.30:097][613]LogNet: NotifyAcceptingChannel Control 0 server World /Game/VehicleCPP/Maps/UEDPIE_0_VehicleExampleMap.VehicleExampleMap: Accepted
[2021.01.06-19.45.30:097][613]LogNet: Remote platform little endian=1
[2021.01.06-19.45.30:097][613]LogNet: This platform little endian=1
[2021.01.06-19.45.30:098][613]LogOnline: OSS: Creating online subsystem instance for: :Context_5
[2021.01.06-19.45.30:105][614]LogNet: Login request: ?Name=AORAKI-A0D553754164129F26A332B439E7BDA9 userId: NULL:AORAKI-A0D553754164129F26A332B439E7BDA9 platform: NULL
[2021.01.06-19.45.30:106][614]LogNet: Welcomed by server (Level: /Game/VehicleCPP/Maps/UEDPIE_0_VehicleExampleMap, Game: /Game/Blueprints/GameModes/BP_SacrificeGameMode.BP_SacrificeGameMode_C)
[2021.01.06-19.45.30:106][614]LogLoad: LoadMap: 127.0.0.1:17777/Game/VehicleCPP/Maps/UEDPIE_0_VehicleExampleMap?game=/Game/Blueprints/GameModes/BP_SacrificeGameMode.BP_SacrificeGameMode_C
[2021.01.06-19.45.30:106][614]LogWorld: BeginTearingDown for /Temp/Untitled_1
[2021.01.06-19.45.30:106][614]LogWorld: UWorld::CleanupWorld for Untitled, bSessionEnded=true, bCleanupResources=true
[2021.01.06-19.45.30:106][614]LogSlate: InvalidateAllWidgets triggered.  All widgets were invalidated
[2021.01.06-19.45.30:157][614]LogUObjectHash: Compacting FUObjectHashTables data took   2.35ms
[2021.01.06-19.45.30:175][614]LogAIModule: Creating AISystem for world VehicleExampleMap
[2021.01.06-19.45.30:175][614]LogAISub: UAISubsystem::UAISubsystem EnvQueryManager (000001E8BEBD9C00), frame # 1614
[2021.01.06-19.45.30:175][614]LogAISub: UAISubsystem::UAISubsystem AIPerceptionSystem (000001E923D26700), frame # 1614
[2021.01.06-19.45.30:178][614]LogWorld: Bringing World /Game/VehicleCPP/Maps/UEDPIE_1_VehicleExampleMap.VehicleExampleMap up for play (max tick rate 0) at 2021.01.06-19.45.30
[2021.01.06-19.45.30:178][614]LogWorld: Bringing up level for play took: 0.001057
[2021.01.06-19.45.30:178][614]LogLoad: Took 0.072472 seconds to LoadMap(/Game/VehicleCPP/Maps/UEDPIE_0_VehicleExampleMap)
[2021.01.06-19.45.30:184][615]LogNet: Client netspeed is 10000
[2021.01.06-19.45.30:184][615]LogNet: Join request: /Game/VehicleCPP/Maps/VehicleExampleMap?Name=AORAKI-A0D553754164129F26A332B439E7BDA9?SplitscreenCount=1
[2021.01.06-19.45.30:184][615]LogOnlineSession: Warning: OSS: No game present to join for session (GameSession)
[2021.01.06-19.45.30:185][615]LogTemp: Warning: FindPlayerStart for BP_SacrificePlayerController_C_1: 1
[2021.01.06-19.45.30:186][615]LogNet: Join succeeded: AORAKI-A0D5537541641
[2021.01.06-19.45.30:186][615]LogNet: NotifyAcceptingConnection accepted from: 127.0.0.1:52519
[2021.01.06-19.45.30:186][615]LogHandshake: SendConnectChallenge. Timestamp: 1.317814, Cookie: 213078110220070004095105175226164174193244248081234128009149
[2021.01.06-19.45.30:186][615]LogTemp: Retrieved PlayerState for BP_VehicleTemplatePawn_C_1
[2021.01.06-19.45.30:188][615]LogHandshake: SendChallengeResponse. Timestamp: 1.317814, Cookie: 213078110220070004095105175226164174193244248081234128009149
[2021.01.06-19.45.30:211][616]LogNet: NotifyAcceptingConnection accepted from: 127.0.0.1:52519
[2021.01.06-19.45.30:211][616]LogHandshake: SendChallengeAck. InCookie: 213078110220070004095105175226164174193244248081234128009149
[2021.01.06-19.45.30:211][616]LogNet: Server accepting post-challenge connection from: 127.0.0.1:52519
[2021.01.06-19.45.30:212][616]PacketHandlerLog: Loaded PacketHandler component: Engine.EngineHandlerComponentFactory (StatelessConnectHandlerComponent)
[2021.01.06-19.45.30:212][616]LogNet: NotifyAcceptedConnection: Name: VehicleExampleMap, TimeStamp: 01/06/21 19:45:30, [UNetConnection] RemoteAddr: 127.0.0.1:52519, Name: IpConnection_3, Driver: GameNetDriver IpNetDriver_0, IsServer: YES, PC: NULL, Owner: NULL, UniqueId: INVALID
[2021.01.06-19.45.30:212][616]LogNet: AddClientConnection: Added client connection: [UNetConnection] RemoteAddr: 127.0.0.1:52519, Name: IpConnection_3, Driver: GameNetDriver IpNetDriver_0, IsServer: YES, PC: NULL, Owner: NULL, UniqueId: INVALID
[2021.01.06-19.45.30:213][616]LogNet: UPendingNetGame::SendInitialJoin: Sending hello. [UNetConnection] RemoteAddr: 127.0.0.1:17777, Name: IpConnection_1, Driver: PendingNetDriver IpNetDriver_2, IsServer: NO, PC: NULL, Owner: NULL, UniqueId: INVALID
[2021.01.06-19.45.30:219][617]LogNet: NotifyAcceptingChannel Control 0 server World /Game/VehicleCPP/Maps/UEDPIE_0_VehicleExampleMap.VehicleExampleMap: Accepted
[2021.01.06-19.45.30:219][617]LogNet: Remote platform little endian=1
[2021.01.06-19.45.30:219][617]LogNet: This platform little endian=1
[2021.01.06-19.45.30:220][617]LogOnline: OSS: Creating online subsystem instance for: :Context_6
[2021.01.06-19.45.30:228][618]LogNet: Login request: ?Name=AORAKI-9D1155134AA359C5D4E693BD80D5F594 userId: NULL:AORAKI-9D1155134AA359C5D4E693BD80D5F594 platform: NULL
[2021.01.06-19.45.30:229][618]LogNet: Welcomed by server (Level: /Game/VehicleCPP/Maps/UEDPIE_0_VehicleExampleMap, Game: /Game/Blueprints/GameModes/BP_SacrificeGameMode.BP_SacrificeGameMode_C)
[2021.01.06-19.45.30:229][618]LogLoad: LoadMap: 127.0.0.1:17777/Game/VehicleCPP/Maps/UEDPIE_0_VehicleExampleMap?game=/Game/Blueprints/GameModes/BP_SacrificeGameMode.BP_SacrificeGameMode_C
[2021.01.06-19.45.30:229][618]LogWorld: BeginTearingDown for /Temp/Untitled_2
[2021.01.06-19.45.30:229][618]LogWorld: UWorld::CleanupWorld for Untitled, bSessionEnded=true, bCleanupResources=true
[2021.01.06-19.45.30:229][618]LogSlate: InvalidateAllWidgets triggered.  All widgets were invalidated
[2021.01.06-19.45.30:261][618]LogUObjectHash: Compacting FUObjectHashTables data took   1.98ms
[2021.01.06-19.45.30:279][618]LogAIModule: Creating AISystem for world VehicleExampleMap
[2021.01.06-19.45.30:279][618]LogAISub: UAISubsystem::UAISubsystem EnvQueryManager (000001E9247E4A00), frame # 1618
[2021.01.06-19.45.30:279][618]LogAISub: UAISubsystem::UAISubsystem AIPerceptionSystem (000001E92229C7C0), frame # 1618
[2021.01.06-19.45.30:281][618]LogWorld: Bringing World /Game/VehicleCPP/Maps/UEDPIE_2_VehicleExampleMap.VehicleExampleMap up for play (max tick rate 0) at 2021.01.06-19.45.30
[2021.01.06-19.45.30:282][618]LogWorld: Bringing up level for play took: 0.001313
[2021.01.06-19.45.30:282][618]LogLoad: Took 0.052982 seconds to LoadMap(/Game/VehicleCPP/Maps/UEDPIE_0_VehicleExampleMap)
[2021.01.06-19.45.30:294][619]LogNet: Client netspeed is 10000
[2021.01.06-19.45.30:295][619]LogNet: Join request: /Game/VehicleCPP/Maps/VehicleExampleMap?Name=AORAKI-9D1155134AA359C5D4E693BD80D5F594?SplitscreenCount=1
[2021.01.06-19.45.30:295][619]LogOnlineSession: Warning: OSS: No game present to join for session (GameSession)
[2021.01.06-19.45.30:295][619]LogTemp: Warning: FindPlayerStart for BP_SacrificePlayerController_C_2: 2
[2021.01.06-19.45.30:296][619]LogNet: Join succeeded: AORAKI-9D1155134AA35
[2021.01.06-19.45.30:296][619]LogTemp: Retrieved PlayerState for BP_VehicleTemplatePawn_C_2
[2021.01.06-19.45.30:497][642]LogOnlineSession: Warning: OSS: No game present to join for session (GameSession)
[2021.01.06-19.45.30:505][643]LogTemp: Retrieved PlayerState for BP_VehicleTemplatePawn_C_2
[2021.01.06-19.45.31:228][729]LogOnlineSession: Warning: OSS: No game present to join for session (GameSession)
[2021.01.06-19.45.31:236][730]LogTemp: Retrieved PlayerState for BP_VehicleTemplatePawn_C_0
[2021.01.06-19.45.31:261][733]LogOnlineSession: Warning: OSS: No game present to join for session (GameSession)
[2021.01.06-19.45.31:270][734]LogTemp: Retrieved PlayerState for BP_VehicleTemplatePawn_C_1
[2021.01.06-19.45.31:287][736]LogOnlineSession: Warning: OSS: No game present to join for session (GameSession)
[2021.01.06-19.45.31:295][737]LogTemp: Retrieved PlayerState for BP_VehicleTemplatePawn_C_1
[2021.01.06-19.45.32:237][850]LogOnlineSession: Warning: OSS: No game present to join for session (GameSession)
[2021.01.06-19.45.32:246][851]LogTemp: Retrieved PlayerState for BP_VehicleTemplatePawn_C_2
[2021.01.06-19.45.33:320][980]LogOnlineSession: Warning: OSS: No game present to join for session (GameSession)
[2021.01.06-19.45.33:329][981]LogTemp: Retrieved PlayerState for BP_VehicleTemplatePawn_C_0
[2021.01.06-19.45.35:552][236]LogSlate: Updating window title bar state: overlay mode, drag disabled, window buttons hidden, title bar hidden
[2021.01.06-19.45.35:552][236]LogWorld: BeginTearingDown for /Game/VehicleCPP/Maps/UEDPIE_2_VehicleExampleMap
[2021.01.06-19.45.35:552][236]LogSlate: Window 'VehicleTemplate Preview [NetMode: Client 3] (64-bit/Windows) ' being destroyed
[2021.01.06-19.45.35:557][236]LogWorld: UWorld::CleanupWorld for VehicleExampleMap, bSessionEnded=true, bCleanupResources=true
[2021.01.06-19.45.35:557][236]LogSlate: InvalidateAllWidgets triggered.  All widgets were invalidated
[2021.01.06-19.45.35:560][236]LogNet: World NetDriver shutdown IpNetDriver_2 [GameNetDriver]
[2021.01.06-19.45.35:560][236]LogNet: DestroyNamedNetDriver IpNetDriver_2 [GameNetDriver]
[2021.01.06-19.45.35:560][236]LogNet: UNetConnection::Close: [UNetConnection] RemoteAddr: 127.0.0.1:17777, Name: IpConnection_1, Driver: GameNetDriver IpNetDriver_2, IsServer: NO, PC: BP_SacrificePlayerController_C_0, Owner: BP_SacrificePlayerController_C_0, UniqueId: NULL:AORAKI-9D1155134AA359C5D4E693BD80D5F594, Channels: 13, Time: 2021.01.06-19.45.35
[2021.01.06-19.45.35:560][236]LogNet: UChannel::Close: Sending CloseBunch. ChIndex == 0. Name: [UChannel] ChIndex: 0, Closing: 0 [UNetConnection] RemoteAddr: 127.0.0.1:17777, Name: IpConnection_1, Driver: GameNetDriver IpNetDriver_2, IsServer: NO, PC: BP_SacrificePlayerController_C_0, Owner: BP_SacrificePlayerController_C_0, UniqueId: NULL:AORAKI-9D1155134AA359C5D4E693BD80D5F594
[2021.01.06-19.45.35:561][236]LogExit: GameNetDriver IpNetDriver_2 shut down
[2021.01.06-19.45.35:561][236]LogWorld: BeginTearingDown for /Game/VehicleCPP/Maps/UEDPIE_1_VehicleExampleMap
[2021.01.06-19.45.35:561][236]LogSlate: Updating window title bar state: overlay mode, drag disabled, window buttons hidden, title bar hidden
[2021.01.06-19.45.35:561][236]LogSlate: Window 'VehicleTemplate Preview [NetMode: Client 2] (64-bit/Windows) ' being destroyed
[2021.01.06-19.45.35:569][236]LogWorld: UWorld::CleanupWorld for VehicleExampleMap, bSessionEnded=true, bCleanupResources=true
[2021.01.06-19.45.35:570][236]LogSlate: InvalidateAllWidgets triggered.  All widgets were invalidated
[2021.01.06-19.45.35:576][236]LogNet: World NetDriver shutdown IpNetDriver_1 [GameNetDriver]
[2021.01.06-19.45.35:576][236]LogNet: DestroyNamedNetDriver IpNetDriver_1 [GameNetDriver]
[2021.01.06-19.45.35:576][236]LogNet: UNetConnection::Close: [UNetConnection] RemoteAddr: 127.0.0.1:17777, Name: IpConnection_0, Driver: GameNetDriver IpNetDriver_1, IsServer: NO, PC: BP_SacrificePlayerController_C_0, Owner: BP_SacrificePlayerController_C_0, UniqueId: NULL:AORAKI-A0D553754164129F26A332B439E7BDA9, Channels: 13, Time: 2021.01.06-19.45.35
[2021.01.06-19.45.35:576][236]LogNet: UChannel::Close: Sending CloseBunch. ChIndex == 0. Name: [UChannel] ChIndex: 0, Closing: 0 [UNetConnection] RemoteAddr: 127.0.0.1:17777, Name: IpConnection_0, Driver: GameNetDriver IpNetDriver_1, IsServer: NO, PC: BP_SacrificePlayerController_C_0, Owner: BP_SacrificePlayerController_C_0, UniqueId: NULL:AORAKI-A0D553754164129F26A332B439E7BDA9
[2021.01.06-19.45.35:576][236]LogExit: GameNetDriver IpNetDriver_1 shut down
[2021.01.06-19.45.35:577][236]LogWorld: BeginTearingDown for /Game/VehicleCPP/Maps/UEDPIE_0_VehicleExampleMap
[2021.01.06-19.45.35:577][236]LogOnlineSession: Warning: OSS: No game present to leave for session (GameSession)
[2021.01.06-19.45.35:577][236]LogSlate: Updating window title bar state: overlay mode, drag disabled, window buttons hidden, title bar hidden
[2021.01.06-19.45.35:577][236]LogWorld: UWorld::CleanupWorld for VehicleExampleMap, bSessionEnded=true, bCleanupResources=true
[2021.01.06-19.45.35:578][236]LogSlate: InvalidateAllWidgets triggered.  All widgets were invalidated
[2021.01.06-19.45.35:585][236]LogNet: World NetDriver shutdown IpNetDriver_0 [GameNetDriver]
[2021.01.06-19.45.35:585][236]LogNet: DestroyNamedNetDriver IpNetDriver_0 [GameNetDriver]
[2021.01.06-19.45.35:585][236]LogNet: UNetConnection::Cleanup: Closing open connection. [UNetConnection] RemoteAddr: 127.0.0.1:52519, Name: IpConnection_3, Driver: GameNetDriver IpNetDriver_0, IsServer: YES, PC: BP_SacrificePlayerController_C_2, Owner: BP_SacrificePlayerController_C_2, UniqueId: NULL:AORAKI-9D1155134AA359C5D4E693BD80D5F594
[2021.01.06-19.45.35:585][236]LogNet: UNetConnection::Close: [UNetConnection] RemoteAddr: 127.0.0.1:52519, Name: IpConnection_3, Driver: GameNetDriver IpNetDriver_0, IsServer: YES, PC: BP_SacrificePlayerController_C_2, Owner: BP_SacrificePlayerController_C_2, UniqueId: NULL:AORAKI-9D1155134AA359C5D4E693BD80D5F594, Channels: 13, Time: 2021.01.06-19.45.35
[2021.01.06-19.45.35:585][236]LogNet: UChannel::Close: Sending CloseBunch. ChIndex == 0. Name: [UChannel] ChIndex: 0, Closing: 0 [UNetConnection] RemoteAddr: 127.0.0.1:52519, Name: IpConnection_3, Driver: GameNetDriver IpNetDriver_0, IsServer: YES, PC: BP_SacrificePlayerController_C_2, Owner: BP_SacrificePlayerController_C_2, UniqueId: NULL:AORAKI-9D1155134AA359C5D4E693BD80D5F594
[2021.01.06-19.45.35:585][236]LogNet: UNetConnection::Cleanup: Closing open connection. [UNetConnection] RemoteAddr: 127.0.0.1:52518, Name: IpConnection_2, Driver: GameNetDriver IpNetDriver_0, IsServer: YES, PC: BP_SacrificePlayerController_C_1, Owner: BP_SacrificePlayerController_C_1, UniqueId: NULL:AORAKI-A0D553754164129F26A332B439E7BDA9
[2021.01.06-19.45.35:585][236]LogNet: UNetConnection::Close: [UNetConnection] RemoteAddr: 127.0.0.1:52518, Name: IpConnection_2, Driver: GameNetDriver IpNetDriver_0, IsServer: YES, PC: BP_SacrificePlayerController_C_1, Owner: BP_SacrificePlayerController_C_1, UniqueId: NULL:AORAKI-A0D553754164129F26A332B439E7BDA9, Channels: 13, Time: 2021.01.06-19.45.35
[2021.01.06-19.45.35:585][236]LogNet: UChannel::Close: Sending CloseBunch. ChIndex == 0. Name: [UChannel] ChIndex: 0, Closing: 0 [UNetConnection] RemoteAddr: 127.0.0.1:52518, Name: IpConnection_2, Driver: GameNetDriver IpNetDriver_0, IsServer: YES, PC: BP_SacrificePlayerController_C_1, Owner: BP_SacrificePlayerController_C_1, UniqueId: NULL:AORAKI-A0D553754164129F26A332B439E7BDA9
[2021.01.06-19.45.35:585][236]LogExit: GameNetDriver IpNetDriver_0 shut down
[2021.01.06-19.45.35:586][236]LogPlayLevel: Display: Shutting down PIE online subsystems
[2021.01.06-19.45.35:589][236]LogSlate: InvalidateAllWidgets triggered.  All widgets were invalidated
[2021.01.06-19.45.35:666][236]LogSlate: Updating window title bar state: overlay mode, drag disabled, window buttons hidden, title bar hidden
[2021.01.06-19.45.35:668][236]LogAISub: UAISubsystem::~UAISubsystem AIPerceptionSystem (000001E8ACA29D00), frame # 2236
[2021.01.06-19.45.35:668][236]LogAISub: UAISubsystem::~UAISubsystem EnvQueryManager (000001E8AB20A400), frame # 2236
[2021.01.06-19.45.35:669][236]LogAISub: UAISubsystem::~UAISubsystem AIPerceptionSystem (000001E923D26700), frame # 2236
[2021.01.06-19.45.35:669][236]LogAISub: UAISubsystem::~UAISubsystem EnvQueryManager (000001E8BEBD9C00), frame # 2236
[2021.01.06-19.45.35:669][236]LogAISub: UAISubsystem::~UAISubsystem AIPerceptionSystem (000001E92229C7C0), frame # 2236
[2021.01.06-19.45.35:669][236]LogAISub: UAISubsystem::~UAISubsystem EnvQueryManager (000001E9247E4A00), frame # 2236
[2021.01.06-19.45.35:673][236]LogUObjectHash: Compacting FUObjectHashTables data took   1.72ms
[2021.01.06-19.45.35:698][237]LogPlayLevel: Display: Destroying online subsystem :Context_6
[2021.01.06-19.45.35:698][237]LogPlayLevel: Display: Destroying online subsystem :Context_5
[2021.01.06-19.45.35:698][237]LogPlayLevel: Display: Destroying online subsystem :Context_4
