Log file open, 12/16/20 15:58:29
LogInit: Display: Running engine for game: VehicleTemplate
LogPlatformFile: Not using cached read wrapper
LogTaskGraph: Started task graph with 5 named threads and 35 total threads with 3 sets of task threads.
LogStats: Stats thread started at 0.270253
LogD3D11RHI: Loaded GFSDK_Aftermath_Lib.x64.dll
LogICUInternationalization: ICU TimeZone Detection - Raw Offset: +0:00, Platform Override: ''
LogPluginManager: Mounting plugin Paper2D
LogPluginManager: Mounting plugin AISupport
LogPluginManager: Mounting plugin LightPropagationVolume
LogPluginManager: Mounting plugin CameraShakePreviewer
LogPluginManager: Mounting plugin ActorLayerUtilities
LogPluginManager: Mounting plugin AnimationSharing
LogPluginManager: Mounting plugin CLionSourceCodeAccess
LogPluginManager: Mounting plugin CodeLiteSourceCodeAccess
LogPluginManager: Mounting plugin GitSourceControl
LogPluginManager: Mounting plugin KDevelopSourceCodeAccess
LogPluginManager: Mounting plugin NullSourceCodeAccess
LogPluginManager: Mounting plugin PerforceSourceControl
LogPluginManager: Mounting plugin PlasticSourceControl
LogPluginManager: Mounting plugin RiderSourceCodeAccess
LogPluginManager: Mounting plugin SubversionSourceControl
LogPluginManager: Mounting plugin UObjectPlugin
LogPluginManager: Mounting plugin VisualStudioCodeSourceCodeAccess
LogPluginManager: Mounting plugin VisualStudioSourceCodeAccess
LogPluginManager: Mounting plugin XCodeSourceCodeAccess
LogPluginManager: Mounting plugin AssetManagerEditor
LogPluginManager: Mounting plugin CryptoKeys
LogPluginManager: Mounting plugin CurveEditorTools
LogPluginManager: Mounting plugin DataValidation
LogPluginManager: Mounting plugin EditorScriptingUtilities
LogPluginManager: Mounting plugin FacialAnimation
LogPluginManager: Mounting plugin GameplayTagsEditor
LogPluginManager: Mounting plugin GeometryMode
LogPluginManager: Mounting plugin MacGraphicsSwitching
LogPluginManager: Mounting plugin MaterialAnalyzer
LogPluginManager: Mounting plugin MobileLauncherProfileWizard
LogPluginManager: Mounting plugin PluginBrowser
LogPluginManager: Mounting plugin SpeedTreeImporter
LogPluginManager: Mounting plugin DatasmithContent
LogPluginManager: Mounting plugin VariantManagerContent
LogPluginManager: Mounting plugin AlembicImporter
LogPluginManager: Mounting plugin AutomationUtils
LogPluginManager: Mounting plugin BackChannel
LogPluginManager: Mounting plugin ChaosCloth
LogPluginManager: Mounting plugin ChaosClothEditor
LogPluginManager: Mounting plugin ChaosEditor
LogPluginManager: Mounting plugin ChaosNiagara
LogPluginManager: Mounting plugin ChaosSolverPlugin
LogPluginManager: Mounting plugin CharacterAI
LogPluginManager: Mounting plugin GeometryCache
LogPluginManager: Mounting plugin GeometryCollectionPlugin
LogPluginManager: Mounting plugin GeometryProcessing
LogPluginManager: Mounting plugin PlanarCut
LogPluginManager: Mounting plugin PlatformCrypto
LogPluginManager: Mounting plugin ProxyLODPlugin
LogPluginManager: Mounting plugin RawInput
LogPluginManager: Mounting plugin SkeletalReduction
LogPluginManager: Mounting plugin Niagara
LogPluginManager: Mounting plugin MagicLeap
LogPluginManager: Mounting plugin MagicLeapLightEstimation
LogPluginManager: Mounting plugin MagicLeapMedia
LogPluginManager: Mounting plugin MagicLeapPassableWorld
LogPluginManager: Mounting plugin MLSDK
LogPluginManager: Mounting plugin AndroidMedia
LogPluginManager: Mounting plugin AvfMedia
LogPluginManager: Mounting plugin ImgMedia
LogPluginManager: Mounting plugin MediaCompositing
LogPluginManager: Mounting plugin MediaPlayerEditor
LogPluginManager: Mounting plugin WebMMedia
LogPluginManager: Mounting plugin WmfMedia
LogPluginManager: Mounting plugin MeshPainting
LogPluginManager: Mounting plugin TcpMessaging
LogPluginManager: Mounting plugin UdpMessaging
LogPluginManager: Mounting plugin ActorSequence
LogPluginManager: Mounting plugin LevelSequenceEditor
LogPluginManager: Mounting plugin MatineeToLevelSequence
LogPluginManager: Mounting plugin MovieRenderPipeline
LogPluginManager: Mounting plugin TemplateSequence
LogPluginManager: Mounting plugin NetcodeUnitTest
LogPluginManager: Mounting plugin NUTUnrealEngine4
LogPluginManager: Mounting plugin OnlineSubsystemGooglePlay
LogPluginManager: Mounting plugin OnlineSubsystemIOS
LogPluginManager: Mounting plugin OnlineSubsystem
LogPluginManager: Mounting plugin OnlineSubsystemNull
LogPluginManager: Mounting plugin OnlineSubsystemUtils
LogPluginManager: Mounting plugin LauncherChunkInstaller
LogPluginManager: Mounting plugin AndroidDeviceProfileSelector
LogPluginManager: Mounting plugin AndroidMoviePlayer
LogPluginManager: Mounting plugin AndroidPermission
LogPluginManager: Mounting plugin AppleImageUtils
LogPluginManager: Mounting plugin AppleMoviePlayer
LogPluginManager: Mounting plugin ArchVisCharacter
LogPluginManager: Mounting plugin AssetTags
LogPluginManager: Mounting plugin AudioCapture
LogPluginManager: Mounting plugin CableComponent
LogPluginManager: Mounting plugin CustomMeshComponent
LogPluginManager: Mounting plugin EditableMesh
LogPluginManager: Mounting plugin ExampleDeviceProfileSelector
LogPluginManager: Mounting plugin GoogleCloudMessaging
LogPluginManager: Mounting plugin GooglePAD
LogPluginManager: Mounting plugin IOSDeviceProfileSelector
LogPluginManager: Mounting plugin LinuxDeviceProfileSelector
LogPluginManager: Mounting plugin LocationServicesBPLibrary
LogPluginManager: Mounting plugin MobilePatchingUtils
LogPluginManager: Mounting plugin OculusVR
LogPluginManager: Mounting plugin PhysXVehicles
LogPluginManager: Mounting plugin PostSplashScreen
LogPluginManager: Mounting plugin ProceduralMeshComponent
LogPluginManager: Mounting plugin RuntimePhysXCooking
LogPluginManager: Mounting plugin SignificanceManager
LogPluginManager: Mounting plugin SoundFields
LogPluginManager: Mounting plugin Synthesis
LogPluginManager: Mounting plugin WebMMoviePlayer
LogPluginManager: Mounting plugin WindowsMoviePlayer
LogPluginManager: Mounting plugin ScreenshotTools
LogInit: Using libcurl 7.55.1-DEV
LogInit:  - built for x86_64-pc-win32
LogInit:  - supports SSL with OpenSSL/1.1.1
LogInit:  - supports HTTP deflate (compression) using libz 1.2.8
LogInit:  - other features:
LogInit:      CURL_VERSION_SSL
LogInit:      CURL_VERSION_LIBZ
LogInit:      CURL_VERSION_IPV6
LogInit:      CURL_VERSION_ASYNCHDNS
LogInit:      CURL_VERSION_LARGEFILE
LogInit:      CURL_VERSION_IDN
LogInit:  CurlRequestOptions (configurable via config and command line):
LogInit:  - bVerifyPeer = true  - Libcurl will verify peer certificate
LogInit:  - bUseHttpProxy = false  - Libcurl will NOT use HTTP proxy
LogInit:  - bDontReuseConnections = false  - Libcurl will reuse connections
LogInit:  - MaxHostConnections = 16  - Libcurl will limit the number of connections to a host
LogInit:  - LocalHostAddr = Default
LogInit:  - BufferSize = 65536
LogOnline: OSS: Creating online subsystem instance for: NULL
LogInit: WinSock: version 1.1 (2.2), MaxSocks=32767, MaxUdp=65467
LogOnline: OSS: TryLoadSubsystemAndSetDefault: Loaded subsystem for module [NULL]
LogOculusPluginWrapper: OculusPlugin initialized successfully
LogHMD: Failed initializing OVRPlugin 1.44.0
LogInit: Build: ++UE4+Release-4.25-CL-14469661
LogInit: Engine Version: 4.25.4-14469661+++UE4+Release-4.25
LogInit: Compatible Engine Version: 4.25.0-13144385+++UE4+Release-4.25
LogInit: Net CL: 13144385
LogInit: OS: Windows 10 (Release 1909) (), CPU: AMD Ryzen 5 2600 Six-Core Processor            , GPU: NVIDIA GeForce RTX 2060
LogInit: Compiled (64-bit): Oct 11 2020 08:10:49
LogInit: Compiled with Visual C++: 19.24.28315.00
LogInit: Build Configuration: Development
LogInit: Branch Name: ++UE4+Release-4.25
LogInit: Command Line: 
LogInit: Base Directory: D:/Program Files/Epic Games/UE_4.25/Engine/Binaries/Win64/
LogInit: Allocator: TBB
LogInit: Installed Engine Build: 1
LogDevObjectVersion: Number of dev versions registered: 26
LogDevObjectVersion:   Dev-Blueprints (B0D832E4-1F89-4F0D-ACCF-7EB736FD4AA2): 10
LogDevObjectVersion:   Dev-Build (E1C64328-A22C-4D53-A36C-8E866417BD8C): 0
LogDevObjectVersion:   Dev-Core (375EC13C-06E4-48FB-B500-84F0262A717E): 4
LogDevObjectVersion:   Dev-Editor (E4B068ED-F494-42E9-A231-DA0B2E46BB41): 38
LogDevObjectVersion:   Dev-Framework (CFFC743F-43B0-4480-9391-14DF171D2073): 37
LogDevObjectVersion:   Dev-Mobile (B02B49B5-BB20-44E9-A304-32B752E40360): 2
LogDevObjectVersion:   Dev-Networking (A4E4105C-59A1-49B5-A7C5-40C4547EDFEE): 0
LogDevObjectVersion:   Dev-Online (39C831C9-5AE6-47DC-9A44-9C173E1C8E7C): 0
LogDevObjectVersion:   Dev-Physics (78F01B33-EBEA-4F98-B9B4-84EACCB95AA2): 4
LogDevObjectVersion:   Dev-Platform (6631380F-2D4D-43E0-8009-CF276956A95A): 0
LogDevObjectVersion:   Dev-Rendering (12F88B9F-8875-4AFC-A67C-D90C383ABD29): 43
LogDevObjectVersion:   Dev-Sequencer (7B5AE74C-D270-4C10-A958-57980B212A5A): 12
LogDevObjectVersion:   Dev-VR (D7296918-1DD6-4BDD-9DE2-64A83CC13884): 3
LogDevObjectVersion:   Dev-LoadTimes (C2A15278-BFE7-4AFE-6C17-90FF531DF755): 1
LogDevObjectVersion:   Private-Geometry (6EACA3D4-40EC-4CC1-B786-8BED09428FC5): 3
LogDevObjectVersion:   Dev-AnimPhys (29E575DD-E0A3-4627-9D10-D276232CDCEA): 17
LogDevObjectVersion:   Dev-Anim (AF43A65D-7FD3-4947-9873-3E8ED9C1BB05): 7
LogDevObjectVersion:   Dev-ReflectionCapture (6B266CEC-1EC7-4B8F-A30B-E4D90942FC07): 1
LogDevObjectVersion:   Dev-Automation (0DF73D61-A23F-47EA-B727-89E90C41499A): 1
LogDevObjectVersion:   FortniteMain (601D1886-AC64-4F84-AA16-D3DE0DEAC7D6): 31
LogDevObjectVersion:   Dev-Enterprise (9DFFBCD6-494F-0158-E221-12823C92A888): 10
LogDevObjectVersion:   Dev-Niagara (F2AED0AC-9AFE-416F-8664-AA7FFA26D6FC): 1
LogDevObjectVersion:   Dev-Destruction (174F1F0B-B4C6-45A5-B13F-2EE8D0FB917D): 10
LogDevObjectVersion:   Dev-Physics-Ext (35F94A83-E258-406C-A318-09F59610247C): 37
LogDevObjectVersion:   Dev-PhysicsMaterial-Chaos (B68FC16E-8B1B-42E2-B453-215C058844FE): 1
LogDevObjectVersion:   Dev-CineCamera (B2E18506-4273-CFC2-A54E-F4BB758BBA07): 1
LogInit: Presizing for max 25165824 objects, including 0 objects not considered by GC, pre-allocating 0 bytes for permanent pool.
LogConfig: Applying CVar settings from Section [/Script/Engine.StreamingSettings] File [S:/Users/Liamk/Development/Games/Sacrifice/VehicleTemplate/Saved/Config/Windows/Engine.ini]
LogConfig: Setting CVar [[s.MinBulkDataSizeForAsyncLoading:131072]]
LogConfig: Setting CVar [[s.AsyncLoadingThreadEnabled:0]]
LogConfig: Setting CVar [[s.EventDrivenLoaderEnabled:1]]
LogConfig: Setting CVar [[s.WarnIfTimeLimitExceeded:0]]
LogConfig: Setting CVar [[s.TimeLimitExceededMultiplier:1.5]]
LogConfig: Setting CVar [[s.TimeLimitExceededMinTime:0.005]]
LogConfig: Setting CVar [[s.UseBackgroundLevelStreaming:1]]
LogConfig: Setting CVar [[s.PriorityAsyncLoadingExtraTime:15.0]]
LogConfig: Setting CVar [[s.LevelStreamingActorsUpdateTimeLimit:5.0]]
LogConfig: Setting CVar [[s.PriorityLevelStreamingActorsUpdateExtraTime:5.0]]
LogConfig: Setting CVar [[s.LevelStreamingComponentsRegistrationGranularity:10]]
LogConfig: Setting CVar [[s.UnregisterComponentsTimeLimit:1.0]]
LogConfig: Setting CVar [[s.LevelStreamingComponentsUnregistrationGranularity:5]]
LogConfig: Setting CVar [[s.FlushStreamingOnExit:1]]
LogInit: Object subsystem initialized
LogConfig: Setting CVar [[con.DebugEarlyDefault:1]]
LogConfig: Setting CVar [[r.setres:1280x720]]
[2020.12.16-15.58.30:209][  0]LogConfig: Setting CVar [[r.VSync:0]]
[2020.12.16-15.58.30:209][  0]LogConfig: Setting CVar [[r.RHICmdBypass:0]]
[2020.12.16-15.58.30:209][  0]LogConfig: Applying CVar settings from Section [/Script/Engine.RendererSettings] File [S:/Users/Liamk/Development/Games/Sacrifice/VehicleTemplate/Saved/Config/Windows/Engine.ini]
[2020.12.16-15.58.30:209][  0]LogConfig: Setting CVar [[r.GPUCrashDebugging:0]]
[2020.12.16-15.58.30:209][  0]LogConfig: Setting CVar [[r.SkinCache.CompileShaders:1]]
[2020.12.16-15.58.30:209][  0]LogConfig: Setting CVar [[r.RayTracing:1]]
[2020.12.16-15.58.30:209][  0]LogConfig: Applying CVar settings from Section [/Script/Engine.RendererOverrideSettings] File [S:/Users/Liamk/Development/Games/Sacrifice/VehicleTemplate/Saved/Config/Windows/Engine.ini]
[2020.12.16-15.58.30:209][  0]LogConfig: Applying CVar settings from Section [/Script/Engine.StreamingSettings] File [S:/Users/Liamk/Development/Games/Sacrifice/VehicleTemplate/Saved/Config/Windows/Engine.ini]
[2020.12.16-15.58.30:209][  0]LogConfig: Setting CVar [[s.MinBulkDataSizeForAsyncLoading:131072]]
[2020.12.16-15.58.30:209][  0]LogConfig: Setting CVar [[s.AsyncLoadingThreadEnabled:0]]
[2020.12.16-15.58.30:209][  0]LogConfig: Setting CVar [[s.EventDrivenLoaderEnabled:1]]
[2020.12.16-15.58.30:209][  0]LogConfig: Setting CVar [[s.WarnIfTimeLimitExceeded:0]]
[2020.12.16-15.58.30:209][  0]LogConfig: Setting CVar [[s.TimeLimitExceededMultiplier:1.5]]
[2020.12.16-15.58.30:209][  0]LogConfig: Setting CVar [[s.TimeLimitExceededMinTime:0.005]]
[2020.12.16-15.58.30:209][  0]LogConfig: Setting CVar [[s.UseBackgroundLevelStreaming:1]]
[2020.12.16-15.58.30:209][  0]LogConfig: Setting CVar [[s.PriorityAsyncLoadingExtraTime:15.0]]
[2020.12.16-15.58.30:209][  0]LogConfig: Setting CVar [[s.LevelStreamingActorsUpdateTimeLimit:5.0]]
[2020.12.16-15.58.30:209][  0]LogConfig: Setting CVar [[s.PriorityLevelStreamingActorsUpdateExtraTime:5.0]]
[2020.12.16-15.58.30:209][  0]LogConfig: Setting CVar [[s.LevelStreamingComponentsRegistrationGranularity:10]]
[2020.12.16-15.58.30:209][  0]LogConfig: Setting CVar [[s.UnregisterComponentsTimeLimit:1.0]]
[2020.12.16-15.58.30:209][  0]LogConfig: Setting CVar [[s.LevelStreamingComponentsUnregistrationGranularity:5]]
[2020.12.16-15.58.30:209][  0]LogConfig: Setting CVar [[s.FlushStreamingOnExit:1]]
[2020.12.16-15.58.30:209][  0]LogConfig: Applying CVar settings from Section [/Script/Engine.GarbageCollectionSettings] File [S:/Users/Liamk/Development/Games/Sacrifice/VehicleTemplate/Saved/Config/Windows/Engine.ini]
[2020.12.16-15.58.30:209][  0]LogConfig: Setting CVar [[gc.MaxObjectsNotConsideredByGC:1]]
[2020.12.16-15.58.30:209][  0]LogConfig: Setting CVar [[gc.SizeOfPermanentObjectPool:0]]
[2020.12.16-15.58.30:209][  0]LogConfig: Setting CVar [[gc.FlushStreamingOnGC:0]]
[2020.12.16-15.58.30:209][  0]LogConfig: Setting CVar [[gc.NumRetriesBeforeForcingGC:10]]
[2020.12.16-15.58.30:209][  0]LogConfig: Setting CVar [[gc.AllowParallelGC:1]]
[2020.12.16-15.58.30:209][  0]LogConfig: Setting CVar [[gc.TimeBetweenPurgingPendingKillObjects:61.1]]
[2020.12.16-15.58.30:209][  0]LogConfig: Setting CVar [[gc.MaxObjectsInEditor:25165824]]
[2020.12.16-15.58.30:209][  0]LogConfig: Setting CVar [[gc.IncrementalBeginDestroyEnabled:1]]
[2020.12.16-15.58.30:209][  0]LogConfig: Setting CVar [[gc.CreateGCClusters:1]]
[2020.12.16-15.58.30:209][  0]LogConfig: Setting CVar [[gc.MinGCClusterSize:5]]
[2020.12.16-15.58.30:209][  0]LogConfig: Setting CVar [[gc.ActorClusteringEnabled:0]]
[2020.12.16-15.58.30:209][  0]LogConfig: Setting CVar [[gc.BlueprintClusteringEnabled:0]]
[2020.12.16-15.58.30:209][  0]LogConfig: Setting CVar [[gc.UseDisregardForGCOnDedicatedServers:0]]
[2020.12.16-15.58.30:209][  0]LogConfig: Applying CVar settings from Section [/Script/Engine.NetworkSettings] File [S:/Users/Liamk/Development/Games/Sacrifice/VehicleTemplate/Saved/Config/Windows/Engine.ini]
[2020.12.16-15.58.30:209][  0]LogConfig: Applying CVar settings from Section [/Script/UnrealEd.CookerSettings] File [S:/Users/Liamk/Development/Games/Sacrifice/VehicleTemplate/Saved/Config/Windows/Engine.ini]
[2020.12.16-15.58.30:215][  0]LogConfig: Applying CVar settings from Section [ViewDistanceQuality@3] File [S:/Users/Liamk/Development/Games/Sacrifice/VehicleTemplate/Saved/Config/Windows/Scalability.ini]
[2020.12.16-15.58.30:215][  0]LogConfig: Setting CVar [[r.SkeletalMeshLODBias:0]]
[2020.12.16-15.58.30:215][  0]LogConfig: Setting CVar [[r.ViewDistanceScale:1.0]]
[2020.12.16-15.58.30:215][  0]LogConfig: Applying CVar settings from Section [AntiAliasingQuality@3] File [S:/Users/Liamk/Development/Games/Sacrifice/VehicleTemplate/Saved/Config/Windows/Scalability.ini]
[2020.12.16-15.58.30:215][  0]LogConfig: Setting CVar [[r.PostProcessAAQuality:4]]
[2020.12.16-15.58.30:215][  0]LogConfig: Applying CVar settings from Section [ShadowQuality@3] File [S:/Users/Liamk/Development/Games/Sacrifice/VehicleTemplate/Saved/Config/Windows/Scalability.ini]
[2020.12.16-15.58.30:215][  0]LogConfig: Setting CVar [[r.LightFunctionQuality:1]]
[2020.12.16-15.58.30:215][  0]LogConfig: Setting CVar [[r.ShadowQuality:5]]
[2020.12.16-15.58.30:215][  0]LogConfig: Setting CVar [[r.Shadow.CSM.MaxCascades:10]]
[2020.12.16-15.58.30:215][  0]LogConfig: Setting CVar [[r.Shadow.MaxResolution:2048]]
[2020.12.16-15.58.30:215][  0]LogConfig: Setting CVar [[r.Shadow.MaxCSMResolution:2048]]
[2020.12.16-15.58.30:215][  0]LogConfig: Setting CVar [[r.Shadow.RadiusThreshold:0.01]]
[2020.12.16-15.58.30:215][  0]LogConfig: Setting CVar [[r.Shadow.DistanceScale:1.0]]
[2020.12.16-15.58.30:215][  0]LogConfig: Setting CVar [[r.Shadow.CSM.TransitionScale:1.0]]
[2020.12.16-15.58.30:215][  0]LogConfig: Setting CVar [[r.Shadow.PreShadowResolutionFactor:1.0]]
[2020.12.16-15.58.30:215][  0]LogConfig: Setting CVar [[r.DistanceFieldShadowing:1]]
[2020.12.16-15.58.30:215][  0]LogConfig: Setting CVar [[r.DistanceFieldAO:1]]
[2020.12.16-15.58.30:215][  0]LogConfig: Setting CVar [[r.AOQuality:2]]
[2020.12.16-15.58.30:215][  0]LogConfig: Setting CVar [[r.VolumetricFog:1]]
[2020.12.16-15.58.30:215][  0]LogConfig: Setting CVar [[r.VolumetricFog.GridPixelSize:8]]
[2020.12.16-15.58.30:215][  0]LogConfig: Setting CVar [[r.VolumetricFog.GridSizeZ:128]]
[2020.12.16-15.58.30:215][  0]LogConfig: Setting CVar [[r.VolumetricFog.HistoryMissSupersampleCount:4]]
[2020.12.16-15.58.30:215][  0]LogConfig: Setting CVar [[r.LightMaxDrawDistanceScale:1]]
[2020.12.16-15.58.30:215][  0]LogConfig: Setting CVar [[r.CapsuleShadows:1]]
[2020.12.16-15.58.30:215][  0]LogConfig: Applying CVar settings from Section [PostProcessQuality@3] File [S:/Users/Liamk/Development/Games/Sacrifice/VehicleTemplate/Saved/Config/Windows/Scalability.ini]
[2020.12.16-15.58.30:215][  0]LogConfig: Setting CVar [[r.MotionBlurQuality:4]]
[2020.12.16-15.58.30:215][  0]LogConfig: Setting CVar [[r.AmbientOcclusionMipLevelFactor:0.4]]
[2020.12.16-15.58.30:215][  0]LogConfig: Setting CVar [[r.AmbientOcclusionMaxQuality:100]]
[2020.12.16-15.58.30:215][  0]LogConfig: Setting CVar [[r.AmbientOcclusionLevels:-1]]
[2020.12.16-15.58.30:215][  0]LogConfig: Setting CVar [[r.AmbientOcclusionRadiusScale:1.0]]
[2020.12.16-15.58.30:215][  0]LogConfig: Setting CVar [[r.DepthOfFieldQuality:2]]
[2020.12.16-15.58.30:215][  0]LogConfig: Setting CVar [[r.RenderTargetPoolMin:400]]
[2020.12.16-15.58.30:215][  0]LogConfig: Setting CVar [[r.LensFlareQuality:2]]
[2020.12.16-15.58.30:215][  0]LogConfig: Setting CVar [[r.SceneColorFringeQuality:1]]
[2020.12.16-15.58.30:215][  0]LogConfig: Setting CVar [[r.EyeAdaptationQuality:2]]
[2020.12.16-15.58.30:215][  0]LogConfig: Setting CVar [[r.BloomQuality:5]]
[2020.12.16-15.58.30:215][  0]LogConfig: Setting CVar [[r.FastBlurThreshold:100]]
[2020.12.16-15.58.30:215][  0]LogConfig: Setting CVar [[r.Upscale.Quality:3]]
[2020.12.16-15.58.30:215][  0]LogConfig: Setting CVar [[r.Tonemapper.GrainQuantization:1]]
[2020.12.16-15.58.30:215][  0]LogConfig: Setting CVar [[r.LightShaftQuality:1]]
[2020.12.16-15.58.30:215][  0]LogConfig: Setting CVar [[r.Filter.SizeScale:1]]
[2020.12.16-15.58.30:215][  0]LogConfig: Setting CVar [[r.Tonemapper.Quality:5]]
[2020.12.16-15.58.30:215][  0]LogConfig: Setting CVar [[r.DOF.Gather.AccumulatorQuality:1        ; higher gathering accumulator quality]]
[2020.12.16-15.58.30:215][  0]LogConfig: Setting CVar [[r.DOF.Gather.PostfilterMethod:1          ; Median3x3 postfilering method]]
[2020.12.16-15.58.30:215][  0]LogConfig: Setting CVar [[r.DOF.Gather.EnableBokehSettings:0       ; no bokeh simulation when gathering]]
[2020.12.16-15.58.30:215][  0]LogConfig: Setting CVar [[r.DOF.Gather.RingCount:4                 ; medium number of samples when gathering]]
[2020.12.16-15.58.30:215][  0]LogConfig: Setting CVar [[r.DOF.Scatter.ForegroundCompositing:1    ; additive foreground scattering]]
[2020.12.16-15.58.30:215][  0]LogConfig: Setting CVar [[r.DOF.Scatter.BackgroundCompositing:2    ; additive background scattering]]
[2020.12.16-15.58.30:215][  0]LogConfig: Setting CVar [[r.DOF.Scatter.EnableBokehSettings:1      ; bokeh simulation when scattering]]
[2020.12.16-15.58.30:215][  0]LogConfig: Setting CVar [[r.DOF.Scatter.MaxSpriteRatio:0.1         ; only a maximum of 10% of scattered bokeh]]
[2020.12.16-15.58.30:215][  0]LogConfig: Setting CVar [[r.DOF.Recombine.Quality:1                ; cheap slight out of focus]]
[2020.12.16-15.58.30:215][  0]LogConfig: Setting CVar [[r.DOF.Recombine.EnableBokehSettings:0    ; no bokeh simulation on slight out of focus]]
[2020.12.16-15.58.30:215][  0]LogConfig: Setting CVar [[r.DOF.TemporalAAQuality:1                ; more stable temporal accumulation]]
[2020.12.16-15.58.30:215][  0]LogConfig: Setting CVar [[r.DOF.Kernel.MaxForegroundRadius:0.025]]
[2020.12.16-15.58.30:216][  0]LogConfig: Setting CVar [[r.DOF.Kernel.MaxBackgroundRadius:0.025]]
[2020.12.16-15.58.30:216][  0]LogConfig: Applying CVar settings from Section [TextureQuality@3] File [S:/Users/Liamk/Development/Games/Sacrifice/VehicleTemplate/Saved/Config/Windows/Scalability.ini]
[2020.12.16-15.58.30:216][  0]LogConfig: Setting CVar [[r.Streaming.MipBias:0]]
[2020.12.16-15.58.30:216][  0]LogConfig: Setting CVar [[r.Streaming.AmortizeCPUToGPUCopy:0]]
[2020.12.16-15.58.30:216][  0]LogConfig: Setting CVar [[r.Streaming.MaxNumTexturesToStreamPerFrame:0]]
[2020.12.16-15.58.30:216][  0]LogConfig: Setting CVar [[r.Streaming.Boost:1]]
[2020.12.16-15.58.30:216][  0]LogConfig: Setting CVar [[r.MaxAnisotropy:8]]
[2020.12.16-15.58.30:216][  0]LogConfig: Setting CVar [[r.VT.MaxAnisotropy:8]]
[2020.12.16-15.58.30:216][  0]LogConfig: Setting CVar [[r.Streaming.LimitPoolSizeToVRAM:0]]
[2020.12.16-15.58.30:216][  0]LogConfig: Setting CVar [[r.Streaming.PoolSize:1000]]
[2020.12.16-15.58.30:216][  0]LogConfig: Setting CVar [[r.Streaming.MaxEffectiveScreenSize:0]]
[2020.12.16-15.58.30:216][  0]LogConfig: Applying CVar settings from Section [EffectsQuality@3] File [S:/Users/Liamk/Development/Games/Sacrifice/VehicleTemplate/Saved/Config/Windows/Scalability.ini]
[2020.12.16-15.58.30:216][  0]LogConfig: Setting CVar [[r.TranslucencyLightingVolumeDim:64]]
[2020.12.16-15.58.30:216][  0]LogConfig: Setting CVar [[r.RefractionQuality:2]]
[2020.12.16-15.58.30:216][  0]LogConfig: Setting CVar [[r.SSR.Quality:3]]
[2020.12.16-15.58.30:216][  0]LogConfig: Setting CVar [[r.SSR.HalfResSceneColor:0]]
[2020.12.16-15.58.30:216][  0]LogConfig: Setting CVar [[r.SceneColorFormat:4]]
[2020.12.16-15.58.30:216][  0]LogConfig: Setting CVar [[r.DetailMode:2]]
[2020.12.16-15.58.30:216][  0]LogConfig: Setting CVar [[r.TranslucencyVolumeBlur:1]]
[2020.12.16-15.58.30:216][  0]LogConfig: Setting CVar [[r.MaterialQualityLevel:1 ; High quality]]
[2020.12.16-15.58.30:216][  0]LogConfig: Setting CVar [[r.SSS.Scale:1]]
[2020.12.16-15.58.30:216][  0]LogConfig: Setting CVar [[r.SSS.SampleSet:2]]
[2020.12.16-15.58.30:216][  0]LogConfig: Setting CVar [[r.SSS.Quality:1]]
[2020.12.16-15.58.30:216][  0]LogConfig: Setting CVar [[r.SSS.HalfRes:0]]
[2020.12.16-15.58.30:216][  0]LogConfig: Setting CVar [[r.SSGI.Quality:3]]
[2020.12.16-15.58.30:216][  0]LogConfig: Setting CVar [[r.EmitterSpawnRateScale:1.0]]
[2020.12.16-15.58.30:216][  0]LogConfig: Setting CVar [[r.ParticleLightQuality:2]]
[2020.12.16-15.58.30:216][  0]LogConfig: Setting CVar [[r.SkyAtmosphere.AerialPerspectiveLUT.FastApplyOnOpaque:1 ; Always have FastSkyLUT 1 in this case to avoid wrong sky]]
[2020.12.16-15.58.30:216][  0]LogConfig: Setting CVar [[r.SkyAtmosphere.AerialPerspectiveLUT.SampleCountPerSlice:1]]
[2020.12.16-15.58.30:216][  0]LogConfig: Setting CVar [[r.SkyAtmosphere.AerialPerspectiveLUT.DepthResolution:16.0]]
[2020.12.16-15.58.30:216][  0]LogConfig: Setting CVar [[r.SkyAtmosphere.FastSkyLUT:1]]
[2020.12.16-15.58.30:216][  0]LogConfig: Setting CVar [[r.SkyAtmosphere.FastSkyLUT.SampleCountMin:4.0]]
[2020.12.16-15.58.30:216][  0]LogConfig: Setting CVar [[r.SkyAtmosphere.FastSkyLUT.SampleCountMax:32.0]]
[2020.12.16-15.58.30:216][  0]LogConfig: Setting CVar [[r.SkyAtmosphere.SampleCountMin:4.0]]
[2020.12.16-15.58.30:216][  0]LogConfig: Setting CVar [[r.SkyAtmosphere.SampleCountMax:32.0]]
[2020.12.16-15.58.30:216][  0]LogConfig: Setting CVar [[r.SkyAtmosphere.TransmittanceLUT.UseSmallFormat:0]]
[2020.12.16-15.58.30:216][  0]LogConfig: Setting CVar [[r.SkyAtmosphere.TransmittanceLUT.SampleCount:10.0]]
[2020.12.16-15.58.30:216][  0]LogConfig: Setting CVar [[r.SkyAtmosphere.MultiScatteringLUT.SampleCount:15.0]]
[2020.12.16-15.58.30:216][  0]LogConfig: Applying CVar settings from Section [FoliageQuality@3] File [S:/Users/Liamk/Development/Games/Sacrifice/VehicleTemplate/Saved/Config/Windows/Scalability.ini]
[2020.12.16-15.58.30:216][  0]LogConfig: Setting CVar [[foliage.DensityScale:1.0]]
[2020.12.16-15.58.30:216][  0]LogConfig: Setting CVar [[grass.DensityScale:1.0]]
[2020.12.16-15.58.30:216][  0]LogConfig: Applying CVar settings from Section [ShadingQuality@3] File [S:/Users/Liamk/Development/Games/Sacrifice/VehicleTemplate/Saved/Config/Windows/Scalability.ini]
[2020.12.16-15.58.30:216][  0]LogConfig: Setting CVar [[r.HairStrands.SkyLighting.SampleCount:16]]
[2020.12.16-15.58.30:216][  0]LogConfig: Setting CVar [[r.HairStrands.SkyLighting.JitterIntegration:0]]
[2020.12.16-15.58.30:216][  0]LogConfig: Setting CVar [[r.HairStrands.SkyAO.SampleCount:16]]
[2020.12.16-15.58.30:216][  0]LogConfig: Setting CVar [[r.HairStrands.DeepShadow.SuperSampling:0]]
[2020.12.16-15.58.30:216][  0]LogConfig: Setting CVar [[r.HairStrands.VisibilityPPLL:0]]
[2020.12.16-15.58.30:216][  0]LogConfig: Setting CVar [[r.HairStrands.RasterizationScale:0.5]]
[2020.12.16-15.58.30:216][  0]LogConfig: Setting CVar [[r.HairStrands.VelocityRasterizationScale:1]]
[2020.12.16-15.58.30:216][  0]LogInit: Selected Device Profile: [Windows]
[2020.12.16-15.58.30:216][  0]LogInit: Applying CVar settings loaded from the selected device profile: [Windows]
[2020.12.16-15.58.30:216][  0]LogHAL: Display: Platform has ~ 32 GB [34308337664 / 34359738368 / 32], which maps to Largest [LargestMinGB=32, LargerMinGB=12, DefaultMinGB=8, SmallerMinGB=6, SmallestMinGB=0)
[2020.12.16-15.58.30:216][  0]LogInit: Going up to parent DeviceProfile []
[2020.12.16-15.58.30:216][  0]LogConfig: Applying CVar settings from Section [ViewDistanceQuality@3] File [S:/Users/Liamk/Development/Games/Sacrifice/VehicleTemplate/Saved/Config/Windows/Scalability.ini]
[2020.12.16-15.58.30:216][  0]LogConfig: Setting CVar [[r.SkeletalMeshLODBias:0]]
[2020.12.16-15.58.30:216][  0]LogConfig: Setting CVar [[r.ViewDistanceScale:1.0]]
[2020.12.16-15.58.30:216][  0]LogConfig: Applying CVar settings from Section [AntiAliasingQuality@3] File [S:/Users/Liamk/Development/Games/Sacrifice/VehicleTemplate/Saved/Config/Windows/Scalability.ini]
[2020.12.16-15.58.30:216][  0]LogConfig: Setting CVar [[r.PostProcessAAQuality:4]]
[2020.12.16-15.58.30:216][  0]LogConfig: Applying CVar settings from Section [ShadowQuality@3] File [S:/Users/Liamk/Development/Games/Sacrifice/VehicleTemplate/Saved/Config/Windows/Scalability.ini]
[2020.12.16-15.58.30:216][  0]LogConfig: Setting CVar [[r.LightFunctionQuality:1]]
[2020.12.16-15.58.30:216][  0]LogConfig: Setting CVar [[r.ShadowQuality:5]]
[2020.12.16-15.58.30:216][  0]LogConfig: Setting CVar [[r.Shadow.CSM.MaxCascades:10]]
[2020.12.16-15.58.30:217][  0]LogConfig: Setting CVar [[r.Shadow.MaxResolution:2048]]
[2020.12.16-15.58.30:217][  0]LogConfig: Setting CVar [[r.Shadow.MaxCSMResolution:2048]]
[2020.12.16-15.58.30:217][  0]LogConfig: Setting CVar [[r.Shadow.RadiusThreshold:0.01]]
[2020.12.16-15.58.30:217][  0]LogConfig: Setting CVar [[r.Shadow.DistanceScale:1.0]]
[2020.12.16-15.58.30:217][  0]LogConfig: Setting CVar [[r.Shadow.CSM.TransitionScale:1.0]]
[2020.12.16-15.58.30:217][  0]LogConfig: Setting CVar [[r.Shadow.PreShadowResolutionFactor:1.0]]
[2020.12.16-15.58.30:217][  0]LogConfig: Setting CVar [[r.DistanceFieldShadowing:1]]
[2020.12.16-15.58.30:217][  0]LogConfig: Setting CVar [[r.DistanceFieldAO:1]]
[2020.12.16-15.58.30:217][  0]LogConfig: Setting CVar [[r.AOQuality:2]]
[2020.12.16-15.58.30:217][  0]LogConfig: Setting CVar [[r.VolumetricFog:1]]
[2020.12.16-15.58.30:217][  0]LogConfig: Setting CVar [[r.VolumetricFog.GridPixelSize:8]]
[2020.12.16-15.58.30:217][  0]LogConfig: Setting CVar [[r.VolumetricFog.GridSizeZ:128]]
[2020.12.16-15.58.30:217][  0]LogConfig: Setting CVar [[r.VolumetricFog.HistoryMissSupersampleCount:4]]
[2020.12.16-15.58.30:217][  0]LogConfig: Setting CVar [[r.LightMaxDrawDistanceScale:1]]
[2020.12.16-15.58.30:217][  0]LogConfig: Setting CVar [[r.CapsuleShadows:1]]
[2020.12.16-15.58.30:217][  0]LogConfig: Applying CVar settings from Section [PostProcessQuality@3] File [S:/Users/Liamk/Development/Games/Sacrifice/VehicleTemplate/Saved/Config/Windows/Scalability.ini]
[2020.12.16-15.58.30:217][  0]LogConfig: Setting CVar [[r.MotionBlurQuality:4]]
[2020.12.16-15.58.30:217][  0]LogConfig: Setting CVar [[r.AmbientOcclusionMipLevelFactor:0.4]]
[2020.12.16-15.58.30:217][  0]LogConfig: Setting CVar [[r.AmbientOcclusionMaxQuality:100]]
[2020.12.16-15.58.30:217][  0]LogConfig: Setting CVar [[r.AmbientOcclusionLevels:-1]]
[2020.12.16-15.58.30:217][  0]LogConfig: Setting CVar [[r.AmbientOcclusionRadiusScale:1.0]]
[2020.12.16-15.58.30:217][  0]LogConfig: Setting CVar [[r.DepthOfFieldQuality:2]]
[2020.12.16-15.58.30:217][  0]LogConfig: Setting CVar [[r.RenderTargetPoolMin:400]]
[2020.12.16-15.58.30:217][  0]LogConfig: Setting CVar [[r.LensFlareQuality:2]]
[2020.12.16-15.58.30:217][  0]LogConfig: Setting CVar [[r.SceneColorFringeQuality:1]]
[2020.12.16-15.58.30:217][  0]LogConfig: Setting CVar [[r.EyeAdaptationQuality:2]]
[2020.12.16-15.58.30:217][  0]LogConfig: Setting CVar [[r.BloomQuality:5]]
[2020.12.16-15.58.30:217][  0]LogConfig: Setting CVar [[r.FastBlurThreshold:100]]
[2020.12.16-15.58.30:217][  0]LogConfig: Setting CVar [[r.Upscale.Quality:3]]
[2020.12.16-15.58.30:217][  0]LogConfig: Setting CVar [[r.Tonemapper.GrainQuantization:1]]
[2020.12.16-15.58.30:217][  0]LogConfig: Setting CVar [[r.LightShaftQuality:1]]
[2020.12.16-15.58.30:217][  0]LogConfig: Setting CVar [[r.Filter.SizeScale:1]]
[2020.12.16-15.58.30:217][  0]LogConfig: Setting CVar [[r.Tonemapper.Quality:5]]
[2020.12.16-15.58.30:217][  0]LogConfig: Setting CVar [[r.DOF.Gather.AccumulatorQuality:1        ; higher gathering accumulator quality]]
[2020.12.16-15.58.30:217][  0]LogConfig: Setting CVar [[r.DOF.Gather.PostfilterMethod:1          ; Median3x3 postfilering method]]
[2020.12.16-15.58.30:217][  0]LogConfig: Setting CVar [[r.DOF.Gather.EnableBokehSettings:0       ; no bokeh simulation when gathering]]
[2020.12.16-15.58.30:217][  0]LogConfig: Setting CVar [[r.DOF.Gather.RingCount:4                 ; medium number of samples when gathering]]
[2020.12.16-15.58.30:217][  0]LogConfig: Setting CVar [[r.DOF.Scatter.ForegroundCompositing:1    ; additive foreground scattering]]
[2020.12.16-15.58.30:217][  0]LogConfig: Setting CVar [[r.DOF.Scatter.BackgroundCompositing:2    ; additive background scattering]]
[2020.12.16-15.58.30:217][  0]LogConfig: Setting CVar [[r.DOF.Scatter.EnableBokehSettings:1      ; bokeh simulation when scattering]]
[2020.12.16-15.58.30:217][  0]LogConfig: Setting CVar [[r.DOF.Scatter.MaxSpriteRatio:0.1         ; only a maximum of 10% of scattered bokeh]]
[2020.12.16-15.58.30:217][  0]LogConfig: Setting CVar [[r.DOF.Recombine.Quality:1                ; cheap slight out of focus]]
[2020.12.16-15.58.30:217][  0]LogConfig: Setting CVar [[r.DOF.Recombine.EnableBokehSettings:0    ; no bokeh simulation on slight out of focus]]
[2020.12.16-15.58.30:217][  0]LogConfig: Setting CVar [[r.DOF.TemporalAAQuality:1                ; more stable temporal accumulation]]
[2020.12.16-15.58.30:217][  0]LogConfig: Setting CVar [[r.DOF.Kernel.MaxForegroundRadius:0.025]]
[2020.12.16-15.58.30:217][  0]LogConfig: Setting CVar [[r.DOF.Kernel.MaxBackgroundRadius:0.025]]
[2020.12.16-15.58.30:217][  0]LogConfig: Applying CVar settings from Section [TextureQuality@3] File [S:/Users/Liamk/Development/Games/Sacrifice/VehicleTemplate/Saved/Config/Windows/Scalability.ini]
[2020.12.16-15.58.30:217][  0]LogConfig: Setting CVar [[r.Streaming.MipBias:0]]
[2020.12.16-15.58.30:217][  0]LogConfig: Setting CVar [[r.Streaming.AmortizeCPUToGPUCopy:0]]
[2020.12.16-15.58.30:217][  0]LogConfig: Setting CVar [[r.Streaming.MaxNumTexturesToStreamPerFrame:0]]
[2020.12.16-15.58.30:217][  0]LogConfig: Setting CVar [[r.Streaming.Boost:1]]
[2020.12.16-15.58.30:217][  0]LogConfig: Setting CVar [[r.MaxAnisotropy:8]]
[2020.12.16-15.58.30:217][  0]LogConfig: Setting CVar [[r.VT.MaxAnisotropy:8]]
[2020.12.16-15.58.30:217][  0]LogConfig: Setting CVar [[r.Streaming.LimitPoolSizeToVRAM:0]]
[2020.12.16-15.58.30:217][  0]LogConfig: Setting CVar [[r.Streaming.PoolSize:1000]]
[2020.12.16-15.58.30:217][  0]LogConfig: Setting CVar [[r.Streaming.MaxEffectiveScreenSize:0]]
[2020.12.16-15.58.30:217][  0]LogConfig: Applying CVar settings from Section [EffectsQuality@3] File [S:/Users/Liamk/Development/Games/Sacrifice/VehicleTemplate/Saved/Config/Windows/Scalability.ini]
[2020.12.16-15.58.30:217][  0]LogConfig: Setting CVar [[r.TranslucencyLightingVolumeDim:64]]
[2020.12.16-15.58.30:217][  0]LogConfig: Setting CVar [[r.RefractionQuality:2]]
[2020.12.16-15.58.30:217][  0]LogConfig: Setting CVar [[r.SSR.Quality:3]]
[2020.12.16-15.58.30:217][  0]LogConfig: Setting CVar [[r.SSR.HalfResSceneColor:0]]
[2020.12.16-15.58.30:217][  0]LogConfig: Setting CVar [[r.SceneColorFormat:4]]
[2020.12.16-15.58.30:217][  0]LogConfig: Setting CVar [[r.DetailMode:2]]
[2020.12.16-15.58.30:217][  0]LogConfig: Setting CVar [[r.TranslucencyVolumeBlur:1]]
[2020.12.16-15.58.30:217][  0]LogConfig: Setting CVar [[r.MaterialQualityLevel:1 ; High quality]]
[2020.12.16-15.58.30:217][  0]LogConfig: Setting CVar [[r.SSS.Scale:1]]
[2020.12.16-15.58.30:217][  0]LogConfig: Setting CVar [[r.SSS.SampleSet:2]]
[2020.12.16-15.58.30:217][  0]LogConfig: Setting CVar [[r.SSS.Quality:1]]
[2020.12.16-15.58.30:217][  0]LogConfig: Setting CVar [[r.SSS.HalfRes:0]]
[2020.12.16-15.58.30:217][  0]LogConfig: Setting CVar [[r.SSGI.Quality:3]]
[2020.12.16-15.58.30:217][  0]LogConfig: Setting CVar [[r.EmitterSpawnRateScale:1.0]]
[2020.12.16-15.58.30:217][  0]LogConfig: Setting CVar [[r.ParticleLightQuality:2]]
[2020.12.16-15.58.30:218][  0]LogConfig: Setting CVar [[r.SkyAtmosphere.AerialPerspectiveLUT.FastApplyOnOpaque:1 ; Always have FastSkyLUT 1 in this case to avoid wrong sky]]
[2020.12.16-15.58.30:218][  0]LogConfig: Setting CVar [[r.SkyAtmosphere.AerialPerspectiveLUT.SampleCountPerSlice:1]]
[2020.12.16-15.58.30:218][  0]LogConfig: Setting CVar [[r.SkyAtmosphere.AerialPerspectiveLUT.DepthResolution:16.0]]
[2020.12.16-15.58.30:218][  0]LogConfig: Setting CVar [[r.SkyAtmosphere.FastSkyLUT:1]]
[2020.12.16-15.58.30:218][  0]LogConfig: Setting CVar [[r.SkyAtmosphere.FastSkyLUT.SampleCountMin:4.0]]
[2020.12.16-15.58.30:218][  0]LogConfig: Setting CVar [[r.SkyAtmosphere.FastSkyLUT.SampleCountMax:32.0]]
[2020.12.16-15.58.30:218][  0]LogConfig: Setting CVar [[r.SkyAtmosphere.SampleCountMin:4.0]]
[2020.12.16-15.58.30:218][  0]LogConfig: Setting CVar [[r.SkyAtmosphere.SampleCountMax:32.0]]
[2020.12.16-15.58.30:218][  0]LogConfig: Setting CVar [[r.SkyAtmosphere.TransmittanceLUT.UseSmallFormat:0]]
[2020.12.16-15.58.30:218][  0]LogConfig: Setting CVar [[r.SkyAtmosphere.TransmittanceLUT.SampleCount:10.0]]
[2020.12.16-15.58.30:218][  0]LogConfig: Setting CVar [[r.SkyAtmosphere.MultiScatteringLUT.SampleCount:15.0]]
[2020.12.16-15.58.30:218][  0]LogConfig: Applying CVar settings from Section [FoliageQuality@3] File [S:/Users/Liamk/Development/Games/Sacrifice/VehicleTemplate/Saved/Config/Windows/Scalability.ini]
[2020.12.16-15.58.30:218][  0]LogConfig: Setting CVar [[foliage.DensityScale:1.0]]
[2020.12.16-15.58.30:218][  0]LogConfig: Setting CVar [[grass.DensityScale:1.0]]
[2020.12.16-15.58.30:218][  0]LogConfig: Applying CVar settings from Section [ShadingQuality@3] File [S:/Users/Liamk/Development/Games/Sacrifice/VehicleTemplate/Saved/Config/Windows/Scalability.ini]
[2020.12.16-15.58.30:218][  0]LogConfig: Setting CVar [[r.HairStrands.SkyLighting.SampleCount:16]]
[2020.12.16-15.58.30:218][  0]LogConfig: Setting CVar [[r.HairStrands.SkyLighting.JitterIntegration:0]]
[2020.12.16-15.58.30:218][  0]LogConfig: Setting CVar [[r.HairStrands.SkyAO.SampleCount:16]]
[2020.12.16-15.58.30:218][  0]LogConfig: Setting CVar [[r.HairStrands.DeepShadow.SuperSampling:0]]
[2020.12.16-15.58.30:218][  0]LogConfig: Setting CVar [[r.HairStrands.VisibilityPPLL:0]]
[2020.12.16-15.58.30:218][  0]LogConfig: Setting CVar [[r.HairStrands.RasterizationScale:0.5]]
[2020.12.16-15.58.30:218][  0]LogConfig: Setting CVar [[r.HairStrands.VelocityRasterizationScale:1]]
[2020.12.16-15.58.30:218][  0]LogConfig: Applying CVar settings from Section [Startup] File [../../../Engine/Config/ConsoleVariables.ini]
[2020.12.16-15.58.30:218][  0]LogConfig: Setting CVar [[net.UseAdaptiveNetUpdateFrequency:0]]
[2020.12.16-15.58.30:218][  0]LogConfig: Setting CVar [[p.chaos.AllowCreatePhysxBodies:1]]
[2020.12.16-15.58.30:218][  0]LogConfig: Setting CVar [[fx.SkipVectorVMBackendOptimizations:1]]
[2020.12.16-15.58.30:218][  0]LogConfig: Applying CVar settings from Section [ConsoleVariables] File [S:/Users/Liamk/Development/Games/Sacrifice/VehicleTemplate/Saved/Config/Windows/Engine.ini]
[2020.12.16-15.58.30:218][  0]LogInit: Computer: AORAKI
[2020.12.16-15.58.30:218][  0]LogInit: User: Liamk
[2020.12.16-15.58.30:218][  0]LogInit: CPU Page size=4096, Cores=6
[2020.12.16-15.58.30:218][  0]LogInit: High frequency timer resolution =10.000000 MHz
[2020.12.16-15.58.30:219][  0]LogMemory: Memory total: Physical=32.0GB (32GB approx)
[2020.12.16-15.58.30:219][  0]LogMemory: Platform Memory Stats for Windows
[2020.12.16-15.58.30:219][  0]LogMemory: Process Physical Memory: 122.48 MB used, 122.49 MB peak
[2020.12.16-15.58.30:219][  0]LogMemory: Process Virtual Memory: 111.41 MB used, 111.41 MB peak
[2020.12.16-15.58.30:219][  0]LogMemory: Physical Memory: 24416.60 MB used,  8302.38 MB free, 32718.98 MB total
[2020.12.16-15.58.30:219][  0]LogMemory: Virtual Memory: 5193.76 MB used,  134212536.00 MB free, 134217728.00 MB total
[2020.12.16-15.58.30:228][  0]LogWindows: WindowsPlatformFeatures enabled
[2020.12.16-15.58.30:302][  0]LogInit: Physics initialised using underlying interface: PhysX
[2020.12.16-15.58.30:303][  0]LogInit: Using OS detected language (fr-FR).
[2020.12.16-15.58.30:303][  0]LogInit: Using OS detected locale (fr-FR).
[2020.12.16-15.58.30:305][  0]LogTextLocalizationManager: No specific localization for 'fr-FR' exists, so the 'fr' localization will be used.
[2020.12.16-15.58.30:305][  0]LogTextLocalizationResource: LocRes '../../../Engine/Content/Localization/Editor/fr/Editor.locres' could not be opened for reading!
[2020.12.16-15.58.30:305][  0]LogTextLocalizationResource: LocRes '../../../Engine/Content/Localization/EditorTutorials/fr/EditorTutorials.locres' could not be opened for reading!
[2020.12.16-15.58.30:305][  0]LogTextLocalizationResource: LocRes '../../../Engine/Content/Localization/Keywords/fr/Keywords.locres' could not be opened for reading!
[2020.12.16-15.58.30:306][  0]LogTextLocalizationResource: LocRes '../../../Engine/Content/Localization/Category/fr/Category.locres' could not be opened for reading!
[2020.12.16-15.58.30:306][  0]LogTextLocalizationResource: LocRes '../../../Engine/Content/Localization/ToolTips/fr/ToolTips.locres' could not be opened for reading!
[2020.12.16-15.58.30:306][  0]LogTextLocalizationResource: LocRes '../../../Engine/Content/Localization/PropertyNames/fr/PropertyNames.locres' could not be opened for reading!
[2020.12.16-15.58.30:306][  0]LogTextLocalizationResource: LocRes '../../../Engine/Content/Localization/Engine/fr/Engine.locres' could not be opened for reading!
[2020.12.16-15.58.30:307][  0]LogInit: Setting process to per monitor DPI aware
[2020.12.16-15.58.30:370][  0]LogSlate: New Slate User Created.  User Index 0, Is Virtual User: 0
[2020.12.16-15.58.30:370][  0]LogSlate: Slate User Registered.  User Index 0, Is Virtual User: 0
[2020.12.16-15.58.30:677][  0]LogD3D11RHI: D3D11 min allowed feature level: 11_0
[2020.12.16-15.58.30:677][  0]LogD3D11RHI: D3D11 max allowed feature level: 11_0
[2020.12.16-15.58.30:677][  0]LogD3D11RHI: D3D11 adapters:
[2020.12.16-15.58.31:009][  0]LogD3D11RHI:    0. 'NVIDIA GeForce RTX 2060' (Feature Level 11_0)
[2020.12.16-15.58.31:009][  0]LogD3D11RHI:       5980/0/16359 MB DedicatedVideo/DedicatedSystem/SharedSystem, Outputs:2, VendorId:0x10de
[2020.12.16-15.58.31:013][  0]LogD3D11RHI:    1. 'Microsoft Basic Render Driver' (Feature Level 11_0)
[2020.12.16-15.58.31:013][  0]LogD3D11RHI:       0/0/16359 MB DedicatedVideo/DedicatedSystem/SharedSystem, Outputs:0, VendorId:0x1414
[2020.12.16-15.58.31:013][  0]LogD3D11RHI: Chosen D3D11 Adapter: 0
[2020.12.16-15.58.31:025][  0]LogD3D11RHI: Creating new Direct3DDevice
[2020.12.16-15.58.31:025][  0]LogD3D11RHI:     GPU DeviceId: 0x1f08 (for the marketing name, search the web for "GPU Device Id")
[2020.12.16-15.58.31:025][  0]LogWindows: EnumDisplayDevices:
[2020.12.16-15.58.31:025][  0]LogWindows:    0. 'NVIDIA GeForce RTX 2060' (P:0 D:1)
[2020.12.16-15.58.31:026][  0]LogWindows:    1. 'NVIDIA GeForce RTX 2060' (P:1 D:1)
[2020.12.16-15.58.31:026][  0]LogWindows:    2. 'NVIDIA GeForce RTX 2060' (P:0 D:0)
[2020.12.16-15.58.31:026][  0]LogWindows:    3. 'NVIDIA GeForce RTX 2060' (P:0 D:0)
[2020.12.16-15.58.31:026][  0]LogWindows: DebugString: FoundDriverCount:4 
[2020.12.16-15.58.31:026][  0]LogD3D11RHI:     Adapter Name: NVIDIA GeForce RTX 2060
[2020.12.16-15.58.31:026][  0]LogD3D11RHI:   Driver Version: 460.79 (internal:27.21.14.6079, unified:460.79)
[2020.12.16-15.58.31:026][  0]LogD3D11RHI:      Driver Date: 12-3-2020
[2020.12.16-15.58.31:026][  0]LogRHI: Texture pool is 4186 MB (70% of 5980 MB)
[2020.12.16-15.58.31:326][  0]LogD3D11RHI: RHI has support for 64 bit atomics
[2020.12.16-15.58.31:327][  0]LogD3D11RHI: Async texture creation enabled
[2020.12.16-15.58.31:327][  0]LogD3D11RHI: Array index from any shader is supported
[2020.12.16-15.58.31:329][  0]LogD3D11RHI: HDR output is supported on display 0 (NvId: 0x80061086).
[2020.12.16-15.58.31:349][  0]LogD3D11RHI: GPU Timing Frequency: 1000.000000 (Debug: 2 1)
[2020.12.16-15.58.31:796][  0]LogTargetPlatformManager: Display: Loaded TargetPlatform 'AllDesktop'
[2020.12.16-15.58.31:823][  0]LogTargetPlatformManager: Display: Loaded TargetPlatform 'Android'
[2020.12.16-15.58.31:823][  0]LogTargetPlatformManager: Display: Loaded TargetPlatform 'Android_ASTC'
[2020.12.16-15.58.31:823][  0]LogTargetPlatformManager: Display: Loaded TargetPlatform 'Android_DXT'
[2020.12.16-15.58.31:823][  0]LogTargetPlatformManager: Display: Loaded TargetPlatform 'Android_ETC2'
[2020.12.16-15.58.31:823][  0]LogTargetPlatformManager: Display: Loaded TargetPlatform 'AndroidClient'
[2020.12.16-15.58.31:823][  0]LogTargetPlatformManager: Display: Loaded TargetPlatform 'Android_ASTCClient'
[2020.12.16-15.58.31:823][  0]LogTargetPlatformManager: Display: Loaded TargetPlatform 'Android_DXTClient'
[2020.12.16-15.58.31:823][  0]LogTargetPlatformManager: Display: Loaded TargetPlatform 'Android_ETC2Client'
[2020.12.16-15.58.31:823][  0]LogTargetPlatformManager: Display: Loaded TargetPlatform 'Android_Multi'
[2020.12.16-15.58.31:823][  0]LogTargetPlatformManager: Display: Loaded TargetPlatform 'Android_MultiClient'
[2020.12.16-15.58.31:854][  0]LogTargetPlatformManager: Display: Loaded TargetPlatform 'IOSClient'
[2020.12.16-15.58.31:854][  0]LogTargetPlatformManager: Display: Loaded TargetPlatform 'IOS'
[2020.12.16-15.58.31:867][  0]LogTargetPlatformManager: Display: Loaded TargetPlatform 'Linux'
[2020.12.16-15.58.31:878][  0]LogTargetPlatformManager: Display: Loaded TargetPlatform 'LinuxNoEditor'
[2020.12.16-15.58.31:889][  0]LogTargetPlatformManager: Display: Loaded TargetPlatform 'LinuxClient'
[2020.12.16-15.58.31:901][  0]LogTargetPlatformManager: Display: Loaded TargetPlatform 'LinuxServer'
[2020.12.16-15.58.31:913][  0]LogTargetPlatformManager: Display: Loaded TargetPlatform 'LinuxAArch64NoEditor'
[2020.12.16-15.58.31:925][  0]LogTargetPlatformManager: Display: Loaded TargetPlatform 'LinuxAArch64Client'
[2020.12.16-15.58.31:937][  0]LogTargetPlatformManager: Display: Loaded TargetPlatform 'LinuxAArch64Server'
[2020.12.16-15.58.31:973][  0]LogTargetPlatformManager: Display: Loaded TargetPlatform 'Lumin'
[2020.12.16-15.58.31:973][  0]LogTargetPlatformManager: Display: Loaded TargetPlatform 'LuminClient'
[2020.12.16-15.58.31:993][  0]LogTargetPlatformManager: Display: Loaded TargetPlatform 'TVOSClient'
[2020.12.16-15.58.31:994][  0]LogTargetPlatformManager: Display: Loaded TargetPlatform 'TVOS'
[2020.12.16-15.58.32:005][  0]LogTargetPlatformManager: Display: Loaded TargetPlatform 'WindowsNoEditor'
[2020.12.16-15.58.32:017][  0]LogTargetPlatformManager: Display: Loaded TargetPlatform 'Windows'
[2020.12.16-15.58.32:029][  0]LogTargetPlatformManager: Display: Loaded TargetPlatform 'WindowsClient'
[2020.12.16-15.58.32:042][  0]LogTargetPlatformManager: Display: Loaded TargetPlatform 'WindowsServer'
[2020.12.16-15.58.32:042][  0]LogTargetPlatformManager: Display: Building Assets For Windows
[2020.12.16-15.58.32:053][  0]LogAudioDebug: Display: Lib vorbis DLL was dynamically loaded.
[2020.12.16-15.58.32:147][  0]LogShaderCompilers: Guid format shader working directory is -12 characters bigger than the processId version (S:/Users/Liamk/Development/Games/Sacrifice/VehicleTemplate/Intermediate/Shaders/WorkingDirectory/8388/).
[2020.12.16-15.58.32:148][  0]LogShaderCompilers: Cleaned the shader compiler working directory 'C:/Users/Liamk/AppData/Local/Temp/UnrealShaderWorkingDir/D63D4DD14F52E74F78C30D9BF4EF1B5E/'.
[2020.12.16-15.58.32:148][  0]LogXGEController: Cannot use XGE Controller as Incredibuild is not installed on this machine.
[2020.12.16-15.58.32:148][  0]LogShaderCompilers: Cannot use XGE Shader Compiler as Incredibuild is not installed on this machine.
[2020.12.16-15.58.32:148][  0]LogShaderCompilers: Display: Using Local Shader Compiler.
[2020.12.16-15.58.33:041][  0]LogDerivedDataCache: Display: Max Cache Size: 512 MB
[2020.12.16-15.58.33:117][  0]LogDerivedDataCache: Loaded boot cache 0.08s 133MB C:/Users/Liamk/AppData/Local/UnrealEngine/4.25/DerivedDataCache/Boot.ddc.
[2020.12.16-15.58.33:117][  0]LogDerivedDataCache: Display: Loaded Boot cache: C:/Users/Liamk/AppData/Local/UnrealEngine/4.25/DerivedDataCache/Boot.ddc
[2020.12.16-15.58.33:117][  0]LogDerivedDataCache: FDerivedDataBackendGraph:  Pak pak cache file S:/Users/Liamk/Development/Games/Sacrifice/VehicleTemplate/DerivedDataCache/DDC.ddp not found, will not use a pak cache.
[2020.12.16-15.58.33:117][  0]LogDerivedDataCache: Unable to find inner node Pak for hierarchical cache Hierarchy.
[2020.12.16-15.58.33:117][  0]LogDerivedDataCache: FDerivedDataBackendGraph:  CompressedPak pak cache file S:/Users/Liamk/Development/Games/Sacrifice/VehicleTemplate/DerivedDataCache/Compressed.ddp not found, will not use a pak cache.
[2020.12.16-15.58.33:117][  0]LogDerivedDataCache: Unable to find inner node CompressedPak for hierarchical cache Hierarchy.
[2020.12.16-15.58.33:128][  0]LogDerivedDataCache: Display: Pak cache opened for reading ../../../Engine/DerivedDataCache/Compressed.ddp.
[2020.12.16-15.58.33:128][  0]LogDerivedDataCache: FDerivedDataBackendGraph:  EnterprisePak pak cache file ../../../Enterprise/DerivedDataCache/Compressed.ddp not found, will not use a pak cache.
[2020.12.16-15.58.33:128][  0]LogDerivedDataCache: Unable to find inner node EnterprisePak for hierarchical cache Hierarchy.
[2020.12.16-15.58.33:130][  0]LogDerivedDataCache: Using Local data cache path C:/Users/Liamk/AppData/Local/UnrealEngine/Common/DerivedDataCache: Writable
[2020.12.16-15.58.33:130][  0]LogDerivedDataCache: Shared data cache path not found in *engine.ini, will not use an Shared cache.
[2020.12.16-15.58.33:130][  0]LogDerivedDataCache: Unable to find inner node Shared for hierarchical cache Hierarchy.
[2020.12.16-15.58.33:199][  0]LogSlate: Using FreeType 2.10.0
[2020.12.16-15.58.33:200][  0]LogSlate: SlateFontServices - WITH_FREETYPE: 1, WITH_HARFBUZZ: 1
[2020.12.16-15.58.33:227][  0]LogAssetRegistry: FAssetRegistry took 0.0031 seconds to start up
[2020.12.16-15.58.33:493][  0]LogInit: Selected Device Profile: [Windows]
[2020.12.16-15.58.33:629][  0]LogMeshReduction: Using QuadricMeshReduction for automatic static mesh reduction
[2020.12.16-15.58.33:630][  0]LogMeshReduction: Using SimplygonMeshReduction for automatic skeletal mesh reduction
[2020.12.16-15.58.33:630][  0]LogMeshReduction: Using ProxyLODMeshReduction for automatic mesh merging
[2020.12.16-15.58.33:630][  0]LogMeshReduction: No distributed automatic mesh merging module available
[2020.12.16-15.58.33:630][  0]LogMeshMerging: No distributed automatic mesh merging module available
[2020.12.16-15.58.33:651][  0]LogNetVersion: VehicleTemplate 1.0.0, NetCL: 13144385, EngineNetVer: 14, GameNetVer: 0 (Checksum: 2213190734)
[2020.12.16-15.58.34:122][  0]LogAISub: UAISubsystem::UAISubsystem AISubsystem (0000015494EFD680), frame # 0
[2020.12.16-15.58.34:122][  0]LogAISub: UAISubsystem::UAISubsystem AIPerceptionSystem (0000015494E5C180), frame # 0
[2020.12.16-15.58.34:123][  0]LogAISub: UAISubsystem::UAISubsystem EnvQueryManager (0000015494E79E00), frame # 0
[2020.12.16-15.58.34:191][  0]LogPackageLocalizationCache: Processed 18 localized package path(s) for 1 prioritized culture(s) in 0.060689 seconds
[2020.12.16-15.58.34:199][  0]LogUObjectArray: 15810 objects as part of root set at end of initial load.
[2020.12.16-15.58.34:199][  0]LogUObjectAllocator: 3938160 out of 0 bytes used by permanent object pool.
[2020.12.16-15.58.34:200][  0]LogUObjectArray: CloseDisregardForGC: 0/0 objects in disregard for GC pool
[2020.12.16-15.58.34:678][  0]LogTcpMessaging: Initializing TcpMessaging bridge
[2020.12.16-15.58.34:684][  0]LogUdpMessaging: Initializing bridge on interface 0.0.0.0:0 to multicast group 230.0.0.1:6666.
[2020.12.16-15.58.34:978][  0]SourceControl: Source control is disabled
[2020.12.16-15.58.34:978][  0]SourceControl: Source control is disabled
[2020.12.16-15.58.34:983][  0]SourceControl: Source control is disabled
[2020.12.16-15.58.34:988][  0]SourceControl: Source control is disabled
[2020.12.16-15.58.34:998][  0]SourceControl: Source control is disabled
[2020.12.16-15.58.35:362][  0]LogAndroidPermission: UAndroidPermissionCallbackProxy::GetInstance
[2020.12.16-15.58.35:392][  0]LogAudioCaptureCore: Display: No Audio Capture implementations found. Audio input will be silent.
[2020.12.16-15.58.35:392][  0]LogAudioCaptureCore: Display: No Audio Capture implementations found. Audio input will be silent.
[2020.12.16-15.58.35:466][  0]LogOcInput: OculusInput pre-init called
[2020.12.16-15.58.35:745][  0]LogEngine: Initializing Engine...
[2020.12.16-15.58.35:745][  0]LogMagicLeap: Warning: VR disabled because ZI is not enabled.  To enable, in the editor, Edit -> Project Settings -> Plugins -> Magic Leap Plugin -> Enable Zero Iteration
[2020.12.16-15.58.35:746][  0]LogStats: UGameplayTagsManager::InitializeManager -  0.000 s
[2020.12.16-15.58.35:909][  0]LogInit: Initializing FReadOnlyCVARCache
[2020.12.16-15.58.35:919][  0]LogAIModule: Creating AISystem for world Untitled
[2020.12.16-15.58.35:919][  0]LogAISub: UAISubsystem::UAISubsystem EnvQueryManager (00000154A0DECA00), frame # 0
[2020.12.16-15.58.35:919][  0]LogAISub: UAISubsystem::UAISubsystem AIPerceptionSystem (00000154A0DABB00), frame # 0
[2020.12.16-15.58.35:932][  0]LogAudioMixer: Display: Audio Mixer Platform Settings:
[2020.12.16-15.58.35:932][  0]LogAudioMixer: Display: 	Sample Rate:						  48000
[2020.12.16-15.58.35:932][  0]LogAudioMixer: Display: 	Callback Buffer Frame Size Requested: 1024
[2020.12.16-15.58.35:932][  0]LogAudioMixer: Display: 	Callback Buffer Frame Size To Use:	  1024
[2020.12.16-15.58.35:932][  0]LogAudioMixer: Display: 	Number of buffers to queue:			  2
[2020.12.16-15.58.35:932][  0]LogAudioMixer: Display: 	Max Channels (voices):				  32
[2020.12.16-15.58.35:932][  0]LogAudioMixer: Display: 	Number of Async Source Workers:		  0
[2020.12.16-15.58.35:932][  0]LogAudio: Display: AudioDevice MaxSources: 32
[2020.12.16-15.58.35:932][  0]LogAudio: Display: Using built-in audio occlusion.
[2020.12.16-15.58.35:932][  0]LogAudioMixer: Display: Initializing audio mixer.
[2020.12.16-15.58.35:956][  0]LogAudioMixer: Display: 0: FrontLeft
[2020.12.16-15.58.35:956][  0]LogAudioMixer: Display: 1: FrontRight
[2020.12.16-15.58.36:008][  0]LogAudioMixer: Display: Using Audio Device Headphones (WH-1000XM4 Stereo)
[2020.12.16-15.58.36:012][  0]LogAudioMixer: Display: Initializing Sound Submixes...
[2020.12.16-15.58.36:016][  0]LogAudioMixer: Display: Creating Master Submix 'MasterSubmixDefault'
[2020.12.16-15.58.36:016][  0]LogAudioMixer: Display: Creating Master Submix 'MasterReverbSubmixDefault'
[2020.12.16-15.58.36:017][  0]LogAudioMixer: Display: Creating Master Submix 'MasterEQSubmixDefault'
[2020.12.16-15.58.36:018][  0]LogInit: FAudioDevice initialized.
[2020.12.16-15.58.36:018][  0]LogNetVersion: Set ProjectVersion to 1.0.0.0. Version Checksum will be recalculated on next use.
[2020.12.16-15.58.36:106][  0]LogDerivedDataCache: Saved boot cache 0.09s 133MB C:/Users/Liamk/AppData/Local/UnrealEngine/4.25/DerivedDataCache/Boot.ddc.
[2020.12.16-15.58.36:114][  0]LogInit: Texture streaming: Enabled
[2020.12.16-15.58.36:142][  0]LogEngineSessionManager: EngineSessionManager initialized
[2020.12.16-15.58.36:142][  0]LogEditorSessionSummary: Verbose: Initializing EditorSessionSummaryWriter for editor session tracking
[2020.12.16-15.58.36:146][  0]LogEditorSessionSummary: EditorSessionSummaryWriter initialized
[2020.12.16-15.58.36:214][  0]LogInit: Transaction tracking system initialized
[2020.12.16-15.58.36:255][  0]BlueprintLog: New page: Editor Load
[2020.12.16-15.58.36:411][  0]LocalizationService: Localization service is disabled
[2020.12.16-15.58.36:636][  0]LogCook: Display: Max memory allowance for cook 16384mb min free memory 0mb
[2020.12.16-15.58.36:636][  0]LogCook: Display: Mobile HDR setting 1
[2020.12.16-15.58.36:881][  0]LogFileCache: Scanning file cache for directory 'S:/Users/Liamk/Development/Games/Sacrifice/VehicleTemplate/Content/' took 0.01s
[2020.12.16-15.58.36:881][  0]SourceControl: Source control is disabled
[2020.12.16-15.58.36:881][  0]LogUnrealEdMisc: Loading editor; pre map load, took 9.447
[2020.12.16-15.58.36:881][  0]Cmd: MAP LOAD FILE="S:/Users/Liamk/Development/Games/Sacrifice/VehicleTemplate/Content/VehicleCPP/Maps/VehicleExampleMap.umap" TEMPLATE=0 SHOWPROGRESS=1 FEATURELEVEL=3
[2020.12.16-15.58.36:882][  0]LightingResults: New page: Lighting Build
[2020.12.16-15.58.36:882][  0]LogWorld: UWorld::CleanupWorld for Untitled, bSessionEnded=true, bCleanupResources=true
[2020.12.16-15.58.36:883][  0]LogSlate: InvalidateAllWidgets triggered.  All widgets were invalidated
[2020.12.16-15.58.36:883][  0]MapCheck: New page: Map Check
[2020.12.16-15.58.36:883][  0]LightingResults: New page: Lighting Build
[2020.12.16-15.58.36:896][  0]LogAISub: UAISubsystem::~UAISubsystem EnvQueryManager (00000154A0DECA00), frame # 0
[2020.12.16-15.58.36:896][  0]LogAISub: UAISubsystem::~UAISubsystem AIPerceptionSystem (00000154A0DABB00), frame # 0
[2020.12.16-15.58.36:897][  0]LogUObjectHash: Compacting FUObjectHashTables data took   0.82ms
[2020.12.16-15.58.37:026][  0]LogAIModule: Creating AISystem for world VehicleExampleMap
[2020.12.16-15.58.37:026][  0]LogAISub: UAISubsystem::UAISubsystem EnvQueryManager (0000015481833E00), frame # 0
[2020.12.16-15.58.37:026][  0]LogAISub: UAISubsystem::UAISubsystem AIPerceptionSystem (0000015499C251C0), frame # 0
[2020.12.16-15.58.37:034][  0]LogEditorServer: Finished looking for orphan Actors (0.000 secs)
[2020.12.16-15.58.37:052][  0]LogUObjectHash: Compacting FUObjectHashTables data took   1.12ms
[2020.12.16-15.58.37:053][  0]Cmd: MAP CHECKDEP NOCLEARLOG
[2020.12.16-15.58.37:053][  0]MapCheck: Map check complete: 0 Error(s), 0 Warning(s), took 0,109ms to complete.
[2020.12.16-15.58.37:053][  0]LogFileHelpers: Loading map 'VehicleExampleMap' took 0.172
[2020.12.16-15.58.37:056][  0]LogUnrealEdMisc: Total Editor Startup Time, took 9.622
[2020.12.16-15.58.37:626][  0]LogSlate: Updating window title bar state: overlay mode, drag disabled, window buttons hidden, title bar hidden
[2020.12.16-15.58.37:633][  0]LogSlate: Updating window title bar state: overlay mode, drag disabled, window buttons hidden, title bar hidden
[2020.12.16-15.58.37:639][  0]LogSlate: Updating window title bar state: overlay mode, drag disabled, window buttons hidden, title bar hidden
[2020.12.16-15.58.37:647][  0]LogSlate: Updating window title bar state: overlay mode, drag disabled, window buttons hidden, title bar hidden
[2020.12.16-15.58.37:656][  0]LogCollectionManager: Loaded 0 collections in 0.001114 seconds
[2020.12.16-15.58.37:675][  0]LogFileCache: Scanning file cache for directory 'S:/Users/Liamk/Development/Games/Sacrifice/VehicleTemplate/Saved/Collections/' took 0.00s
[2020.12.16-15.58.37:675][  0]LogFileCache: Scanning file cache for directory 'S:/Users/Liamk/Development/Games/Sacrifice/VehicleTemplate/Content/Developers/Liamk/Collections/' took 0.00s
[2020.12.16-15.58.37:675][  0]LogFileCache: Scanning file cache for directory 'S:/Users/Liamk/Development/Games/Sacrifice/VehicleTemplate/Content/Collections/' took 0.00s
[2020.12.16-15.58.37:675][  0]LogContentBrowser: Native class hierarchy populated in 0.0110 seconds. Added 3429 classes and 819 folders.
[2020.12.16-15.58.37:678][  0]LogContentBrowser: Native class hierarchy updated for 'WidgetCarousel' in 0.0005 seconds. Added 0 classes and 0 folders.
[2020.12.16-15.58.37:776][  0]LogContentBrowser: Native class hierarchy updated for 'AddContentDialog' in 0.0005 seconds. Added 0 classes and 0 folders.
[2020.12.16-15.58.37:781][  0]LogContentBrowser: Native class hierarchy updated for 'SceneOutliner' in 0.0006 seconds. Added 2 classes and 0 folders.
[2020.12.16-15.58.37:933][  0]LogSlate: Took 0.000305 seconds to synchronously load lazily loaded font '../../../Engine/Content/Slate/Fonts/Roboto-Regular.ttf' (155K)
[2020.12.16-15.58.37:936][  0]LogSlate: Took 0.000308 seconds to synchronously load lazily loaded font '../../../Engine/Content/Slate/Fonts/Roboto-Bold.ttf' (160K)
[2020.12.16-15.58.37:941][  0]LogSlate: Took 0.000361 seconds to synchronously load lazily loaded font '../../../Engine/Content/Editor/Slate/Fonts/FontAwesome.ttf' (139K)
[2020.12.16-15.58.38:016][  0]LogRenderer: Reallocating scene render targets to support 1616x816 Format 10 NumSamples 1 (Frame:1).
[2020.12.16-15.58.38:137][  0]LogContentBrowser: Native class hierarchy updated for 'HierarchicalLODOutliner' in 0.0006 seconds. Added 0 classes and 0 folders.
[2020.12.16-15.58.38:137][  0]LogLoad: (Engine Initialization) Total time: 10.70 seconds
[2020.12.16-15.58.38:137][  0]LogLoad: (Engine Initialization) Total Blueprint compile time: 0.00 seconds
[2020.12.16-15.58.38:149][  0]LogRawInputWindows: Warning: Found device 18 devices
[2020.12.16-15.58.38:149][  0]LogRawInputWindows: Warning: Found device 18 devices
[2020.12.16-15.58.38:149][  0]LogRawInputWindows: Warning: Device was registered succesfully but not connected (Usage:4 UsagePage:1)
[2020.12.16-15.58.38:152][  0]LogRawInputWindows: Warning: Found device 18 devices
[2020.12.16-15.58.38:152][  0]LogRawInputWindows: Warning: Device was registered succesfully but not connected (Usage:5 UsagePage:1)
[2020.12.16-15.58.38:205][  0]LogAssetRegistry: Asset discovery search completed in 4.9792 seconds
[2020.12.16-15.58.38:208][  0]LogCollectionManager: Fixed up redirectors for 0 collections in 0.000002 seconds (updated 0 objects)
[2020.12.16-15.58.38:210][  0]LogContentStreaming: Texture pool size now 1000 MB
[2020.12.16-15.58.40:774][282]LogSlate: Window 'Plugins' being destroyed
[2020.12.16-15.58.40:784][282]LogSlate: Window 'Plugins' being destroyed
[2020.12.16-15.58.40:784][282]LogDirectoryWatcher: A directory notification for '../../../Engine/Plugins/' was aborted.
[2020.12.16-15.58.47:438][987]LogSlate: Took 0.000364 seconds to synchronously load lazily loaded font '../../../Engine/Content/Slate/Fonts/Roboto-Light.ttf' (167K)
[2020.12.16-15.58.47:472][987]LogUObjectHash: Compacting FUObjectHashTables data took   0.65ms
[2020.12.16-15.58.47:558][987]LogSavePackage: Moving 'S:/Users/Liamk/Development/Games/Sacrifice/VehicleTemplate/Saved/VehicleExampleMap0A05C1F7475CE407C23DC08E720F8283.tmp' to 'S:/Users/Liamk/Development/Games/Sacrifice/VehicleTemplate/Content/VehicleCPP/Maps/VehicleExampleMap.umap'
[2020.12.16-15.58.48:314][987]LogSavePackage: Moving 'S:/Users/Liamk/Development/Games/Sacrifice/VehicleTemplate/Saved/VehicleExampleMap_BuiltDataF74A73DA421826DF58053FA1C4A59065.tmp' to 'S:/Users/Liamk/Development/Games/Sacrifice/VehicleTemplate/Content/VehicleCPP/Maps/VehicleExampleMap_BuiltData.uasset'
[2020.12.16-15.58.48:343][987]AssetCheck: New page: Asset Save: multiple assets
[2020.12.16-15.58.48:343][987]LogContentValidation: Display: Validating World /Game/VehicleCPP/Maps/VehicleExampleMap.VehicleExampleMap
[2020.12.16-15.58.48:343][987]LogContentValidation: Display: Validating MapBuildDataRegistry /Game/VehicleCPP/Maps/VehicleExampleMap_BuiltData.VehicleExampleMap_BuiltData
[2020.12.16-15.59.37:955][675]LogSlate: WidgetSwitcher ('None') active index changed to -1
[2020.12.16-15.59.37:955][675]LogSlate: WidgetSwitcher ('None') active index changed to 1
[2020.12.16-15.59.37:993][675]LogSlate: Took 0.000392 seconds to synchronously load lazily loaded font '../../../Engine/Content/Slate/Fonts/Roboto-BoldCondensed.ttf' (158K)
[2020.12.16-15.59.42:061][138]LogAssetEditorSubsystem: Opening Asset editor for Blueprint /Game/BP_VehicleTemplatePawn.BP_VehicleTemplatePawn
[2020.12.16-15.59.42:282][138]LogContentBrowser: Native class hierarchy updated for 'BlueprintGraph' in 0.0009 seconds. Added 125 classes and 0 folders.
[2020.12.16-15.59.43:348][138]LogSlate: Window 'Add Blueprint Class' being destroyed
[2020.12.16-15.59.46:649][375]Cmd: OBJ SAVEPACKAGE PACKAGE="/Game/BP_VehicleTemplatePawn" FILE="S:/Users/Liamk/Development/Games/Sacrifice/VehicleTemplate/Content/BP_VehicleTemplatePawn.uasset" SILENT=true
[2020.12.16-15.59.46:662][375]LogSavePackage: Moving 'S:/Users/Liamk/Development/Games/Sacrifice/VehicleTemplate/Saved/BP_VehicleTemplatePawn6D8F78054445370E883491BF96F3D78E.tmp' to 'S:/Users/Liamk/Development/Games/Sacrifice/VehicleTemplate/Content/BP_VehicleTemplatePawn.uasset'
[2020.12.16-15.59.46:711][375]AssetCheck: New page: Asset Save: BP_VehicleTemplatePawn
[2020.12.16-15.59.46:712][375]LogContentValidation: Display: Validating Blueprint /Game/BP_VehicleTemplatePawn.BP_VehicleTemplatePawn
[2020.12.16-15.59.49:472][571]LogMetaData: Removing '/Game/Blueprints/BP_VehicleTemplatePawn.BP_VehicleTemplatePawn:UserConstructionScript.K2Node_FunctionEntry_0' ref from Metadata '/Game/BP_VehicleTemplatePawn.PackageMetaData'
[2020.12.16-15.59.49:472][571]LogMetaData: Removing '/Game/Blueprints/BP_VehicleTemplatePawn.SKEL_BP_VehicleTemplatePawn_C:UserConstructionScript' ref from Metadata '/Game/BP_VehicleTemplatePawn.PackageMetaData'
[2020.12.16-15.59.49:472][571]LogMetaData: Removing '/Game/Blueprints/BP_VehicleTemplatePawn.SKEL_BP_VehicleTemplatePawn_C' ref from Metadata '/Game/BP_VehicleTemplatePawn.PackageMetaData'
[2020.12.16-15.59.49:472][571]LogMetaData: Removing '/Game/Blueprints/BP_VehicleTemplatePawn.BP_VehicleTemplatePawn_C' ref from Metadata '/Game/BP_VehicleTemplatePawn.PackageMetaData'
[2020.12.16-15.59.49:472][571]LogMetaData: Removing '/Game/Blueprints/BP_VehicleTemplatePawn.BP_VehicleTemplatePawn:EventGraph.K2Node_Event_0' ref from Metadata '/Game/BP_VehicleTemplatePawn.PackageMetaData'
[2020.12.16-15.59.49:472][571]LogMetaData: Removing '/Game/Blueprints/BP_VehicleTemplatePawn.BP_VehicleTemplatePawn:EventGraph.K2Node_Event_1' ref from Metadata '/Game/BP_VehicleTemplatePawn.PackageMetaData'
[2020.12.16-15.59.49:472][571]LogMetaData: Removing '/Game/Blueprints/BP_VehicleTemplatePawn.BP_VehicleTemplatePawn:EventGraph.K2Node_Event_2' ref from Metadata '/Game/BP_VehicleTemplatePawn.PackageMetaData'
[2020.12.16-15.59.49:531][571]Cmd: OBJ SAVEPACKAGE PACKAGE="/Game/Blueprints/BP_VehicleTemplatePawn" FILE="S:/Users/Liamk/Development/Games/Sacrifice/VehicleTemplate/Content/Blueprints/BP_VehicleTemplatePawn.uasset" SILENT=true
[2020.12.16-15.59.49:545][571]LogSavePackage: Moving 'S:/Users/Liamk/Development/Games/Sacrifice/VehicleTemplate/Saved/BP_VehicleTemplatePawn0045EDE549F1BF95F20874A2D4E06390.tmp' to 'S:/Users/Liamk/Development/Games/Sacrifice/VehicleTemplate/Content/Blueprints/BP_VehicleTemplatePawn.uasset'
[2020.12.16-15.59.49:819][571]LogUObjectHash: Compacting FUObjectHashTables data took   2.43ms
[2020.12.16-15.59.49:852][571]LogUObjectHash: Compacting FUObjectHashTables data took   1.37ms
[2020.12.16-15.59.49:876][571]LogUObjectHash: Compacting FUObjectHashTables data took   2.33ms
[2020.12.16-15.59.49:942][571]AssetCheck: New page: Asset Save: BP_VehicleTemplatePawn
[2020.12.16-15.59.49:942][571]LogContentValidation: Display: Validating Blueprint /Game/Blueprints/BP_VehicleTemplatePawn.BP_VehicleTemplatePawn
[2020.12.16-15.59.53:306][779]LogMetaData: Removing '/Game/Blueprints/Pawns/BP_VehicleTemplatePawn.BP_VehicleTemplatePawn_C' ref from Metadata '/Game/Blueprints/BP_VehicleTemplatePawn.PackageMetaData'
[2020.12.16-15.59.53:306][779]LogMetaData: Removing '/Game/Blueprints/Pawns/BP_VehicleTemplatePawn.SKEL_BP_VehicleTemplatePawn_C' ref from Metadata '/Game/Blueprints/BP_VehicleTemplatePawn.PackageMetaData'
[2020.12.16-15.59.53:306][779]LogMetaData: Removing '/Game/Blueprints/Pawns/BP_VehicleTemplatePawn.SKEL_BP_VehicleTemplatePawn_C:UserConstructionScript' ref from Metadata '/Game/Blueprints/BP_VehicleTemplatePawn.PackageMetaData'
[2020.12.16-15.59.53:307][779]LogMetaData: Removing '/Game/Blueprints/Pawns/BP_VehicleTemplatePawn.BP_VehicleTemplatePawn:UserConstructionScript.K2Node_FunctionEntry_0' ref from Metadata '/Game/Blueprints/BP_VehicleTemplatePawn.PackageMetaData'
[2020.12.16-15.59.53:307][779]LogMetaData: Removing '/Game/Blueprints/Pawns/BP_VehicleTemplatePawn.BP_VehicleTemplatePawn:EventGraph.K2Node_Event_0' ref from Metadata '/Game/Blueprints/BP_VehicleTemplatePawn.PackageMetaData'
[2020.12.16-15.59.53:307][779]LogMetaData: Removing '/Game/Blueprints/Pawns/BP_VehicleTemplatePawn.BP_VehicleTemplatePawn:EventGraph.K2Node_Event_1' ref from Metadata '/Game/Blueprints/BP_VehicleTemplatePawn.PackageMetaData'
[2020.12.16-15.59.53:307][779]LogMetaData: Removing '/Game/Blueprints/Pawns/BP_VehicleTemplatePawn.BP_VehicleTemplatePawn:EventGraph.K2Node_Event_2' ref from Metadata '/Game/Blueprints/BP_VehicleTemplatePawn.PackageMetaData'
[2020.12.16-15.59.53:376][779]LogSavePackage: Moving 'S:/Users/Liamk/Development/Games/Sacrifice/VehicleTemplate/Saved/BP_VehicleTemplatePawn649B9E0E43C18299B2E57EA8C22F9C28.tmp' to 'S:/Users/Liamk/Development/Games/Sacrifice/VehicleTemplate/Content/Blueprints/Pawns/BP_VehicleTemplatePawn.uasset'
[2020.12.16-15.59.53:565][779]LogUObjectHash: Compacting FUObjectHashTables data took   1.66ms
[2020.12.16-15.59.53:607][779]LogUObjectHash: Compacting FUObjectHashTables data took   4.35ms
[2020.12.16-15.59.53:626][779]LogUObjectHash: Compacting FUObjectHashTables data took   0.45ms
[2020.12.16-15.59.53:675][779]AssetCheck: New page: Asset Save: BP_VehicleTemplatePawn
[2020.12.16-15.59.53:675][779]LogContentValidation: Display: Validating Blueprint /Game/Blueprints/Pawns/BP_VehicleTemplatePawn.BP_VehicleTemplatePawn
[2020.12.16-16.00.05:165][623]LogSlate: WidgetSwitcher ('None') active index changed to -1
[2020.12.16-16.00.05:165][623]LogSlate: WidgetSwitcher ('None') active index changed to 1
[2020.12.16-16.00.11:330][ 82]LogAssetEditorSubsystem: Opening Asset editor for Blueprint /Game/Blueprints/GameModes/BP_VehicleTemplateGameMode.BP_VehicleTemplateGameMode
[2020.12.16-16.00.11:726][ 82]LogSlate: Window 'Add Blueprint Class' being destroyed
[2020.12.16-16.00.13:378][183]LogSavePackage: Moving 'S:/Users/Liamk/Development/Games/Sacrifice/VehicleTemplate/Saved/BP_VehicleTemplateGameMode2288E62C4A2979BB2BBBF592EDFD23BF.tmp' to 'S:/Users/Liamk/Development/Games/Sacrifice/VehicleTemplate/Content/Blueprints/GameModes/BP_VehicleTemplateGameMode.uasset'
[2020.12.16-16.00.13:469][183]AssetCheck: New page: Asset Save: BP_VehicleTemplateGameMode
[2020.12.16-16.00.13:470][183]LogContentValidation: Display: Validating Blueprint /Game/Blueprints/GameModes/BP_VehicleTemplateGameMode.BP_VehicleTemplateGameMode
[2020.12.16-16.00.14:588][272]LogWorld: UWorld::CleanupWorld for World_5, bSessionEnded=true, bCleanupResources=true
[2020.12.16-16.00.14:588][272]LogSlate: InvalidateAllWidgets triggered.  All widgets were invalidated
[2020.12.16-16.00.17:355][393]LogRenderer: Reallocating scene render targets to support 1616x1004 Format 10 NumSamples 1 (Frame:1400).
[2020.12.16-16.00.17:453][404]LogSlate: Window 'BP_VehicleTemplatePawn' being destroyed
[2020.12.16-16.00.23:098][979]LogAssetEditorSubsystem: Opening Asset editor for Blueprint /Game/Blueprints/GameModes/BP_VehicleTemplateGameMode.BP_VehicleTemplateGameMode
