Log file open, 12/17/20 17:01:28
LogInit: Display: Running engine for game: VehicleTemplate
LogPlatformFile: Not using cached read wrapper
LogTaskGraph: Started task graph with 5 named threads and 35 total threads with 3 sets of task threads.
LogStats: Stats thread started at 0.269048
LogD3D11RHI: Loaded GFSDK_Aftermath_Lib.x64.dll
LogICUInternationalization: ICU TimeZone Detection - Raw Offset: +0:00, Platform Override: ''
LogPluginManager: Mounting plugin Paper2D
LogPluginManager: Mounting plugin AISupport
LogPluginManager: Mounting plugin LightPropagationVolume
LogPluginManager: Mounting plugin CameraShakePreviewer
LogPluginManager: Mounting plugin ActorLayerUtilities
LogPluginManager: Mounting plugin AnimationSharing
LogPluginManager: Mounting plugin CLionSourceCodeAccess
LogPluginManager: Mounting plugin CodeLiteSourceCodeAccess
LogPluginManager: Mounting plugin GitSourceControl
LogPluginManager: Mounting plugin KDevelopSourceCodeAccess
LogPluginManager: Mounting plugin NullSourceCodeAccess
LogPluginManager: Mounting plugin PerforceSourceControl
LogPluginManager: Mounting plugin PlasticSourceControl
LogPluginManager: Mounting plugin RiderSourceCodeAccess
LogPluginManager: Mounting plugin SubversionSourceControl
LogPluginManager: Mounting plugin UObjectPlugin
LogPluginManager: Mounting plugin VisualStudioCodeSourceCodeAccess
LogPluginManager: Mounting plugin VisualStudioSourceCodeAccess
LogPluginManager: Mounting plugin XCodeSourceCodeAccess
LogPluginManager: Mounting plugin AssetManagerEditor
LogPluginManager: Mounting plugin CryptoKeys
LogPluginManager: Mounting plugin CurveEditorTools
LogPluginManager: Mounting plugin DataValidation
LogPluginManager: Mounting plugin EditorScriptingUtilities
LogPluginManager: Mounting plugin FacialAnimation
LogPluginManager: Mounting plugin GameplayTagsEditor
LogPluginManager: Mounting plugin GeometryMode
LogPluginManager: Mounting plugin MacGraphicsSwitching
LogPluginManager: Mounting plugin MaterialAnalyzer
LogPluginManager: Mounting plugin MobileLauncherProfileWizard
LogPluginManager: Mounting plugin PluginBrowser
LogPluginManager: Mounting plugin SpeedTreeImporter
LogPluginManager: Mounting plugin DatasmithContent
LogPluginManager: Mounting plugin VariantManagerContent
LogPluginManager: Mounting plugin AlembicImporter
LogPluginManager: Mounting plugin AutomationUtils
LogPluginManager: Mounting plugin BackChannel
LogPluginManager: Mounting plugin ChaosCloth
LogPluginManager: Mounting plugin ChaosClothEditor
LogPluginManager: Mounting plugin ChaosEditor
LogPluginManager: Mounting plugin ChaosNiagara
LogPluginManager: Mounting plugin ChaosSolverPlugin
LogPluginManager: Mounting plugin CharacterAI
LogPluginManager: Mounting plugin GeometryCache
LogPluginManager: Mounting plugin GeometryCollectionPlugin
LogPluginManager: Mounting plugin GeometryProcessing
LogPluginManager: Mounting plugin PlanarCut
LogPluginManager: Mounting plugin PlatformCrypto
LogPluginManager: Mounting plugin ProxyLODPlugin
LogPluginManager: Mounting plugin RawInput
LogPluginManager: Mounting plugin SkeletalReduction
LogPluginManager: Mounting plugin Niagara
LogPluginManager: Mounting plugin MagicLeap
LogPluginManager: Mounting plugin MagicLeapLightEstimation
LogPluginManager: Mounting plugin MagicLeapMedia
LogPluginManager: Mounting plugin MagicLeapPassableWorld
LogPluginManager: Mounting plugin MLSDK
LogPluginManager: Mounting plugin AndroidMedia
LogPluginManager: Mounting plugin AvfMedia
LogPluginManager: Mounting plugin ImgMedia
LogPluginManager: Mounting plugin MediaCompositing
LogPluginManager: Mounting plugin MediaPlayerEditor
LogPluginManager: Mounting plugin WebMMedia
LogPluginManager: Mounting plugin WmfMedia
LogPluginManager: Mounting plugin MeshPainting
LogPluginManager: Mounting plugin TcpMessaging
LogPluginManager: Mounting plugin UdpMessaging
LogPluginManager: Mounting plugin ActorSequence
LogPluginManager: Mounting plugin LevelSequenceEditor
LogPluginManager: Mounting plugin MatineeToLevelSequence
LogPluginManager: Mounting plugin MovieRenderPipeline
LogPluginManager: Mounting plugin TemplateSequence
LogPluginManager: Mounting plugin NetcodeUnitTest
LogPluginManager: Mounting plugin NUTUnrealEngine4
LogPluginManager: Mounting plugin OnlineSubsystemGooglePlay
LogPluginManager: Mounting plugin OnlineSubsystemIOS
LogPluginManager: Mounting plugin OnlineSubsystem
LogPluginManager: Mounting plugin OnlineSubsystemNull
LogPluginManager: Mounting plugin OnlineSubsystemUtils
LogPluginManager: Mounting plugin LauncherChunkInstaller
LogPluginManager: Mounting plugin AndroidDeviceProfileSelector
LogPluginManager: Mounting plugin AndroidMoviePlayer
LogPluginManager: Mounting plugin AndroidPermission
LogPluginManager: Mounting plugin AppleImageUtils
LogPluginManager: Mounting plugin AppleMoviePlayer
LogPluginManager: Mounting plugin ArchVisCharacter
LogPluginManager: Mounting plugin AssetTags
LogPluginManager: Mounting plugin AudioCapture
LogPluginManager: Mounting plugin CableComponent
LogPluginManager: Mounting plugin CustomMeshComponent
LogPluginManager: Mounting plugin EditableMesh
LogPluginManager: Mounting plugin ExampleDeviceProfileSelector
LogPluginManager: Mounting plugin GoogleCloudMessaging
LogPluginManager: Mounting plugin GooglePAD
LogPluginManager: Mounting plugin IOSDeviceProfileSelector
LogPluginManager: Mounting plugin LinuxDeviceProfileSelector
LogPluginManager: Mounting plugin LocationServicesBPLibrary
LogPluginManager: Mounting plugin MobilePatchingUtils
LogPluginManager: Mounting plugin OculusVR
LogPluginManager: Mounting plugin PhysXVehicles
LogPluginManager: Mounting plugin PostSplashScreen
LogPluginManager: Mounting plugin ProceduralMeshComponent
LogPluginManager: Mounting plugin RuntimePhysXCooking
LogPluginManager: Mounting plugin SignificanceManager
LogPluginManager: Mounting plugin SoundFields
LogPluginManager: Mounting plugin Synthesis
LogPluginManager: Mounting plugin WebMMoviePlayer
LogPluginManager: Mounting plugin WindowsMoviePlayer
LogPluginManager: Mounting plugin ScreenshotTools
LogInit: Using libcurl 7.55.1-DEV
LogInit:  - built for x86_64-pc-win32
LogInit:  - supports SSL with OpenSSL/1.1.1
LogInit:  - supports HTTP deflate (compression) using libz 1.2.8
LogInit:  - other features:
LogInit:      CURL_VERSION_SSL
LogInit:      CURL_VERSION_LIBZ
LogInit:      CURL_VERSION_IPV6
LogInit:      CURL_VERSION_ASYNCHDNS
LogInit:      CURL_VERSION_LARGEFILE
LogInit:      CURL_VERSION_IDN
LogInit:  CurlRequestOptions (configurable via config and command line):
LogInit:  - bVerifyPeer = true  - Libcurl will verify peer certificate
LogInit:  - bUseHttpProxy = false  - Libcurl will NOT use HTTP proxy
LogInit:  - bDontReuseConnections = false  - Libcurl will reuse connections
LogInit:  - MaxHostConnections = 16  - Libcurl will limit the number of connections to a host
LogInit:  - LocalHostAddr = Default
LogInit:  - BufferSize = 65536
LogOnline: OSS: Creating online subsystem instance for: NULL
LogInit: WinSock: version 1.1 (2.2), MaxSocks=32767, MaxUdp=65467
LogOnline: OSS: TryLoadSubsystemAndSetDefault: Loaded subsystem for module [NULL]
LogOculusPluginWrapper: OculusPlugin initialized successfully
LogHMD: Failed initializing OVRPlugin 1.44.0
LogInit: Build: ++UE4+Release-4.25-CL-14469661
LogInit: Engine Version: 4.25.4-14469661+++UE4+Release-4.25
LogInit: Compatible Engine Version: 4.25.0-13144385+++UE4+Release-4.25
LogInit: Net CL: 13144385
LogInit: OS: Windows 10 (Release 1909) (), CPU: AMD Ryzen 5 2600 Six-Core Processor            , GPU: NVIDIA GeForce RTX 2060
LogInit: Compiled (64-bit): Oct 11 2020 08:10:49
LogInit: Compiled with Visual C++: 19.24.28315.00
LogInit: Build Configuration: Development
LogInit: Branch Name: ++UE4+Release-4.25
LogInit: Command Line: 
LogInit: Base Directory: D:/Program Files/Epic Games/UE_4.25/Engine/Binaries/Win64/
LogInit: Allocator: TBB
LogInit: Installed Engine Build: 1
LogDevObjectVersion: Number of dev versions registered: 26
LogDevObjectVersion:   Dev-Blueprints (B0D832E4-1F89-4F0D-ACCF-7EB736FD4AA2): 10
LogDevObjectVersion:   Dev-Build (E1C64328-A22C-4D53-A36C-8E866417BD8C): 0
LogDevObjectVersion:   Dev-Core (375EC13C-06E4-48FB-B500-84F0262A717E): 4
LogDevObjectVersion:   Dev-Editor (E4B068ED-F494-42E9-A231-DA0B2E46BB41): 38
LogDevObjectVersion:   Dev-Framework (CFFC743F-43B0-4480-9391-14DF171D2073): 37
LogDevObjectVersion:   Dev-Mobile (B02B49B5-BB20-44E9-A304-32B752E40360): 2
LogDevObjectVersion:   Dev-Networking (A4E4105C-59A1-49B5-A7C5-40C4547EDFEE): 0
LogDevObjectVersion:   Dev-Online (39C831C9-5AE6-47DC-9A44-9C173E1C8E7C): 0
LogDevObjectVersion:   Dev-Physics (78F01B33-EBEA-4F98-B9B4-84EACCB95AA2): 4
LogDevObjectVersion:   Dev-Platform (6631380F-2D4D-43E0-8009-CF276956A95A): 0
LogDevObjectVersion:   Dev-Rendering (12F88B9F-8875-4AFC-A67C-D90C383ABD29): 43
LogDevObjectVersion:   Dev-Sequencer (7B5AE74C-D270-4C10-A958-57980B212A5A): 12
LogDevObjectVersion:   Dev-VR (D7296918-1DD6-4BDD-9DE2-64A83CC13884): 3
LogDevObjectVersion:   Dev-LoadTimes (C2A15278-BFE7-4AFE-6C17-90FF531DF755): 1
LogDevObjectVersion:   Private-Geometry (6EACA3D4-40EC-4CC1-B786-8BED09428FC5): 3
LogDevObjectVersion:   Dev-AnimPhys (29E575DD-E0A3-4627-9D10-D276232CDCEA): 17
LogDevObjectVersion:   Dev-Anim (AF43A65D-7FD3-4947-9873-3E8ED9C1BB05): 7
LogDevObjectVersion:   Dev-ReflectionCapture (6B266CEC-1EC7-4B8F-A30B-E4D90942FC07): 1
LogDevObjectVersion:   Dev-Automation (0DF73D61-A23F-47EA-B727-89E90C41499A): 1
LogDevObjectVersion:   FortniteMain (601D1886-AC64-4F84-AA16-D3DE0DEAC7D6): 31
LogDevObjectVersion:   Dev-Enterprise (9DFFBCD6-494F-0158-E221-12823C92A888): 10
LogDevObjectVersion:   Dev-Niagara (F2AED0AC-9AFE-416F-8664-AA7FFA26D6FC): 1
LogDevObjectVersion:   Dev-Destruction (174F1F0B-B4C6-45A5-B13F-2EE8D0FB917D): 10
LogDevObjectVersion:   Dev-Physics-Ext (35F94A83-E258-406C-A318-09F59610247C): 37
LogDevObjectVersion:   Dev-PhysicsMaterial-Chaos (B68FC16E-8B1B-42E2-B453-215C058844FE): 1
LogDevObjectVersion:   Dev-CineCamera (B2E18506-4273-CFC2-A54E-F4BB758BBA07): 1
LogInit: Presizing for max 25165824 objects, including 0 objects not considered by GC, pre-allocating 0 bytes for permanent pool.
LogConfig: Applying CVar settings from Section [/Script/Engine.StreamingSettings] File [S:/Users/Liamk/Development/Games/Sacrifice/VehicleTemplate/Saved/Config/Windows/Engine.ini]
LogConfig: Setting CVar [[s.MinBulkDataSizeForAsyncLoading:131072]]
LogConfig: Setting CVar [[s.AsyncLoadingThreadEnabled:0]]
LogConfig: Setting CVar [[s.EventDrivenLoaderEnabled:1]]
LogConfig: Setting CVar [[s.WarnIfTimeLimitExceeded:0]]
LogConfig: Setting CVar [[s.TimeLimitExceededMultiplier:1.5]]
LogConfig: Setting CVar [[s.TimeLimitExceededMinTime:0.005]]
LogConfig: Setting CVar [[s.UseBackgroundLevelStreaming:1]]
LogConfig: Setting CVar [[s.PriorityAsyncLoadingExtraTime:15.0]]
LogConfig: Setting CVar [[s.LevelStreamingActorsUpdateTimeLimit:5.0]]
LogConfig: Setting CVar [[s.PriorityLevelStreamingActorsUpdateExtraTime:5.0]]
LogConfig: Setting CVar [[s.LevelStreamingComponentsRegistrationGranularity:10]]
LogConfig: Setting CVar [[s.UnregisterComponentsTimeLimit:1.0]]
LogConfig: Setting CVar [[s.LevelStreamingComponentsUnregistrationGranularity:5]]
LogConfig: Setting CVar [[s.FlushStreamingOnExit:1]]
LogInit: Object subsystem initialized
LogConfig: Setting CVar [[con.DebugEarlyDefault:1]]
LogConfig: Setting CVar [[r.setres:1280x720]]
[2020.12.17-17.01.29:163][  0]LogConfig: Setting CVar [[r.VSync:0]]
[2020.12.17-17.01.29:163][  0]LogConfig: Setting CVar [[r.RHICmdBypass:0]]
[2020.12.17-17.01.29:163][  0]LogConfig: Applying CVar settings from Section [/Script/Engine.RendererSettings] File [S:/Users/Liamk/Development/Games/Sacrifice/VehicleTemplate/Saved/Config/Windows/Engine.ini]
[2020.12.17-17.01.29:163][  0]LogConfig: Setting CVar [[r.GPUCrashDebugging:0]]
[2020.12.17-17.01.29:163][  0]LogConfig: Setting CVar [[r.SkinCache.CompileShaders:1]]
[2020.12.17-17.01.29:163][  0]LogConfig: Setting CVar [[r.RayTracing:1]]
[2020.12.17-17.01.29:163][  0]LogConfig: Applying CVar settings from Section [/Script/Engine.RendererOverrideSettings] File [S:/Users/Liamk/Development/Games/Sacrifice/VehicleTemplate/Saved/Config/Windows/Engine.ini]
[2020.12.17-17.01.29:163][  0]LogConfig: Applying CVar settings from Section [/Script/Engine.StreamingSettings] File [S:/Users/Liamk/Development/Games/Sacrifice/VehicleTemplate/Saved/Config/Windows/Engine.ini]
[2020.12.17-17.01.29:163][  0]LogConfig: Setting CVar [[s.MinBulkDataSizeForAsyncLoading:131072]]
[2020.12.17-17.01.29:163][  0]LogConfig: Setting CVar [[s.AsyncLoadingThreadEnabled:0]]
[2020.12.17-17.01.29:163][  0]LogConfig: Setting CVar [[s.EventDrivenLoaderEnabled:1]]
[2020.12.17-17.01.29:163][  0]LogConfig: Setting CVar [[s.WarnIfTimeLimitExceeded:0]]
[2020.12.17-17.01.29:163][  0]LogConfig: Setting CVar [[s.TimeLimitExceededMultiplier:1.5]]
[2020.12.17-17.01.29:163][  0]LogConfig: Setting CVar [[s.TimeLimitExceededMinTime:0.005]]
[2020.12.17-17.01.29:163][  0]LogConfig: Setting CVar [[s.UseBackgroundLevelStreaming:1]]
[2020.12.17-17.01.29:163][  0]LogConfig: Setting CVar [[s.PriorityAsyncLoadingExtraTime:15.0]]
[2020.12.17-17.01.29:163][  0]LogConfig: Setting CVar [[s.LevelStreamingActorsUpdateTimeLimit:5.0]]
[2020.12.17-17.01.29:163][  0]LogConfig: Setting CVar [[s.PriorityLevelStreamingActorsUpdateExtraTime:5.0]]
[2020.12.17-17.01.29:163][  0]LogConfig: Setting CVar [[s.LevelStreamingComponentsRegistrationGranularity:10]]
[2020.12.17-17.01.29:163][  0]LogConfig: Setting CVar [[s.UnregisterComponentsTimeLimit:1.0]]
[2020.12.17-17.01.29:163][  0]LogConfig: Setting CVar [[s.LevelStreamingComponentsUnregistrationGranularity:5]]
[2020.12.17-17.01.29:163][  0]LogConfig: Setting CVar [[s.FlushStreamingOnExit:1]]
[2020.12.17-17.01.29:163][  0]LogConfig: Applying CVar settings from Section [/Script/Engine.GarbageCollectionSettings] File [S:/Users/Liamk/Development/Games/Sacrifice/VehicleTemplate/Saved/Config/Windows/Engine.ini]
[2020.12.17-17.01.29:163][  0]LogConfig: Setting CVar [[gc.MaxObjectsNotConsideredByGC:1]]
[2020.12.17-17.01.29:163][  0]LogConfig: Setting CVar [[gc.SizeOfPermanentObjectPool:0]]
[2020.12.17-17.01.29:163][  0]LogConfig: Setting CVar [[gc.FlushStreamingOnGC:0]]
[2020.12.17-17.01.29:163][  0]LogConfig: Setting CVar [[gc.NumRetriesBeforeForcingGC:10]]
[2020.12.17-17.01.29:163][  0]LogConfig: Setting CVar [[gc.AllowParallelGC:1]]
[2020.12.17-17.01.29:163][  0]LogConfig: Setting CVar [[gc.TimeBetweenPurgingPendingKillObjects:61.1]]
[2020.12.17-17.01.29:163][  0]LogConfig: Setting CVar [[gc.MaxObjectsInEditor:25165824]]
[2020.12.17-17.01.29:163][  0]LogConfig: Setting CVar [[gc.IncrementalBeginDestroyEnabled:1]]
[2020.12.17-17.01.29:163][  0]LogConfig: Setting CVar [[gc.CreateGCClusters:1]]
[2020.12.17-17.01.29:163][  0]LogConfig: Setting CVar [[gc.MinGCClusterSize:5]]
[2020.12.17-17.01.29:163][  0]LogConfig: Setting CVar [[gc.ActorClusteringEnabled:0]]
[2020.12.17-17.01.29:163][  0]LogConfig: Setting CVar [[gc.BlueprintClusteringEnabled:0]]
[2020.12.17-17.01.29:163][  0]LogConfig: Setting CVar [[gc.UseDisregardForGCOnDedicatedServers:0]]
[2020.12.17-17.01.29:163][  0]LogConfig: Applying CVar settings from Section [/Script/Engine.NetworkSettings] File [S:/Users/Liamk/Development/Games/Sacrifice/VehicleTemplate/Saved/Config/Windows/Engine.ini]
[2020.12.17-17.01.29:163][  0]LogConfig: Applying CVar settings from Section [/Script/UnrealEd.CookerSettings] File [S:/Users/Liamk/Development/Games/Sacrifice/VehicleTemplate/Saved/Config/Windows/Engine.ini]
[2020.12.17-17.01.29:169][  0]LogConfig: Applying CVar settings from Section [ViewDistanceQuality@3] File [S:/Users/Liamk/Development/Games/Sacrifice/VehicleTemplate/Saved/Config/Windows/Scalability.ini]
[2020.12.17-17.01.29:169][  0]LogConfig: Setting CVar [[r.SkeletalMeshLODBias:0]]
[2020.12.17-17.01.29:169][  0]LogConfig: Setting CVar [[r.ViewDistanceScale:1.0]]
[2020.12.17-17.01.29:169][  0]LogConfig: Applying CVar settings from Section [AntiAliasingQuality@3] File [S:/Users/Liamk/Development/Games/Sacrifice/VehicleTemplate/Saved/Config/Windows/Scalability.ini]
[2020.12.17-17.01.29:169][  0]LogConfig: Setting CVar [[r.PostProcessAAQuality:4]]
[2020.12.17-17.01.29:169][  0]LogConfig: Applying CVar settings from Section [ShadowQuality@3] File [S:/Users/Liamk/Development/Games/Sacrifice/VehicleTemplate/Saved/Config/Windows/Scalability.ini]
[2020.12.17-17.01.29:169][  0]LogConfig: Setting CVar [[r.LightFunctionQuality:1]]
[2020.12.17-17.01.29:169][  0]LogConfig: Setting CVar [[r.ShadowQuality:5]]
[2020.12.17-17.01.29:169][  0]LogConfig: Setting CVar [[r.Shadow.CSM.MaxCascades:10]]
[2020.12.17-17.01.29:169][  0]LogConfig: Setting CVar [[r.Shadow.MaxResolution:2048]]
[2020.12.17-17.01.29:169][  0]LogConfig: Setting CVar [[r.Shadow.MaxCSMResolution:2048]]
[2020.12.17-17.01.29:169][  0]LogConfig: Setting CVar [[r.Shadow.RadiusThreshold:0.01]]
[2020.12.17-17.01.29:169][  0]LogConfig: Setting CVar [[r.Shadow.DistanceScale:1.0]]
[2020.12.17-17.01.29:169][  0]LogConfig: Setting CVar [[r.Shadow.CSM.TransitionScale:1.0]]
[2020.12.17-17.01.29:169][  0]LogConfig: Setting CVar [[r.Shadow.PreShadowResolutionFactor:1.0]]
[2020.12.17-17.01.29:169][  0]LogConfig: Setting CVar [[r.DistanceFieldShadowing:1]]
[2020.12.17-17.01.29:169][  0]LogConfig: Setting CVar [[r.DistanceFieldAO:1]]
[2020.12.17-17.01.29:169][  0]LogConfig: Setting CVar [[r.AOQuality:2]]
[2020.12.17-17.01.29:169][  0]LogConfig: Setting CVar [[r.VolumetricFog:1]]
[2020.12.17-17.01.29:169][  0]LogConfig: Setting CVar [[r.VolumetricFog.GridPixelSize:8]]
[2020.12.17-17.01.29:169][  0]LogConfig: Setting CVar [[r.VolumetricFog.GridSizeZ:128]]
[2020.12.17-17.01.29:169][  0]LogConfig: Setting CVar [[r.VolumetricFog.HistoryMissSupersampleCount:4]]
[2020.12.17-17.01.29:169][  0]LogConfig: Setting CVar [[r.LightMaxDrawDistanceScale:1]]
[2020.12.17-17.01.29:169][  0]LogConfig: Setting CVar [[r.CapsuleShadows:1]]
[2020.12.17-17.01.29:169][  0]LogConfig: Applying CVar settings from Section [PostProcessQuality@3] File [S:/Users/Liamk/Development/Games/Sacrifice/VehicleTemplate/Saved/Config/Windows/Scalability.ini]
[2020.12.17-17.01.29:169][  0]LogConfig: Setting CVar [[r.MotionBlurQuality:4]]
[2020.12.17-17.01.29:169][  0]LogConfig: Setting CVar [[r.AmbientOcclusionMipLevelFactor:0.4]]
[2020.12.17-17.01.29:169][  0]LogConfig: Setting CVar [[r.AmbientOcclusionMaxQuality:100]]
[2020.12.17-17.01.29:169][  0]LogConfig: Setting CVar [[r.AmbientOcclusionLevels:-1]]
[2020.12.17-17.01.29:169][  0]LogConfig: Setting CVar [[r.AmbientOcclusionRadiusScale:1.0]]
[2020.12.17-17.01.29:169][  0]LogConfig: Setting CVar [[r.DepthOfFieldQuality:2]]
[2020.12.17-17.01.29:169][  0]LogConfig: Setting CVar [[r.RenderTargetPoolMin:400]]
[2020.12.17-17.01.29:169][  0]LogConfig: Setting CVar [[r.LensFlareQuality:2]]
[2020.12.17-17.01.29:169][  0]LogConfig: Setting CVar [[r.SceneColorFringeQuality:1]]
[2020.12.17-17.01.29:169][  0]LogConfig: Setting CVar [[r.EyeAdaptationQuality:2]]
[2020.12.17-17.01.29:169][  0]LogConfig: Setting CVar [[r.BloomQuality:5]]
[2020.12.17-17.01.29:169][  0]LogConfig: Setting CVar [[r.FastBlurThreshold:100]]
[2020.12.17-17.01.29:169][  0]LogConfig: Setting CVar [[r.Upscale.Quality:3]]
[2020.12.17-17.01.29:169][  0]LogConfig: Setting CVar [[r.Tonemapper.GrainQuantization:1]]
[2020.12.17-17.01.29:169][  0]LogConfig: Setting CVar [[r.LightShaftQuality:1]]
[2020.12.17-17.01.29:169][  0]LogConfig: Setting CVar [[r.Filter.SizeScale:1]]
[2020.12.17-17.01.29:169][  0]LogConfig: Setting CVar [[r.Tonemapper.Quality:5]]
[2020.12.17-17.01.29:169][  0]LogConfig: Setting CVar [[r.DOF.Gather.AccumulatorQuality:1        ; higher gathering accumulator quality]]
[2020.12.17-17.01.29:169][  0]LogConfig: Setting CVar [[r.DOF.Gather.PostfilterMethod:1          ; Median3x3 postfilering method]]
[2020.12.17-17.01.29:169][  0]LogConfig: Setting CVar [[r.DOF.Gather.EnableBokehSettings:0       ; no bokeh simulation when gathering]]
[2020.12.17-17.01.29:169][  0]LogConfig: Setting CVar [[r.DOF.Gather.RingCount:4                 ; medium number of samples when gathering]]
[2020.12.17-17.01.29:169][  0]LogConfig: Setting CVar [[r.DOF.Scatter.ForegroundCompositing:1    ; additive foreground scattering]]
[2020.12.17-17.01.29:169][  0]LogConfig: Setting CVar [[r.DOF.Scatter.BackgroundCompositing:2    ; additive background scattering]]
[2020.12.17-17.01.29:169][  0]LogConfig: Setting CVar [[r.DOF.Scatter.EnableBokehSettings:1      ; bokeh simulation when scattering]]
[2020.12.17-17.01.29:169][  0]LogConfig: Setting CVar [[r.DOF.Scatter.MaxSpriteRatio:0.1         ; only a maximum of 10% of scattered bokeh]]
[2020.12.17-17.01.29:169][  0]LogConfig: Setting CVar [[r.DOF.Recombine.Quality:1                ; cheap slight out of focus]]
[2020.12.17-17.01.29:169][  0]LogConfig: Setting CVar [[r.DOF.Recombine.EnableBokehSettings:0    ; no bokeh simulation on slight out of focus]]
[2020.12.17-17.01.29:169][  0]LogConfig: Setting CVar [[r.DOF.TemporalAAQuality:1                ; more stable temporal accumulation]]
[2020.12.17-17.01.29:169][  0]LogConfig: Setting CVar [[r.DOF.Kernel.MaxForegroundRadius:0.025]]
[2020.12.17-17.01.29:169][  0]LogConfig: Setting CVar [[r.DOF.Kernel.MaxBackgroundRadius:0.025]]
[2020.12.17-17.01.29:169][  0]LogConfig: Applying CVar settings from Section [TextureQuality@3] File [S:/Users/Liamk/Development/Games/Sacrifice/VehicleTemplate/Saved/Config/Windows/Scalability.ini]
[2020.12.17-17.01.29:169][  0]LogConfig: Setting CVar [[r.Streaming.MipBias:0]]
[2020.12.17-17.01.29:169][  0]LogConfig: Setting CVar [[r.Streaming.AmortizeCPUToGPUCopy:0]]
[2020.12.17-17.01.29:169][  0]LogConfig: Setting CVar [[r.Streaming.MaxNumTexturesToStreamPerFrame:0]]
[2020.12.17-17.01.29:169][  0]LogConfig: Setting CVar [[r.Streaming.Boost:1]]
[2020.12.17-17.01.29:169][  0]LogConfig: Setting CVar [[r.MaxAnisotropy:8]]
[2020.12.17-17.01.29:169][  0]LogConfig: Setting CVar [[r.VT.MaxAnisotropy:8]]
[2020.12.17-17.01.29:170][  0]LogConfig: Setting CVar [[r.Streaming.LimitPoolSizeToVRAM:0]]
[2020.12.17-17.01.29:170][  0]LogConfig: Setting CVar [[r.Streaming.PoolSize:1000]]
[2020.12.17-17.01.29:170][  0]LogConfig: Setting CVar [[r.Streaming.MaxEffectiveScreenSize:0]]
[2020.12.17-17.01.29:170][  0]LogConfig: Applying CVar settings from Section [EffectsQuality@3] File [S:/Users/Liamk/Development/Games/Sacrifice/VehicleTemplate/Saved/Config/Windows/Scalability.ini]
[2020.12.17-17.01.29:170][  0]LogConfig: Setting CVar [[r.TranslucencyLightingVolumeDim:64]]
[2020.12.17-17.01.29:170][  0]LogConfig: Setting CVar [[r.RefractionQuality:2]]
[2020.12.17-17.01.29:170][  0]LogConfig: Setting CVar [[r.SSR.Quality:3]]
[2020.12.17-17.01.29:170][  0]LogConfig: Setting CVar [[r.SSR.HalfResSceneColor:0]]
[2020.12.17-17.01.29:170][  0]LogConfig: Setting CVar [[r.SceneColorFormat:4]]
[2020.12.17-17.01.29:170][  0]LogConfig: Setting CVar [[r.DetailMode:2]]
[2020.12.17-17.01.29:170][  0]LogConfig: Setting CVar [[r.TranslucencyVolumeBlur:1]]
[2020.12.17-17.01.29:170][  0]LogConfig: Setting CVar [[r.MaterialQualityLevel:1 ; High quality]]
[2020.12.17-17.01.29:170][  0]LogConfig: Setting CVar [[r.SSS.Scale:1]]
[2020.12.17-17.01.29:170][  0]LogConfig: Setting CVar [[r.SSS.SampleSet:2]]
[2020.12.17-17.01.29:170][  0]LogConfig: Setting CVar [[r.SSS.Quality:1]]
[2020.12.17-17.01.29:170][  0]LogConfig: Setting CVar [[r.SSS.HalfRes:0]]
[2020.12.17-17.01.29:170][  0]LogConfig: Setting CVar [[r.SSGI.Quality:3]]
[2020.12.17-17.01.29:170][  0]LogConfig: Setting CVar [[r.EmitterSpawnRateScale:1.0]]
[2020.12.17-17.01.29:170][  0]LogConfig: Setting CVar [[r.ParticleLightQuality:2]]
[2020.12.17-17.01.29:170][  0]LogConfig: Setting CVar [[r.SkyAtmosphere.AerialPerspectiveLUT.FastApplyOnOpaque:1 ; Always have FastSkyLUT 1 in this case to avoid wrong sky]]
[2020.12.17-17.01.29:170][  0]LogConfig: Setting CVar [[r.SkyAtmosphere.AerialPerspectiveLUT.SampleCountPerSlice:1]]
[2020.12.17-17.01.29:170][  0]LogConfig: Setting CVar [[r.SkyAtmosphere.AerialPerspectiveLUT.DepthResolution:16.0]]
[2020.12.17-17.01.29:170][  0]LogConfig: Setting CVar [[r.SkyAtmosphere.FastSkyLUT:1]]
[2020.12.17-17.01.29:170][  0]LogConfig: Setting CVar [[r.SkyAtmosphere.FastSkyLUT.SampleCountMin:4.0]]
[2020.12.17-17.01.29:170][  0]LogConfig: Setting CVar [[r.SkyAtmosphere.FastSkyLUT.SampleCountMax:32.0]]
[2020.12.17-17.01.29:170][  0]LogConfig: Setting CVar [[r.SkyAtmosphere.SampleCountMin:4.0]]
[2020.12.17-17.01.29:170][  0]LogConfig: Setting CVar [[r.SkyAtmosphere.SampleCountMax:32.0]]
[2020.12.17-17.01.29:170][  0]LogConfig: Setting CVar [[r.SkyAtmosphere.TransmittanceLUT.UseSmallFormat:0]]
[2020.12.17-17.01.29:170][  0]LogConfig: Setting CVar [[r.SkyAtmosphere.TransmittanceLUT.SampleCount:10.0]]
[2020.12.17-17.01.29:170][  0]LogConfig: Setting CVar [[r.SkyAtmosphere.MultiScatteringLUT.SampleCount:15.0]]
[2020.12.17-17.01.29:170][  0]LogConfig: Applying CVar settings from Section [FoliageQuality@3] File [S:/Users/Liamk/Development/Games/Sacrifice/VehicleTemplate/Saved/Config/Windows/Scalability.ini]
[2020.12.17-17.01.29:170][  0]LogConfig: Setting CVar [[foliage.DensityScale:1.0]]
[2020.12.17-17.01.29:170][  0]LogConfig: Setting CVar [[grass.DensityScale:1.0]]
[2020.12.17-17.01.29:170][  0]LogConfig: Applying CVar settings from Section [ShadingQuality@3] File [S:/Users/Liamk/Development/Games/Sacrifice/VehicleTemplate/Saved/Config/Windows/Scalability.ini]
[2020.12.17-17.01.29:170][  0]LogConfig: Setting CVar [[r.HairStrands.SkyLighting.SampleCount:16]]
[2020.12.17-17.01.29:170][  0]LogConfig: Setting CVar [[r.HairStrands.SkyLighting.JitterIntegration:0]]
[2020.12.17-17.01.29:170][  0]LogConfig: Setting CVar [[r.HairStrands.SkyAO.SampleCount:16]]
[2020.12.17-17.01.29:170][  0]LogConfig: Setting CVar [[r.HairStrands.DeepShadow.SuperSampling:0]]
[2020.12.17-17.01.29:170][  0]LogConfig: Setting CVar [[r.HairStrands.VisibilityPPLL:0]]
[2020.12.17-17.01.29:170][  0]LogConfig: Setting CVar [[r.HairStrands.RasterizationScale:0.5]]
[2020.12.17-17.01.29:170][  0]LogConfig: Setting CVar [[r.HairStrands.VelocityRasterizationScale:1]]
[2020.12.17-17.01.29:170][  0]LogInit: Selected Device Profile: [Windows]
[2020.12.17-17.01.29:170][  0]LogInit: Applying CVar settings loaded from the selected device profile: [Windows]
[2020.12.17-17.01.29:170][  0]LogHAL: Display: Platform has ~ 32 GB [34308337664 / 34359738368 / 32], which maps to Largest [LargestMinGB=32, LargerMinGB=12, DefaultMinGB=8, SmallerMinGB=6, SmallestMinGB=0)
[2020.12.17-17.01.29:170][  0]LogInit: Going up to parent DeviceProfile []
[2020.12.17-17.01.29:170][  0]LogConfig: Applying CVar settings from Section [ViewDistanceQuality@3] File [S:/Users/Liamk/Development/Games/Sacrifice/VehicleTemplate/Saved/Config/Windows/Scalability.ini]
[2020.12.17-17.01.29:170][  0]LogConfig: Setting CVar [[r.SkeletalMeshLODBias:0]]
[2020.12.17-17.01.29:170][  0]LogConfig: Setting CVar [[r.ViewDistanceScale:1.0]]
[2020.12.17-17.01.29:170][  0]LogConfig: Applying CVar settings from Section [AntiAliasingQuality@3] File [S:/Users/Liamk/Development/Games/Sacrifice/VehicleTemplate/Saved/Config/Windows/Scalability.ini]
[2020.12.17-17.01.29:170][  0]LogConfig: Setting CVar [[r.PostProcessAAQuality:4]]
[2020.12.17-17.01.29:170][  0]LogConfig: Applying CVar settings from Section [ShadowQuality@3] File [S:/Users/Liamk/Development/Games/Sacrifice/VehicleTemplate/Saved/Config/Windows/Scalability.ini]
[2020.12.17-17.01.29:170][  0]LogConfig: Setting CVar [[r.LightFunctionQuality:1]]
[2020.12.17-17.01.29:170][  0]LogConfig: Setting CVar [[r.ShadowQuality:5]]
[2020.12.17-17.01.29:170][  0]LogConfig: Setting CVar [[r.Shadow.CSM.MaxCascades:10]]
[2020.12.17-17.01.29:170][  0]LogConfig: Setting CVar [[r.Shadow.MaxResolution:2048]]
[2020.12.17-17.01.29:170][  0]LogConfig: Setting CVar [[r.Shadow.MaxCSMResolution:2048]]
[2020.12.17-17.01.29:170][  0]LogConfig: Setting CVar [[r.Shadow.RadiusThreshold:0.01]]
[2020.12.17-17.01.29:170][  0]LogConfig: Setting CVar [[r.Shadow.DistanceScale:1.0]]
[2020.12.17-17.01.29:170][  0]LogConfig: Setting CVar [[r.Shadow.CSM.TransitionScale:1.0]]
[2020.12.17-17.01.29:170][  0]LogConfig: Setting CVar [[r.Shadow.PreShadowResolutionFactor:1.0]]
[2020.12.17-17.01.29:170][  0]LogConfig: Setting CVar [[r.DistanceFieldShadowing:1]]
[2020.12.17-17.01.29:170][  0]LogConfig: Setting CVar [[r.DistanceFieldAO:1]]
[2020.12.17-17.01.29:170][  0]LogConfig: Setting CVar [[r.AOQuality:2]]
[2020.12.17-17.01.29:170][  0]LogConfig: Setting CVar [[r.VolumetricFog:1]]
[2020.12.17-17.01.29:170][  0]LogConfig: Setting CVar [[r.VolumetricFog.GridPixelSize:8]]
[2020.12.17-17.01.29:170][  0]LogConfig: Setting CVar [[r.VolumetricFog.GridSizeZ:128]]
[2020.12.17-17.01.29:171][  0]LogConfig: Setting CVar [[r.VolumetricFog.HistoryMissSupersampleCount:4]]
[2020.12.17-17.01.29:171][  0]LogConfig: Setting CVar [[r.LightMaxDrawDistanceScale:1]]
[2020.12.17-17.01.29:171][  0]LogConfig: Setting CVar [[r.CapsuleShadows:1]]
[2020.12.17-17.01.29:171][  0]LogConfig: Applying CVar settings from Section [PostProcessQuality@3] File [S:/Users/Liamk/Development/Games/Sacrifice/VehicleTemplate/Saved/Config/Windows/Scalability.ini]
[2020.12.17-17.01.29:171][  0]LogConfig: Setting CVar [[r.MotionBlurQuality:4]]
[2020.12.17-17.01.29:171][  0]LogConfig: Setting CVar [[r.AmbientOcclusionMipLevelFactor:0.4]]
[2020.12.17-17.01.29:171][  0]LogConfig: Setting CVar [[r.AmbientOcclusionMaxQuality:100]]
[2020.12.17-17.01.29:171][  0]LogConfig: Setting CVar [[r.AmbientOcclusionLevels:-1]]
[2020.12.17-17.01.29:171][  0]LogConfig: Setting CVar [[r.AmbientOcclusionRadiusScale:1.0]]
[2020.12.17-17.01.29:171][  0]LogConfig: Setting CVar [[r.DepthOfFieldQuality:2]]
[2020.12.17-17.01.29:171][  0]LogConfig: Setting CVar [[r.RenderTargetPoolMin:400]]
[2020.12.17-17.01.29:171][  0]LogConfig: Setting CVar [[r.LensFlareQuality:2]]
[2020.12.17-17.01.29:171][  0]LogConfig: Setting CVar [[r.SceneColorFringeQuality:1]]
[2020.12.17-17.01.29:171][  0]LogConfig: Setting CVar [[r.EyeAdaptationQuality:2]]
[2020.12.17-17.01.29:171][  0]LogConfig: Setting CVar [[r.BloomQuality:5]]
[2020.12.17-17.01.29:171][  0]LogConfig: Setting CVar [[r.FastBlurThreshold:100]]
[2020.12.17-17.01.29:171][  0]LogConfig: Setting CVar [[r.Upscale.Quality:3]]
[2020.12.17-17.01.29:171][  0]LogConfig: Setting CVar [[r.Tonemapper.GrainQuantization:1]]
[2020.12.17-17.01.29:171][  0]LogConfig: Setting CVar [[r.LightShaftQuality:1]]
[2020.12.17-17.01.29:171][  0]LogConfig: Setting CVar [[r.Filter.SizeScale:1]]
[2020.12.17-17.01.29:171][  0]LogConfig: Setting CVar [[r.Tonemapper.Quality:5]]
[2020.12.17-17.01.29:171][  0]LogConfig: Setting CVar [[r.DOF.Gather.AccumulatorQuality:1        ; higher gathering accumulator quality]]
[2020.12.17-17.01.29:171][  0]LogConfig: Setting CVar [[r.DOF.Gather.PostfilterMethod:1          ; Median3x3 postfilering method]]
[2020.12.17-17.01.29:171][  0]LogConfig: Setting CVar [[r.DOF.Gather.EnableBokehSettings:0       ; no bokeh simulation when gathering]]
[2020.12.17-17.01.29:171][  0]LogConfig: Setting CVar [[r.DOF.Gather.RingCount:4                 ; medium number of samples when gathering]]
[2020.12.17-17.01.29:171][  0]LogConfig: Setting CVar [[r.DOF.Scatter.ForegroundCompositing:1    ; additive foreground scattering]]
[2020.12.17-17.01.29:171][  0]LogConfig: Setting CVar [[r.DOF.Scatter.BackgroundCompositing:2    ; additive background scattering]]
[2020.12.17-17.01.29:171][  0]LogConfig: Setting CVar [[r.DOF.Scatter.EnableBokehSettings:1      ; bokeh simulation when scattering]]
[2020.12.17-17.01.29:171][  0]LogConfig: Setting CVar [[r.DOF.Scatter.MaxSpriteRatio:0.1         ; only a maximum of 10% of scattered bokeh]]
[2020.12.17-17.01.29:171][  0]LogConfig: Setting CVar [[r.DOF.Recombine.Quality:1                ; cheap slight out of focus]]
[2020.12.17-17.01.29:171][  0]LogConfig: Setting CVar [[r.DOF.Recombine.EnableBokehSettings:0    ; no bokeh simulation on slight out of focus]]
[2020.12.17-17.01.29:171][  0]LogConfig: Setting CVar [[r.DOF.TemporalAAQuality:1                ; more stable temporal accumulation]]
[2020.12.17-17.01.29:171][  0]LogConfig: Setting CVar [[r.DOF.Kernel.MaxForegroundRadius:0.025]]
[2020.12.17-17.01.29:171][  0]LogConfig: Setting CVar [[r.DOF.Kernel.MaxBackgroundRadius:0.025]]
[2020.12.17-17.01.29:171][  0]LogConfig: Applying CVar settings from Section [TextureQuality@3] File [S:/Users/Liamk/Development/Games/Sacrifice/VehicleTemplate/Saved/Config/Windows/Scalability.ini]
[2020.12.17-17.01.29:171][  0]LogConfig: Setting CVar [[r.Streaming.MipBias:0]]
[2020.12.17-17.01.29:171][  0]LogConfig: Setting CVar [[r.Streaming.AmortizeCPUToGPUCopy:0]]
[2020.12.17-17.01.29:171][  0]LogConfig: Setting CVar [[r.Streaming.MaxNumTexturesToStreamPerFrame:0]]
[2020.12.17-17.01.29:171][  0]LogConfig: Setting CVar [[r.Streaming.Boost:1]]
[2020.12.17-17.01.29:171][  0]LogConfig: Setting CVar [[r.MaxAnisotropy:8]]
[2020.12.17-17.01.29:171][  0]LogConfig: Setting CVar [[r.VT.MaxAnisotropy:8]]
[2020.12.17-17.01.29:171][  0]LogConfig: Setting CVar [[r.Streaming.LimitPoolSizeToVRAM:0]]
[2020.12.17-17.01.29:171][  0]LogConfig: Setting CVar [[r.Streaming.PoolSize:1000]]
[2020.12.17-17.01.29:171][  0]LogConfig: Setting CVar [[r.Streaming.MaxEffectiveScreenSize:0]]
[2020.12.17-17.01.29:171][  0]LogConfig: Applying CVar settings from Section [EffectsQuality@3] File [S:/Users/Liamk/Development/Games/Sacrifice/VehicleTemplate/Saved/Config/Windows/Scalability.ini]
[2020.12.17-17.01.29:171][  0]LogConfig: Setting CVar [[r.TranslucencyLightingVolumeDim:64]]
[2020.12.17-17.01.29:171][  0]LogConfig: Setting CVar [[r.RefractionQuality:2]]
[2020.12.17-17.01.29:171][  0]LogConfig: Setting CVar [[r.SSR.Quality:3]]
[2020.12.17-17.01.29:171][  0]LogConfig: Setting CVar [[r.SSR.HalfResSceneColor:0]]
[2020.12.17-17.01.29:171][  0]LogConfig: Setting CVar [[r.SceneColorFormat:4]]
[2020.12.17-17.01.29:171][  0]LogConfig: Setting CVar [[r.DetailMode:2]]
[2020.12.17-17.01.29:171][  0]LogConfig: Setting CVar [[r.TranslucencyVolumeBlur:1]]
[2020.12.17-17.01.29:171][  0]LogConfig: Setting CVar [[r.MaterialQualityLevel:1 ; High quality]]
[2020.12.17-17.01.29:171][  0]LogConfig: Setting CVar [[r.SSS.Scale:1]]
[2020.12.17-17.01.29:171][  0]LogConfig: Setting CVar [[r.SSS.SampleSet:2]]
[2020.12.17-17.01.29:171][  0]LogConfig: Setting CVar [[r.SSS.Quality:1]]
[2020.12.17-17.01.29:171][  0]LogConfig: Setting CVar [[r.SSS.HalfRes:0]]
[2020.12.17-17.01.29:171][  0]LogConfig: Setting CVar [[r.SSGI.Quality:3]]
[2020.12.17-17.01.29:171][  0]LogConfig: Setting CVar [[r.EmitterSpawnRateScale:1.0]]
[2020.12.17-17.01.29:171][  0]LogConfig: Setting CVar [[r.ParticleLightQuality:2]]
[2020.12.17-17.01.29:171][  0]LogConfig: Setting CVar [[r.SkyAtmosphere.AerialPerspectiveLUT.FastApplyOnOpaque:1 ; Always have FastSkyLUT 1 in this case to avoid wrong sky]]
[2020.12.17-17.01.29:171][  0]LogConfig: Setting CVar [[r.SkyAtmosphere.AerialPerspectiveLUT.SampleCountPerSlice:1]]
[2020.12.17-17.01.29:171][  0]LogConfig: Setting CVar [[r.SkyAtmosphere.AerialPerspectiveLUT.DepthResolution:16.0]]
[2020.12.17-17.01.29:171][  0]LogConfig: Setting CVar [[r.SkyAtmosphere.FastSkyLUT:1]]
[2020.12.17-17.01.29:171][  0]LogConfig: Setting CVar [[r.SkyAtmosphere.FastSkyLUT.SampleCountMin:4.0]]
[2020.12.17-17.01.29:171][  0]LogConfig: Setting CVar [[r.SkyAtmosphere.FastSkyLUT.SampleCountMax:32.0]]
[2020.12.17-17.01.29:171][  0]LogConfig: Setting CVar [[r.SkyAtmosphere.SampleCountMin:4.0]]
[2020.12.17-17.01.29:171][  0]LogConfig: Setting CVar [[r.SkyAtmosphere.SampleCountMax:32.0]]
[2020.12.17-17.01.29:171][  0]LogConfig: Setting CVar [[r.SkyAtmosphere.TransmittanceLUT.UseSmallFormat:0]]
[2020.12.17-17.01.29:171][  0]LogConfig: Setting CVar [[r.SkyAtmosphere.TransmittanceLUT.SampleCount:10.0]]
[2020.12.17-17.01.29:171][  0]LogConfig: Setting CVar [[r.SkyAtmosphere.MultiScatteringLUT.SampleCount:15.0]]
[2020.12.17-17.01.29:171][  0]LogConfig: Applying CVar settings from Section [FoliageQuality@3] File [S:/Users/Liamk/Development/Games/Sacrifice/VehicleTemplate/Saved/Config/Windows/Scalability.ini]
[2020.12.17-17.01.29:171][  0]LogConfig: Setting CVar [[foliage.DensityScale:1.0]]
[2020.12.17-17.01.29:172][  0]LogConfig: Setting CVar [[grass.DensityScale:1.0]]
[2020.12.17-17.01.29:172][  0]LogConfig: Applying CVar settings from Section [ShadingQuality@3] File [S:/Users/Liamk/Development/Games/Sacrifice/VehicleTemplate/Saved/Config/Windows/Scalability.ini]
[2020.12.17-17.01.29:172][  0]LogConfig: Setting CVar [[r.HairStrands.SkyLighting.SampleCount:16]]
[2020.12.17-17.01.29:172][  0]LogConfig: Setting CVar [[r.HairStrands.SkyLighting.JitterIntegration:0]]
[2020.12.17-17.01.29:172][  0]LogConfig: Setting CVar [[r.HairStrands.SkyAO.SampleCount:16]]
[2020.12.17-17.01.29:172][  0]LogConfig: Setting CVar [[r.HairStrands.DeepShadow.SuperSampling:0]]
[2020.12.17-17.01.29:172][  0]LogConfig: Setting CVar [[r.HairStrands.VisibilityPPLL:0]]
[2020.12.17-17.01.29:172][  0]LogConfig: Setting CVar [[r.HairStrands.RasterizationScale:0.5]]
[2020.12.17-17.01.29:172][  0]LogConfig: Setting CVar [[r.HairStrands.VelocityRasterizationScale:1]]
[2020.12.17-17.01.29:172][  0]LogConfig: Applying CVar settings from Section [Startup] File [../../../Engine/Config/ConsoleVariables.ini]
[2020.12.17-17.01.29:172][  0]LogConfig: Setting CVar [[net.UseAdaptiveNetUpdateFrequency:0]]
[2020.12.17-17.01.29:172][  0]LogConfig: Setting CVar [[p.chaos.AllowCreatePhysxBodies:1]]
[2020.12.17-17.01.29:172][  0]LogConfig: Setting CVar [[fx.SkipVectorVMBackendOptimizations:1]]
[2020.12.17-17.01.29:172][  0]LogConfig: Applying CVar settings from Section [ConsoleVariables] File [S:/Users/Liamk/Development/Games/Sacrifice/VehicleTemplate/Saved/Config/Windows/Engine.ini]
[2020.12.17-17.01.29:172][  0]LogInit: Computer: AORAKI
[2020.12.17-17.01.29:172][  0]LogInit: User: Liamk
[2020.12.17-17.01.29:172][  0]LogInit: CPU Page size=4096, Cores=6
[2020.12.17-17.01.29:172][  0]LogInit: High frequency timer resolution =10.000000 MHz
[2020.12.17-17.01.29:172][  0]LogMemory: Memory total: Physical=32.0GB (32GB approx)
[2020.12.17-17.01.29:172][  0]LogMemory: Platform Memory Stats for Windows
[2020.12.17-17.01.29:172][  0]LogMemory: Process Physical Memory: 122.70 MB used, 122.71 MB peak
[2020.12.17-17.01.29:172][  0]LogMemory: Process Virtual Memory: 105.00 MB used, 105.00 MB peak
[2020.12.17-17.01.29:172][  0]LogMemory: Physical Memory: 25394.63 MB used,  7324.35 MB free, 32718.98 MB total
[2020.12.17-17.01.29:172][  0]LogMemory: Virtual Memory: 5187.57 MB used,  134212544.00 MB free, 134217728.00 MB total
[2020.12.17-17.01.29:181][  0]LogWindows: WindowsPlatformFeatures enabled
[2020.12.17-17.01.29:281][  0]LogInit: Physics initialised using underlying interface: PhysX
[2020.12.17-17.01.29:282][  0]LogInit: Using OS detected language (fr-FR).
[2020.12.17-17.01.29:282][  0]LogInit: Using OS detected locale (fr-FR).
[2020.12.17-17.01.29:285][  0]LogTextLocalizationManager: No specific localization for 'fr-FR' exists, so the 'fr' localization will be used.
[2020.12.17-17.01.29:285][  0]LogTextLocalizationResource: LocRes '../../../Engine/Content/Localization/Editor/fr/Editor.locres' could not be opened for reading!
[2020.12.17-17.01.29:285][  0]LogTextLocalizationResource: LocRes '../../../Engine/Content/Localization/EditorTutorials/fr/EditorTutorials.locres' could not be opened for reading!
[2020.12.17-17.01.29:285][  0]LogTextLocalizationResource: LocRes '../../../Engine/Content/Localization/Keywords/fr/Keywords.locres' could not be opened for reading!
[2020.12.17-17.01.29:285][  0]LogTextLocalizationResource: LocRes '../../../Engine/Content/Localization/Category/fr/Category.locres' could not be opened for reading!
[2020.12.17-17.01.29:285][  0]LogTextLocalizationResource: LocRes '../../../Engine/Content/Localization/ToolTips/fr/ToolTips.locres' could not be opened for reading!
[2020.12.17-17.01.29:285][  0]LogTextLocalizationResource: LocRes '../../../Engine/Content/Localization/PropertyNames/fr/PropertyNames.locres' could not be opened for reading!
[2020.12.17-17.01.29:286][  0]LogTextLocalizationResource: LocRes '../../../Engine/Content/Localization/Engine/fr/Engine.locres' could not be opened for reading!
[2020.12.17-17.01.29:287][  0]LogInit: Setting process to per monitor DPI aware
[2020.12.17-17.01.29:330][  0]LogSlate: New Slate User Created.  User Index 0, Is Virtual User: 0
[2020.12.17-17.01.29:330][  0]LogSlate: Slate User Registered.  User Index 0, Is Virtual User: 0
[2020.12.17-17.01.29:574][  0]LogD3D11RHI: D3D11 min allowed feature level: 11_0
[2020.12.17-17.01.29:574][  0]LogD3D11RHI: D3D11 max allowed feature level: 11_0
[2020.12.17-17.01.29:574][  0]LogD3D11RHI: D3D11 adapters:
[2020.12.17-17.01.29:662][  0]LogD3D11RHI:    0. 'NVIDIA GeForce RTX 2060' (Feature Level 11_0)
[2020.12.17-17.01.29:662][  0]LogD3D11RHI:       5980/0/16359 MB DedicatedVideo/DedicatedSystem/SharedSystem, Outputs:2, VendorId:0x10de
[2020.12.17-17.01.29:665][  0]LogD3D11RHI:    1. 'Microsoft Basic Render Driver' (Feature Level 11_0)
[2020.12.17-17.01.29:665][  0]LogD3D11RHI:       0/0/16359 MB DedicatedVideo/DedicatedSystem/SharedSystem, Outputs:0, VendorId:0x1414
[2020.12.17-17.01.29:665][  0]LogD3D11RHI: Chosen D3D11 Adapter: 0
[2020.12.17-17.01.29:675][  0]LogD3D11RHI: Creating new Direct3DDevice
[2020.12.17-17.01.29:676][  0]LogD3D11RHI:     GPU DeviceId: 0x1f08 (for the marketing name, search the web for "GPU Device Id")
[2020.12.17-17.01.29:676][  0]LogWindows: EnumDisplayDevices:
[2020.12.17-17.01.29:676][  0]LogWindows:    0. 'NVIDIA GeForce RTX 2060' (P:0 D:1)
[2020.12.17-17.01.29:676][  0]LogWindows:    1. 'NVIDIA GeForce RTX 2060' (P:1 D:1)
[2020.12.17-17.01.29:676][  0]LogWindows:    2. 'NVIDIA GeForce RTX 2060' (P:0 D:0)
[2020.12.17-17.01.29:677][  0]LogWindows:    3. 'NVIDIA GeForce RTX 2060' (P:0 D:0)
[2020.12.17-17.01.29:677][  0]LogWindows: DebugString: FoundDriverCount:4 
[2020.12.17-17.01.29:677][  0]LogD3D11RHI:     Adapter Name: NVIDIA GeForce RTX 2060
[2020.12.17-17.01.29:677][  0]LogD3D11RHI:   Driver Version: 460.79 (internal:27.21.14.6079, unified:460.79)
[2020.12.17-17.01.29:677][  0]LogD3D11RHI:      Driver Date: 12-3-2020
[2020.12.17-17.01.29:677][  0]LogRHI: Texture pool is 4186 MB (70% of 5980 MB)
[2020.12.17-17.01.29:749][  0]LogD3D11RHI: RHI has support for 64 bit atomics
[2020.12.17-17.01.29:750][  0]LogD3D11RHI: Async texture creation enabled
[2020.12.17-17.01.29:750][  0]LogD3D11RHI: Array index from any shader is supported
[2020.12.17-17.01.29:752][  0]LogD3D11RHI: HDR output is supported on display 0 (NvId: 0x80061086).
[2020.12.17-17.01.29:770][  0]LogD3D11RHI: GPU Timing Frequency: 1000.000000 (Debug: 2 1)
[2020.12.17-17.01.30:175][  0]LogTargetPlatformManager: Display: Loaded TargetPlatform 'AllDesktop'
[2020.12.17-17.01.30:199][  0]LogTargetPlatformManager: Display: Loaded TargetPlatform 'Android'
[2020.12.17-17.01.30:199][  0]LogTargetPlatformManager: Display: Loaded TargetPlatform 'Android_ASTC'
[2020.12.17-17.01.30:199][  0]LogTargetPlatformManager: Display: Loaded TargetPlatform 'Android_DXT'
[2020.12.17-17.01.30:199][  0]LogTargetPlatformManager: Display: Loaded TargetPlatform 'Android_ETC2'
[2020.12.17-17.01.30:199][  0]LogTargetPlatformManager: Display: Loaded TargetPlatform 'AndroidClient'
[2020.12.17-17.01.30:199][  0]LogTargetPlatformManager: Display: Loaded TargetPlatform 'Android_ASTCClient'
[2020.12.17-17.01.30:199][  0]LogTargetPlatformManager: Display: Loaded TargetPlatform 'Android_DXTClient'
[2020.12.17-17.01.30:199][  0]LogTargetPlatformManager: Display: Loaded TargetPlatform 'Android_ETC2Client'
[2020.12.17-17.01.30:199][  0]LogTargetPlatformManager: Display: Loaded TargetPlatform 'Android_Multi'
[2020.12.17-17.01.30:199][  0]LogTargetPlatformManager: Display: Loaded TargetPlatform 'Android_MultiClient'
[2020.12.17-17.01.30:229][  0]LogTargetPlatformManager: Display: Loaded TargetPlatform 'IOSClient'
[2020.12.17-17.01.30:229][  0]LogTargetPlatformManager: Display: Loaded TargetPlatform 'IOS'
[2020.12.17-17.01.30:242][  0]LogTargetPlatformManager: Display: Loaded TargetPlatform 'Linux'
[2020.12.17-17.01.30:253][  0]LogTargetPlatformManager: Display: Loaded TargetPlatform 'LinuxNoEditor'
[2020.12.17-17.01.30:264][  0]LogTargetPlatformManager: Display: Loaded TargetPlatform 'LinuxClient'
[2020.12.17-17.01.30:276][  0]LogTargetPlatformManager: Display: Loaded TargetPlatform 'LinuxServer'
[2020.12.17-17.01.30:287][  0]LogTargetPlatformManager: Display: Loaded TargetPlatform 'LinuxAArch64NoEditor'
[2020.12.17-17.01.30:299][  0]LogTargetPlatformManager: Display: Loaded TargetPlatform 'LinuxAArch64Client'
[2020.12.17-17.01.30:310][  0]LogTargetPlatformManager: Display: Loaded TargetPlatform 'LinuxAArch64Server'
[2020.12.17-17.01.30:340][  0]LogTargetPlatformManager: Display: Loaded TargetPlatform 'Lumin'
[2020.12.17-17.01.30:340][  0]LogTargetPlatformManager: Display: Loaded TargetPlatform 'LuminClient'
[2020.12.17-17.01.30:360][  0]LogTargetPlatformManager: Display: Loaded TargetPlatform 'TVOSClient'
[2020.12.17-17.01.30:360][  0]LogTargetPlatformManager: Display: Loaded TargetPlatform 'TVOS'
[2020.12.17-17.01.30:372][  0]LogTargetPlatformManager: Display: Loaded TargetPlatform 'WindowsNoEditor'
[2020.12.17-17.01.30:385][  0]LogTargetPlatformManager: Display: Loaded TargetPlatform 'Windows'
[2020.12.17-17.01.30:397][  0]LogTargetPlatformManager: Display: Loaded TargetPlatform 'WindowsClient'
[2020.12.17-17.01.30:408][  0]LogTargetPlatformManager: Display: Loaded TargetPlatform 'WindowsServer'
[2020.12.17-17.01.30:408][  0]LogTargetPlatformManager: Display: Building Assets For Windows
[2020.12.17-17.01.30:421][  0]LogAudioDebug: Display: Lib vorbis DLL was dynamically loaded.
[2020.12.17-17.01.30:512][  0]LogShaderCompilers: Guid format shader working directory is -13 characters bigger than the processId version (S:/Users/Liamk/Development/Games/Sacrifice/VehicleTemplate/Intermediate/Shaders/WorkingDirectory/36728/).
[2020.12.17-17.01.30:512][  0]LogShaderCompilers: Cleaned the shader compiler working directory 'C:/Users/Liamk/AppData/Local/Temp/UnrealShaderWorkingDir/72FA300249A2CB6A49B1F48ED8DC2775/'.
[2020.12.17-17.01.30:513][  0]LogXGEController: Cleaning working directory: C:/Users/Liamk/AppData/Local/Temp/UnrealXGEWorkingDir/
[2020.12.17-17.01.30:513][  0]LogXGEController: Cannot use XGE Controller as Incredibuild is not installed on this machine.
[2020.12.17-17.01.30:513][  0]LogShaderCompilers: Cannot use XGE Shader Compiler as Incredibuild is not installed on this machine.
[2020.12.17-17.01.30:513][  0]LogShaderCompilers: Display: Using Local Shader Compiler.
[2020.12.17-17.01.31:343][  0]LogDerivedDataCache: Display: Max Cache Size: 512 MB
[2020.12.17-17.01.31:407][  0]LogDerivedDataCache: Loaded boot cache 0.06s 114MB C:/Users/Liamk/AppData/Local/UnrealEngine/4.25/DerivedDataCache/Boot.ddc.
[2020.12.17-17.01.31:407][  0]LogDerivedDataCache: Display: Loaded Boot cache: C:/Users/Liamk/AppData/Local/UnrealEngine/4.25/DerivedDataCache/Boot.ddc
[2020.12.17-17.01.31:407][  0]LogDerivedDataCache: FDerivedDataBackendGraph:  Pak pak cache file S:/Users/Liamk/Development/Games/Sacrifice/VehicleTemplate/DerivedDataCache/DDC.ddp not found, will not use a pak cache.
[2020.12.17-17.01.31:407][  0]LogDerivedDataCache: Unable to find inner node Pak for hierarchical cache Hierarchy.
[2020.12.17-17.01.31:407][  0]LogDerivedDataCache: FDerivedDataBackendGraph:  CompressedPak pak cache file S:/Users/Liamk/Development/Games/Sacrifice/VehicleTemplate/DerivedDataCache/Compressed.ddp not found, will not use a pak cache.
[2020.12.17-17.01.31:407][  0]LogDerivedDataCache: Unable to find inner node CompressedPak for hierarchical cache Hierarchy.
[2020.12.17-17.01.31:427][  0]LogDerivedDataCache: Display: Pak cache opened for reading ../../../Engine/DerivedDataCache/Compressed.ddp.
[2020.12.17-17.01.31:427][  0]LogDerivedDataCache: FDerivedDataBackendGraph:  EnterprisePak pak cache file ../../../Enterprise/DerivedDataCache/Compressed.ddp not found, will not use a pak cache.
[2020.12.17-17.01.31:427][  0]LogDerivedDataCache: Unable to find inner node EnterprisePak for hierarchical cache Hierarchy.
[2020.12.17-17.01.31:429][  0]LogDerivedDataCache: Using Local data cache path C:/Users/Liamk/AppData/Local/UnrealEngine/Common/DerivedDataCache: Writable
[2020.12.17-17.01.31:429][  0]LogDerivedDataCache: Shared data cache path not found in *engine.ini, will not use an Shared cache.
[2020.12.17-17.01.31:429][  0]LogDerivedDataCache: Unable to find inner node Shared for hierarchical cache Hierarchy.
[2020.12.17-17.01.31:498][  0]LogSlate: Using FreeType 2.10.0
[2020.12.17-17.01.31:499][  0]LogSlate: SlateFontServices - WITH_FREETYPE: 1, WITH_HARFBUZZ: 1
[2020.12.17-17.01.31:527][  0]LogAssetRegistry: FAssetRegistry took 0.0033 seconds to start up
[2020.12.17-17.01.31:779][  0]LogInit: Selected Device Profile: [Windows]
[2020.12.17-17.01.31:913][  0]LogMeshReduction: Using QuadricMeshReduction for automatic static mesh reduction
[2020.12.17-17.01.31:913][  0]LogMeshReduction: Using SimplygonMeshReduction for automatic skeletal mesh reduction
[2020.12.17-17.01.31:913][  0]LogMeshReduction: Using ProxyLODMeshReduction for automatic mesh merging
[2020.12.17-17.01.31:913][  0]LogMeshReduction: No distributed automatic mesh merging module available
[2020.12.17-17.01.31:913][  0]LogMeshMerging: No distributed automatic mesh merging module available
[2020.12.17-17.01.31:933][  0]LogNetVersion: VehicleTemplate 1.0.0, NetCL: 13144385, EngineNetVer: 14, GameNetVer: 0 (Checksum: 2213190734)
[2020.12.17-17.01.32:359][  0]LogAISub: UAISubsystem::UAISubsystem AISubsystem (00000251ADDB1680), frame # 0
[2020.12.17-17.01.32:359][  0]LogAISub: UAISubsystem::UAISubsystem AIPerceptionSystem (00000251AED08180), frame # 0
[2020.12.17-17.01.32:361][  0]LogAISub: UAISubsystem::UAISubsystem EnvQueryManager (00000251ADD29E00), frame # 0
[2020.12.17-17.01.32:419][  0]LogPackageLocalizationCache: Processed 18 localized package path(s) for 1 prioritized culture(s) in 0.051788 seconds
[2020.12.17-17.01.32:424][  0]LogUObjectArray: 15810 objects as part of root set at end of initial load.
[2020.12.17-17.01.32:424][  0]LogUObjectAllocator: 3938160 out of 0 bytes used by permanent object pool.
[2020.12.17-17.01.32:424][  0]LogUObjectArray: CloseDisregardForGC: 0/0 objects in disregard for GC pool
[2020.12.17-17.01.32:873][  0]LogTcpMessaging: Initializing TcpMessaging bridge
[2020.12.17-17.01.32:880][  0]LogUdpMessaging: Initializing bridge on interface 0.0.0.0:0 to multicast group 230.0.0.1:6666.
[2020.12.17-17.01.33:155][  0]SourceControl: Source control is disabled
[2020.12.17-17.01.33:155][  0]SourceControl: Source control is disabled
[2020.12.17-17.01.33:159][  0]SourceControl: Source control is disabled
[2020.12.17-17.01.33:164][  0]SourceControl: Source control is disabled
[2020.12.17-17.01.33:174][  0]SourceControl: Source control is disabled
[2020.12.17-17.01.33:502][  0]LogAndroidPermission: UAndroidPermissionCallbackProxy::GetInstance
[2020.12.17-17.01.33:530][  0]LogAudioCaptureCore: Display: No Audio Capture implementations found. Audio input will be silent.
[2020.12.17-17.01.33:530][  0]LogAudioCaptureCore: Display: No Audio Capture implementations found. Audio input will be silent.
[2020.12.17-17.01.33:592][  0]LogOcInput: OculusInput pre-init called
[2020.12.17-17.01.33:844][  0]LogEngine: Initializing Engine...
[2020.12.17-17.01.33:845][  0]LogMagicLeap: Warning: VR disabled because ZI is not enabled.  To enable, in the editor, Edit -> Project Settings -> Plugins -> Magic Leap Plugin -> Enable Zero Iteration
[2020.12.17-17.01.33:846][  0]LogStats: UGameplayTagsManager::InitializeManager -  0.000 s
[2020.12.17-17.01.33:969][  0]LogInit: Initializing FReadOnlyCVARCache
[2020.12.17-17.01.33:978][  0]LogAIModule: Creating AISystem for world Untitled
[2020.12.17-17.01.33:978][  0]LogAISub: UAISubsystem::UAISubsystem EnvQueryManager (00000251B7AB0A00), frame # 0
[2020.12.17-17.01.33:978][  0]LogAISub: UAISubsystem::UAISubsystem AIPerceptionSystem (00000251B7A63B00), frame # 0
[2020.12.17-17.01.33:994][  0]LogAudioMixer: Display: Audio Mixer Platform Settings:
[2020.12.17-17.01.33:994][  0]LogAudioMixer: Display: 	Sample Rate:						  48000
[2020.12.17-17.01.33:994][  0]LogAudioMixer: Display: 	Callback Buffer Frame Size Requested: 1024
[2020.12.17-17.01.33:994][  0]LogAudioMixer: Display: 	Callback Buffer Frame Size To Use:	  1024
[2020.12.17-17.01.33:994][  0]LogAudioMixer: Display: 	Number of buffers to queue:			  2
[2020.12.17-17.01.33:994][  0]LogAudioMixer: Display: 	Max Channels (voices):				  32
[2020.12.17-17.01.33:994][  0]LogAudioMixer: Display: 	Number of Async Source Workers:		  0
[2020.12.17-17.01.33:994][  0]LogAudio: Display: AudioDevice MaxSources: 32
[2020.12.17-17.01.33:994][  0]LogAudio: Display: Using built-in audio occlusion.
[2020.12.17-17.01.33:994][  0]LogAudioMixer: Display: Initializing audio mixer.
[2020.12.17-17.01.34:015][  0]LogAudioMixer: Display: 0: FrontLeft
[2020.12.17-17.01.34:015][  0]LogAudioMixer: Display: 1: FrontRight
[2020.12.17-17.01.34:081][  0]LogAudioMixer: Display: Using Audio Device Speakers (Realtek(R) Audio)
[2020.12.17-17.01.34:085][  0]LogAudioMixer: Display: Initializing Sound Submixes...
[2020.12.17-17.01.34:088][  0]LogAudioMixer: Display: Creating Master Submix 'MasterSubmixDefault'
[2020.12.17-17.01.34:088][  0]LogAudioMixer: Display: Creating Master Submix 'MasterReverbSubmixDefault'
[2020.12.17-17.01.34:089][  0]LogAudioMixer: Display: Creating Master Submix 'MasterEQSubmixDefault'
[2020.12.17-17.01.34:091][  0]LogInit: FAudioDevice initialized.
[2020.12.17-17.01.34:091][  0]LogNetVersion: Set ProjectVersion to 1.0.0.0. Version Checksum will be recalculated on next use.
[2020.12.17-17.01.34:154][  0]LogDerivedDataCache: Saved boot cache 0.06s 114MB C:/Users/Liamk/AppData/Local/UnrealEngine/4.25/DerivedDataCache/Boot.ddc.
[2020.12.17-17.01.34:158][  0]LogInit: Texture streaming: Enabled
[2020.12.17-17.01.34:182][  0]LogEngineSessionManager: EngineSessionManager initialized
[2020.12.17-17.01.34:182][  0]LogEngineSessionManager: EngineSessionManager sent abnormal shutdown report. Type=Crashed, SessionId={22CCB8F0-4A7D-5756-7D5E-D1A7F9AA51C9}
[2020.12.17-17.01.34:182][  0]LogEditorSessionSummary: Verbose: Initializing EditorSessionSummaryWriter for editor session tracking
[2020.12.17-17.01.34:186][  0]LogEditorSessionSummary: EditorSessionSummaryWriter initialized
[2020.12.17-17.01.34:236][  0]LogInit: Transaction tracking system initialized
[2020.12.17-17.01.34:265][  0]BlueprintLog: New page: Editor Load
[2020.12.17-17.01.34:360][  0]LocalizationService: Localization service is disabled
[2020.12.17-17.01.34:541][  0]LogCook: Display: Max memory allowance for cook 16384mb min free memory 0mb
[2020.12.17-17.01.34:541][  0]LogCook: Display: Mobile HDR setting 1
[2020.12.17-17.01.34:744][  0]LogFileCache: Scanning file cache for directory 'S:/Users/Liamk/Development/Games/Sacrifice/VehicleTemplate/Content/' took 0.01s
[2020.12.17-17.01.34:744][  0]SourceControl: Source control is disabled
[2020.12.17-17.01.34:745][  0]LogUnrealEdMisc: Loading editor; pre map load, took 8.170
[2020.12.17-17.01.34:745][  0]Cmd: MAP LOAD FILE="S:/Users/Liamk/Development/Games/Sacrifice/VehicleTemplate/Content/VehicleCPP/Maps/VehicleExampleMap.umap" TEMPLATE=0 SHOWPROGRESS=1 FEATURELEVEL=3
[2020.12.17-17.01.34:745][  0]LightingResults: New page: Lighting Build
[2020.12.17-17.01.34:746][  0]LogWorld: UWorld::CleanupWorld for Untitled, bSessionEnded=true, bCleanupResources=true
[2020.12.17-17.01.34:746][  0]LogSlate: InvalidateAllWidgets triggered.  All widgets were invalidated
[2020.12.17-17.01.34:746][  0]MapCheck: New page: Map Check
[2020.12.17-17.01.34:746][  0]LightingResults: New page: Lighting Build
[2020.12.17-17.01.34:758][  0]LogAISub: UAISubsystem::~UAISubsystem EnvQueryManager (00000251B7AB0A00), frame # 0
[2020.12.17-17.01.34:758][  0]LogAISub: UAISubsystem::~UAISubsystem AIPerceptionSystem (00000251B7A63B00), frame # 0
[2020.12.17-17.01.34:759][  0]LogUObjectHash: Compacting FUObjectHashTables data took   0.78ms
[2020.12.17-17.01.34:893][  0]LogAIModule: Creating AISystem for world VehicleExampleMap
[2020.12.17-17.01.34:893][  0]LogAISub: UAISubsystem::UAISubsystem EnvQueryManager (00000251B7CD3800), frame # 0
[2020.12.17-17.01.34:893][  0]LogAISub: UAISubsystem::UAISubsystem AIPerceptionSystem (00000251AABF7100), frame # 0
[2020.12.17-17.01.34:901][  0]LogEditorServer: Finished looking for orphan Actors (0.000 secs)
[2020.12.17-17.01.34:917][  0]LogUObjectHash: Compacting FUObjectHashTables data took   0.82ms
[2020.12.17-17.01.34:918][  0]Cmd: MAP CHECKDEP NOCLEARLOG
[2020.12.17-17.01.34:918][  0]MapCheck: Map check complete: 0 Error(s), 0 Warning(s), took 0,104ms to complete.
[2020.12.17-17.01.34:918][  0]LogFileHelpers: Loading map 'VehicleExampleMap' took 0.173
[2020.12.17-17.01.34:920][  0]LogUnrealEdMisc: Total Editor Startup Time, took 8.345
[2020.12.17-17.01.35:427][  0]LogSlate: Updating window title bar state: overlay mode, drag disabled, window buttons hidden, title bar hidden
[2020.12.17-17.01.35:434][  0]LogSlate: Updating window title bar state: overlay mode, drag disabled, window buttons hidden, title bar hidden
[2020.12.17-17.01.35:441][  0]LogSlate: Updating window title bar state: overlay mode, drag disabled, window buttons hidden, title bar hidden
[2020.12.17-17.01.35:448][  0]LogSlate: Updating window title bar state: overlay mode, drag disabled, window buttons hidden, title bar hidden
[2020.12.17-17.01.35:456][  0]LogCollectionManager: Loaded 0 collections in 0.001094 seconds
[2020.12.17-17.01.35:473][  0]LogFileCache: Scanning file cache for directory 'S:/Users/Liamk/Development/Games/Sacrifice/VehicleTemplate/Saved/Collections/' took 0.00s
[2020.12.17-17.01.35:473][  0]LogFileCache: Scanning file cache for directory 'S:/Users/Liamk/Development/Games/Sacrifice/VehicleTemplate/Content/Developers/Liamk/Collections/' took 0.00s
[2020.12.17-17.01.35:473][  0]LogFileCache: Scanning file cache for directory 'S:/Users/Liamk/Development/Games/Sacrifice/VehicleTemplate/Content/Collections/' took 0.00s
[2020.12.17-17.01.35:473][  0]LogContentBrowser: Native class hierarchy populated in 0.0103 seconds. Added 3432 classes and 819 folders.
[2020.12.17-17.01.35:476][  0]LogContentBrowser: Native class hierarchy updated for 'WidgetCarousel' in 0.0004 seconds. Added 0 classes and 0 folders.
[2020.12.17-17.01.35:565][  0]LogContentBrowser: Native class hierarchy updated for 'AddContentDialog' in 0.0005 seconds. Added 0 classes and 0 folders.
[2020.12.17-17.01.35:569][  0]LogContentBrowser: Native class hierarchy updated for 'SceneOutliner' in 0.0005 seconds. Added 2 classes and 0 folders.
[2020.12.17-17.01.35:669][  0]LogSlate: Took 0.000232 seconds to synchronously load lazily loaded font '../../../Engine/Content/Slate/Fonts/Roboto-Regular.ttf' (155K)
[2020.12.17-17.01.35:671][  0]LogSlate: Took 0.000242 seconds to synchronously load lazily loaded font '../../../Engine/Content/Slate/Fonts/Roboto-Bold.ttf' (160K)
[2020.12.17-17.01.35:676][  0]LogSlate: Took 0.000287 seconds to synchronously load lazily loaded font '../../../Engine/Content/Editor/Slate/Fonts/FontAwesome.ttf' (139K)
[2020.12.17-17.01.35:677][  0]LogSlate: Took 0.000164 seconds to synchronously load lazily loaded font '../../../Engine/Content/Slate/Fonts/DroidSansMono.ttf' (77K)
[2020.12.17-17.01.35:785][  0]LogRenderer: Reallocating scene render targets to support 1616x816 Format 10 NumSamples 1 (Frame:1).
[2020.12.17-17.01.35:879][  0]LogContentBrowser: Native class hierarchy updated for 'HierarchicalLODOutliner' in 0.0005 seconds. Added 0 classes and 0 folders.
[2020.12.17-17.01.35:879][  0]LogLoad: (Engine Initialization) Total time: 9.30 seconds
[2020.12.17-17.01.35:879][  0]LogLoad: (Engine Initialization) Total Blueprint compile time: 0.00 seconds
[2020.12.17-17.01.35:897][  0]LogRawInputWindows: Warning: Found device 18 devices
[2020.12.17-17.01.35:897][  0]LogRawInputWindows: Warning: Found device 18 devices
[2020.12.17-17.01.35:897][  0]LogRawInputWindows: Warning: Device was registered succesfully but not connected (Usage:4 UsagePage:1)
[2020.12.17-17.01.35:897][  0]LogRawInputWindows: Warning: Found device 18 devices
[2020.12.17-17.01.35:897][  0]LogRawInputWindows: Warning: Device was registered succesfully but not connected (Usage:5 UsagePage:1)
[2020.12.17-17.01.35:933][  0]LogAssetRegistry: Asset discovery search completed in 4.4077 seconds
[2020.12.17-17.01.35:936][  0]LogCollectionManager: Fixed up redirectors for 0 collections in 0.000002 seconds (updated 0 objects)
[2020.12.17-17.01.35:938][  0]LogContentStreaming: Texture pool size now 1000 MB
[2020.12.17-17.01.37:342][ 10]Candidate modules for hot reload:
[2020.12.17-17.01.37:342][ 10]  VehicleTemplate
[2020.12.17-17.01.37:342][ 10]Launching UnrealBuildTool... [D:/Program Files/Epic Games/UE_4.25/Engine/Binaries/DotNET/UnrealBuildTool.exe  -ModuleWithSuffix=VehicleTemplate,6811 VehicleTemplateEditor Win64 Development -Project="S:/Users/Liamk/Development/Games/Sacrifice/VehicleTemplate/VehicleTemplate.uproject" "S:/Users/Liamk/Development/Games/Sacrifice/VehicleTemplate/VehicleTemplate.uproject"  -IgnoreJunk]
[2020.12.17-17.01.37:402][ 10]Warning: Starting HotReload took  0.1s.
[2020.12.17-17.01.41:391][440]CompilerResultsLog: New page: Compilation - 17 déc. 2020 à 17:01:41
[2020.12.17-17.01.41:391][440]CompilerResultsLog: Using 'git status' to determine working set for adaptive non-unity build (S:\Users\Liamk\Development\Games\Sacrifice).
[2020.12.17-17.01.41:391][440]CompilerResultsLog: Building VehicleTemplateEditor...
[2020.12.17-17.01.41:391][440]CompilerResultsLog: Using Visual Studio 2019 14.27.29016 toolchain (D:\Program Files (x86)\Microsoft Visual Studio\2019\Preview\VC\Tools\MSVC\14.27.29016) and Windows 10.0.18362.0 SDK (C:\Program Files (x86)\Windows Kits\10).
[2020.12.17-17.01.41:391][440]CompilerResultsLog: [Upgrade]
[2020.12.17-17.01.41:391][440]CompilerResultsLog: [Upgrade] Using backward-compatible build settings. The latest version of UE4 sets the following values by default, which may require code changes:
[2020.12.17-17.01.41:391][440]CompilerResultsLog: [Upgrade]     bLegacyPublicIncludePaths = false                 => Omits subfolders from public include paths to reduce compiler command line length. (Previously: true).
[2020.12.17-17.01.41:391][440]CompilerResultsLog: [Upgrade]     ShadowVariableWarningLevel = WarningLevel.Error   => Treats shadowed variable warnings as errors. (Previously: WarningLevel.Warning).
[2020.12.17-17.01.41:391][440]CompilerResultsLog: [Upgrade]     PCHUsage = PCHUsageMode.UseExplicitOrSharedPCHs   => Set in build.cs files to enables IWYU-style PCH model. See https://docs.unrealengine.com/en-US/Programming/BuildTools/UnrealBuildTool/IWYU/index.html. (Previously: PCHUsageMode.UseSharedPCHs).
[2020.12.17-17.01.41:391][440]CompilerResultsLog: [Upgrade] Suppress this message by setting 'DefaultBuildSettings = BuildSettingsVersion.V2;' in VehicleTemplateEditor.Target.cs, and explicitly overriding settings that differ from the new defaults.
[2020.12.17-17.01.41:391][440]CompilerResultsLog: [Upgrade]
[2020.12.17-17.01.41:392][440]CompilerResultsLog: Building 4 actions with 12 processes...
[2020.12.17-17.01.41:392][440]CompilerResultsLog:   [1/4] PhysicsTriggerActor.cpp
[2020.12.17-17.01.41:392][440]CompilerResultsLog:   [2/4] UE4Editor-VehicleTemplate-6811.lib
[2020.12.17-17.01.41:392][440]CompilerResultsLog:      Creating library S:\Users\Liamk\Development\Games\Sacrifice\VehicleTemplate\Intermediate\Build\Win64\UE4Editor\Development\VehicleTemplate\UE4Editor-VehicleTemplate-6811.lib and object S:\Users\Liamk\Development\Games\Sacrifice\VehicleTemplate\Intermediate\Build\Win64\UE4Editor\Development\VehicleTemplate\UE4Editor-VehicleTemplate-6811.exp
[2020.12.17-17.01.41:392][440]CompilerResultsLog:   [3/4] UE4Editor-VehicleTemplate-6811.dll
[2020.12.17-17.01.41:392][440]CompilerResultsLog:      Creating library S:\Users\Liamk\Development\Games\Sacrifice\VehicleTemplate\Intermediate\Build\Win64\UE4Editor\Development\VehicleTemplate\UE4Editor-VehicleTemplate-6811.suppressed.lib and object S:\Users\Liamk\Development\Games\Sacrifice\VehicleTemplate\Intermediate\Build\Win64\UE4Editor\Development\VehicleTemplate\UE4Editor-VehicleTemplate-6811.suppressed.exp
[2020.12.17-17.01.41:392][440]CompilerResultsLog:   [4/4] VehicleTemplateEditor.target
[2020.12.17-17.01.41:392][440]CompilerResultsLog: Total time in Parallel executor: 3,04 seconds
[2020.12.17-17.01.41:392][440]CompilerResultsLog: Total execution time: 3,80 seconds
[2020.12.17-17.01.41:392][440]LogMainFrame: MainFrame: Module compiling took 4.062 seconds
[2020.12.17-17.01.41:413][440]LogContentBrowser: Native class hierarchy updated for 'VehicleTemplate' in 0.0006 seconds. Added 11 classes and 2 folders.
[2020.12.17-17.01.41:414][440]Display: HotReload successful (3 functions remapped  0 scriptstructs remapped)
[2020.12.17-17.01.41:470][440]LogContentBrowser: Native class hierarchy populated in 0.0100 seconds. Added 3432 classes and 819 folders.
[2020.12.17-17.01.41:470][440]Display: HotReload took  4.1s.
[2020.12.17-17.01.42:061][510]LogTemp: Repeating last play command: Selected Viewport
[2020.12.17-17.01.42:076][510]LogPlayLevel: PlayLevel: No blueprints needed recompiling
[2020.12.17-17.01.42:077][510]PIE: New page: PIE session: VehicleExampleMap (17 déc. 2020 à 17:01:42)
[2020.12.17-17.01.42:078][510]LogOnline: OSS: Creating online subsystem instance for: NULL
[2020.12.17-17.01.42:079][510]LogOnline: OSS: TryLoadSubsystemAndSetDefault: Loaded subsystem for module [NULL]
[2020.12.17-17.01.42:079][510]LogPlayLevel: Creating play world package: /Game/VehicleCPP/Maps/UEDPIE_0_VehicleExampleMap
[2020.12.17-17.01.42:099][510]LogPlayLevel: PIE: StaticDuplicateObject took: (0.019760s)
[2020.12.17-17.01.42:100][510]LogAIModule: Creating AISystem for world VehicleExampleMap
[2020.12.17-17.01.42:100][510]LogAISub: UAISubsystem::UAISubsystem EnvQueryManager (000002520CCC3E00), frame # 510
[2020.12.17-17.01.42:100][510]LogAISub: UAISubsystem::UAISubsystem AIPerceptionSystem (000002520D2151C0), frame # 510
[2020.12.17-17.01.42:100][510]LogPlayLevel: PIE: World Init took: (0.001593s)
[2020.12.17-17.01.42:100][510]LogPlayLevel: PIE: Created PIE world by copying editor world from /Game/VehicleCPP/Maps/VehicleExampleMap.VehicleExampleMap to /Game/VehicleCPP/Maps/UEDPIE_0_VehicleExampleMap.VehicleExampleMap (0.021533s)
[2020.12.17-17.01.42:116][510]LogUObjectHash: Compacting FUObjectHashTables data took   0.62ms
[2020.12.17-17.01.42:118][510]LogAudioMixer: Display: Audio Mixer Platform Settings:
[2020.12.17-17.01.42:118][510]LogAudioMixer: Display: 	Sample Rate:						  48000
[2020.12.17-17.01.42:118][510]LogAudioMixer: Display: 	Callback Buffer Frame Size Requested: 1024
[2020.12.17-17.01.42:118][510]LogAudioMixer: Display: 	Callback Buffer Frame Size To Use:	  1024
[2020.12.17-17.01.42:118][510]LogAudioMixer: Display: 	Number of buffers to queue:			  2
[2020.12.17-17.01.42:118][510]LogAudioMixer: Display: 	Max Channels (voices):				  32
[2020.12.17-17.01.42:118][510]LogAudioMixer: Display: 	Number of Async Source Workers:		  0
[2020.12.17-17.01.42:118][510]LogAudio: Display: AudioDevice MaxSources: 32
[2020.12.17-17.01.42:118][510]LogAudio: Display: Using built-in audio occlusion.
[2020.12.17-17.01.42:118][510]LogAudioMixer: Display: Initializing audio mixer.
[2020.12.17-17.01.42:126][510]LogAudioMixer: Display: 0: FrontLeft
[2020.12.17-17.01.42:126][510]LogAudioMixer: Display: 1: FrontRight
[2020.12.17-17.01.42:176][510]LogAudioMixer: Display: Using Audio Device Speakers (Realtek(R) Audio)
[2020.12.17-17.01.42:176][510]LogAudioMixer: Display: Initializing Sound Submixes...
[2020.12.17-17.01.42:176][510]LogAudioMixer: Display: Creating Master Submix 'MasterSubmixDefault'
[2020.12.17-17.01.42:176][510]LogAudioMixer: Display: Creating Master Submix 'MasterReverbSubmixDefault'
[2020.12.17-17.01.42:177][510]LogAudioMixer: Display: Creating Master Submix 'MasterEQSubmixDefault'
[2020.12.17-17.01.42:190][510]LogInit: FAudioDevice initialized.
[2020.12.17-17.01.42:202][510]LogLoad: Game class is 'BP_VehicleTemplateGameMode_C'
[2020.12.17-17.01.42:206][510]LogWorld: Bringing World /Game/VehicleCPP/Maps/UEDPIE_0_VehicleExampleMap.VehicleExampleMap up for play (max tick rate 0) at 2020.12.17-17.01.42
[2020.12.17-17.01.42:206][510]LogWorld: Bringing up level for play took: 0.001992
[2020.12.17-17.01.42:206][510]LogOnline: OSS: Creating online subsystem instance for: :Context_2
[2020.12.17-17.01.42:249][510]LogContentBrowser: Native class hierarchy updated for 'MovieSceneCapture' in 0.0005 seconds. Added 20 classes and 0 folders.
[2020.12.17-17.01.42:251][510]LogNet: ReplicationDriverClass is null! Not using ReplicationDriver.
[2020.12.17-17.01.42:251][510]LogNetCore: DDoS detection status: detection enabled: 0 analytics enabled: 0
[2020.12.17-17.01.42:252][510]LogInit: WinSock: Socket queue. Rx: 131072 (config 131072) Tx: 131072 (config 131072)
[2020.12.17-17.01.42:252][510]LogNet: Created socket for bind address: 0.0.0.0 on port 17777
[2020.12.17-17.01.42:252][510]PacketHandlerLog: Loaded PacketHandler component: Engine.EngineHandlerComponentFactory (StatelessConnectHandlerComponent)
[2020.12.17-17.01.42:252][510]LogNet: GameNetDriver IpNetDriver_0 IpNetDriver listening on port 17777
[2020.12.17-17.01.42:252][510]PIE: Server logged in
[2020.12.17-17.01.42:253][510]PIE: Play in editor total start time 0,18 seconds.
[2020.12.17-17.01.42:254][510]LogAudioMixer: Display: Audio Mixer Platform Settings:
[2020.12.17-17.01.42:254][510]LogAudioMixer: Display: 	Sample Rate:						  48000
[2020.12.17-17.01.42:254][510]LogAudioMixer: Display: 	Callback Buffer Frame Size Requested: 1024
[2020.12.17-17.01.42:254][510]LogAudioMixer: Display: 	Callback Buffer Frame Size To Use:	  1024
[2020.12.17-17.01.42:254][510]LogAudioMixer: Display: 	Number of buffers to queue:			  2
[2020.12.17-17.01.42:254][510]LogAudioMixer: Display: 	Max Channels (voices):				  32
[2020.12.17-17.01.42:254][510]LogAudioMixer: Display: 	Number of Async Source Workers:		  0
[2020.12.17-17.01.42:254][510]LogAudio: Display: AudioDevice MaxSources: 32
[2020.12.17-17.01.42:255][510]LogAudio: Display: Using built-in audio occlusion.
[2020.12.17-17.01.42:255][510]LogAudioMixer: Display: Initializing audio mixer.
[2020.12.17-17.01.42:262][510]LogAudioMixer: Display: 0: FrontLeft
[2020.12.17-17.01.42:262][510]LogAudioMixer: Display: 1: FrontRight
[2020.12.17-17.01.42:306][510]LogAudioMixer: Display: Using Audio Device Speakers (Realtek(R) Audio)
[2020.12.17-17.01.42:306][510]LogAudioMixer: Display: Initializing Sound Submixes...
[2020.12.17-17.01.42:306][510]LogAudioMixer: Display: Creating Master Submix 'MasterSubmixDefault'
[2020.12.17-17.01.42:306][510]LogAudioMixer: Display: Creating Master Submix 'MasterReverbSubmixDefault'
[2020.12.17-17.01.42:307][510]LogAudioMixer: Display: Creating Master Submix 'MasterEQSubmixDefault'
[2020.12.17-17.01.42:318][510]LogInit: FAudioDevice initialized.
[2020.12.17-17.01.42:365][510]LogSlate: Updating window title bar state: overlay mode, drag disabled, window buttons hidden, title bar hidden
[2020.12.17-17.01.42:365][510]LogNet: Browse: 127.0.0.1:17777/Game/VehicleCPP/Maps/VehicleExampleMap
[2020.12.17-17.01.42:366][510]LogInit: WinSock: Socket queue. Rx: 32768 (config 32768) Tx: 32768 (config 32768)
[2020.12.17-17.01.42:366][510]LogNet: Created socket for bind address: 0.0.0.0 on port 0
[2020.12.17-17.01.42:366][510]PacketHandlerLog: Loaded PacketHandler component: Engine.EngineHandlerComponentFactory (StatelessConnectHandlerComponent)
[2020.12.17-17.01.42:366][510]LogNet: Game client on port 17777, rate 10000
[2020.12.17-17.01.42:367][510]PIE: Client logged in
[2020.12.17-17.01.42:369][510]PIE: Play in editor total start time 0,296 seconds.
[2020.12.17-17.01.43:376][613]LogNet: NotifyAcceptingConnection accepted from: 127.0.0.1:56820
[2020.12.17-17.01.43:376][613]LogHandshake: SendConnectChallenge. Timestamp: 1.322281, Cookie: 086043137153039062229050189176202124131027081004042116092220
[2020.12.17-17.01.43:377][613]LogHandshake: SendChallengeResponse. Timestamp: 1.322281, Cookie: 086043137153039062229050189176202124131027081004042116092220
[2020.12.17-17.01.43:384][614]LogNet: NotifyAcceptingConnection accepted from: 127.0.0.1:56820
[2020.12.17-17.01.43:384][614]LogHandshake: SendChallengeAck. InCookie: 086043137153039062229050189176202124131027081004042116092220
[2020.12.17-17.01.43:384][614]LogNet: Server accepting post-challenge connection from: 127.0.0.1:56820
[2020.12.17-17.01.43:385][614]PacketHandlerLog: Loaded PacketHandler component: Engine.EngineHandlerComponentFactory (StatelessConnectHandlerComponent)
[2020.12.17-17.01.43:385][614]LogNet: NotifyAcceptedConnection: Name: VehicleExampleMap, TimeStamp: 12/17/20 17:01:43, [UNetConnection] RemoteAddr: 127.0.0.1:56820, Name: IpConnection_1, Driver: GameNetDriver IpNetDriver_0, IsServer: YES, PC: NULL, Owner: NULL, UniqueId: INVALID
[2020.12.17-17.01.43:385][614]LogNet: AddClientConnection: Added client connection: [UNetConnection] RemoteAddr: 127.0.0.1:56820, Name: IpConnection_1, Driver: GameNetDriver IpNetDriver_0, IsServer: YES, PC: NULL, Owner: NULL, UniqueId: INVALID
[2020.12.17-17.01.43:386][614]LogNetVersion: VehicleTemplate 1.0.0.0, NetCL: 13144385, EngineNetVer: 14, GameNetVer: 0 (Checksum: 1153625170)
[2020.12.17-17.01.43:386][614]LogNet: UPendingNetGame::SendInitialJoin: Sending hello. [UNetConnection] RemoteAddr: 127.0.0.1:17777, Name: IpConnection_0, Driver: PendingNetDriver IpNetDriver_1, IsServer: NO, PC: NULL, Owner: NULL, UniqueId: INVALID
[2020.12.17-17.01.43:393][615]LogNet: NotifyAcceptingChannel Control 0 server World /Game/VehicleCPP/Maps/UEDPIE_0_VehicleExampleMap.VehicleExampleMap: Accepted
[2020.12.17-17.01.43:393][615]LogNet: Remote platform little endian=1
[2020.12.17-17.01.43:393][615]LogNet: This platform little endian=1
[2020.12.17-17.01.43:394][615]LogOnline: OSS: Creating online subsystem instance for: :Context_3
[2020.12.17-17.01.43:401][616]LogNet: Login request: ?Name=AORAKI-5DB101F34C9D0542FB3233AECC929ABE userId: NULL:AORAKI-5DB101F34C9D0542FB3233AECC929ABE platform: NULL
[2020.12.17-17.01.43:403][616]LogNet: Welcomed by server (Level: /Game/VehicleCPP/Maps/UEDPIE_0_VehicleExampleMap, Game: /Game/Blueprints/GameModes/BP_VehicleTemplateGameMode.BP_VehicleTemplateGameMode_C)
[2020.12.17-17.01.43:403][616]LogLoad: LoadMap: 127.0.0.1:17777/Game/VehicleCPP/Maps/UEDPIE_0_VehicleExampleMap?game=/Game/Blueprints/GameModes/BP_VehicleTemplateGameMode.BP_VehicleTemplateGameMode_C
[2020.12.17-17.01.43:403][616]LogWorld: BeginTearingDown for /Temp/Untitled_1
[2020.12.17-17.01.43:403][616]LogWorld: UWorld::CleanupWorld for Untitled, bSessionEnded=true, bCleanupResources=true
[2020.12.17-17.01.43:403][616]LogSlate: InvalidateAllWidgets triggered.  All widgets were invalidated
[2020.12.17-17.01.43:414][616]LogUObjectHash: Compacting FUObjectHashTables data took   0.62ms
[2020.12.17-17.01.43:433][616]LogAIModule: Creating AISystem for world VehicleExampleMap
[2020.12.17-17.01.43:433][616]LogAISub: UAISubsystem::UAISubsystem EnvQueryManager (00000251D3379E00), frame # 616
[2020.12.17-17.01.43:433][616]LogAISub: UAISubsystem::UAISubsystem AIPerceptionSystem (0000025201D45940), frame # 616
[2020.12.17-17.01.43:438][616]LogWorld: Bringing World /Game/VehicleCPP/Maps/UEDPIE_1_VehicleExampleMap.VehicleExampleMap up for play (max tick rate 0) at 2020.12.17-17.01.43
[2020.12.17-17.01.43:439][616]LogWorld: Bringing up level for play took: 0.001444
[2020.12.17-17.01.43:439][616]LogLoad: Took 0.036253 seconds to LoadMap(/Game/VehicleCPP/Maps/UEDPIE_0_VehicleExampleMap)
[2020.12.17-17.01.43:450][617]LogNet: Client netspeed is 10000
[2020.12.17-17.01.43:450][617]LogNet: Join request: /Game/VehicleCPP/Maps/VehicleExampleMap?Name=AORAKI-5DB101F34C9D0542FB3233AECC929ABE?SplitscreenCount=1
[2020.12.17-17.01.43:451][617]LogOnlineSession: Warning: OSS: No game present to join for session (GameSession)
[2020.12.17-17.01.43:453][617]LogNet: Join succeeded: AORAKI-5DB101F34C9D0
[2020.12.17-17.01.43:755][649]LogOnlineSession: Warning: OSS: No game present to join for session (GameSession)
[2020.12.17-17.01.43:880][664]LogOnlineSession: Warning: OSS: No game present to join for session (GameSession)
[2020.12.17-17.01.52:231][657]LogSlate: Updating window title bar state: overlay mode, drag disabled, window buttons hidden, title bar hidden
[2020.12.17-17.01.52:231][657]LogWorld: BeginTearingDown for /Game/VehicleCPP/Maps/UEDPIE_1_VehicleExampleMap
[2020.12.17-17.01.52:232][657]LogSlate: Window 'VehicleTemplate Preview [NetMode: Client 2] (64-bit/Windows) ' being destroyed
[2020.12.17-17.01.52:237][657]LogWorld: UWorld::CleanupWorld for VehicleExampleMap, bSessionEnded=true, bCleanupResources=true
[2020.12.17-17.01.52:238][657]LogSlate: InvalidateAllWidgets triggered.  All widgets were invalidated
[2020.12.17-17.01.52:245][657]LogNet: World NetDriver shutdown IpNetDriver_1 [GameNetDriver]
[2020.12.17-17.01.52:245][657]LogNet: DestroyNamedNetDriver IpNetDriver_1 [GameNetDriver]
[2020.12.17-17.01.52:245][657]LogNet: UNetConnection::Close: [UNetConnection] RemoteAddr: 127.0.0.1:17777, Name: IpConnection_0, Driver: GameNetDriver IpNetDriver_1, IsServer: NO, PC: PlayerController_1, Owner: PlayerController_1, UniqueId: NULL:AORAKI-5DB101F34C9D0542FB3233AECC929ABE, Channels: 10, Time: 2020.12.17-17.01.52
[2020.12.17-17.01.52:245][657]LogNet: UChannel::Close: Sending CloseBunch. ChIndex == 0. Name: [UChannel] ChIndex: 0, Closing: 0 [UNetConnection] RemoteAddr: 127.0.0.1:17777, Name: IpConnection_0, Driver: GameNetDriver IpNetDriver_1, IsServer: NO, PC: PlayerController_1, Owner: PlayerController_1, UniqueId: NULL:AORAKI-5DB101F34C9D0542FB3233AECC929ABE
[2020.12.17-17.01.52:246][657]LogExit: GameNetDriver IpNetDriver_1 shut down
[2020.12.17-17.01.52:246][657]LogWorld: BeginTearingDown for /Game/VehicleCPP/Maps/UEDPIE_0_VehicleExampleMap
[2020.12.17-17.01.52:246][657]LogOnlineSession: Warning: OSS: No game present to leave for session (GameSession)
[2020.12.17-17.01.52:247][657]LogSlate: Updating window title bar state: overlay mode, drag disabled, window buttons hidden, title bar hidden
[2020.12.17-17.01.52:247][657]LogWorld: UWorld::CleanupWorld for VehicleExampleMap, bSessionEnded=true, bCleanupResources=true
[2020.12.17-17.01.52:247][657]LogSlate: InvalidateAllWidgets triggered.  All widgets were invalidated
[2020.12.17-17.01.52:255][657]LogNet: World NetDriver shutdown IpNetDriver_0 [GameNetDriver]
[2020.12.17-17.01.52:255][657]LogNet: DestroyNamedNetDriver IpNetDriver_0 [GameNetDriver]
[2020.12.17-17.01.52:255][657]LogNet: UNetConnection::Cleanup: Closing open connection. [UNetConnection] RemoteAddr: 127.0.0.1:56820, Name: IpConnection_1, Driver: GameNetDriver IpNetDriver_0, IsServer: YES, PC: PlayerController_1, Owner: PlayerController_1, UniqueId: NULL:AORAKI-5DB101F34C9D0542FB3233AECC929ABE
[2020.12.17-17.01.52:255][657]LogNet: UNetConnection::Close: [UNetConnection] RemoteAddr: 127.0.0.1:56820, Name: IpConnection_1, Driver: GameNetDriver IpNetDriver_0, IsServer: YES, PC: PlayerController_1, Owner: PlayerController_1, UniqueId: NULL:AORAKI-5DB101F34C9D0542FB3233AECC929ABE, Channels: 10, Time: 2020.12.17-17.01.52
[2020.12.17-17.01.52:255][657]LogNet: UChannel::Close: Sending CloseBunch. ChIndex == 0. Name: [UChannel] ChIndex: 0, Closing: 0 [UNetConnection] RemoteAddr: 127.0.0.1:56820, Name: IpConnection_1, Driver: GameNetDriver IpNetDriver_0, IsServer: YES, PC: PlayerController_1, Owner: PlayerController_1, UniqueId: NULL:AORAKI-5DB101F34C9D0542FB3233AECC929ABE
[2020.12.17-17.01.52:255][657]LogExit: GameNetDriver IpNetDriver_0 shut down
[2020.12.17-17.01.52:256][657]LogPlayLevel: Display: Shutting down PIE online subsystems
[2020.12.17-17.01.52:258][657]LogSlate: InvalidateAllWidgets triggered.  All widgets were invalidated
[2020.12.17-17.01.52:306][657]LogSlate: Updating window title bar state: overlay mode, drag disabled, window buttons hidden, title bar hidden
[2020.12.17-17.01.52:331][657]LogAISub: UAISubsystem::~UAISubsystem EnvQueryManager (000002520CCC3E00), frame # 1657
[2020.12.17-17.01.52:331][657]LogAISub: UAISubsystem::~UAISubsystem AIPerceptionSystem (000002520D2151C0), frame # 1657
[2020.12.17-17.01.52:331][657]LogAISub: UAISubsystem::~UAISubsystem EnvQueryManager (00000251D3379E00), frame # 1657
[2020.12.17-17.01.52:331][657]LogAISub: UAISubsystem::~UAISubsystem AIPerceptionSystem (0000025201D45940), frame # 1657
[2020.12.17-17.01.52:332][657]LogUObjectHash: Compacting FUObjectHashTables data took   0.68ms
[2020.12.17-17.01.52:370][658]LogPlayLevel: Display: Destroying online subsystem :Context_3
[2020.12.17-17.01.52:370][658]LogPlayLevel: Display: Destroying online subsystem :Context_2
[2020.12.17-17.04.36:359][271]Candidate modules for hot reload:
[2020.12.17-17.04.36:359][271]  VehicleTemplate
[2020.12.17-17.04.36:359][271]Launching UnrealBuildTool... [D:/Program Files/Epic Games/UE_4.25/Engine/Binaries/DotNET/UnrealBuildTool.exe  -ModuleWithSuffix=VehicleTemplate,1972 VehicleTemplateEditor Win64 Development -Project="S:/Users/Liamk/Development/Games/Sacrifice/VehicleTemplate/VehicleTemplate.uproject" "S:/Users/Liamk/Development/Games/Sacrifice/VehicleTemplate/VehicleTemplate.uproject"  -IgnoreJunk]
[2020.12.17-17.04.36:407][271]Warning: Starting HotReload took  0.1s.
[2020.12.17-17.04.48:113][613]CompilerResultsLog: New page: Compilation - 17 déc. 2020 à 17:04:48
[2020.12.17-17.04.48:113][613]CompilerResultsLog: Using 'git status' to determine working set for adaptive non-unity build (S:\Users\Liamk\Development\Games\Sacrifice).
[2020.12.17-17.04.48:113][613]CompilerResultsLog: Parsing headers for VehicleTemplateEditor
[2020.12.17-17.04.48:113][613]CompilerResultsLog:   Running UnrealHeaderTool "S:\Users\Liamk\Development\Games\Sacrifice\VehicleTemplate\VehicleTemplate.uproject" "S:\Users\Liamk\Development\Games\Sacrifice\VehicleTemplate\Intermediate\Build\Win64\VehicleTemplateEditor\Development\VehicleTemplateEditor.uhtmanifest" -LogCmds="loginit warning, logexit warning, logdatabase error" -Unattended -WarningsAsErrors -abslog="C:\Users\Liamk\AppData\Local\UnrealBuildTool\Log_UHT.txt" -installed
[2020.12.17-17.04.48:113][613]CompilerResultsLog: Reflection code generated for VehicleTemplateEditor in 6,9711379 seconds
[2020.12.17-17.04.48:113][613]CompilerResultsLog: Building VehicleTemplateEditor...
[2020.12.17-17.04.48:113][613]CompilerResultsLog: Using Visual Studio 2019 14.27.29016 toolchain (D:\Program Files (x86)\Microsoft Visual Studio\2019\Preview\VC\Tools\MSVC\14.27.29016) and Windows 10.0.18362.0 SDK (C:\Program Files (x86)\Windows Kits\10).
[2020.12.17-17.04.48:113][613]CompilerResultsLog: [Upgrade]
[2020.12.17-17.04.48:113][613]CompilerResultsLog: [Upgrade] Using backward-compatible build settings. The latest version of UE4 sets the following values by default, which may require code changes:
[2020.12.17-17.04.48:113][613]CompilerResultsLog: [Upgrade]     bLegacyPublicIncludePaths = false                 => Omits subfolders from public include paths to reduce compiler command line length. (Previously: true).
[2020.12.17-17.04.48:113][613]CompilerResultsLog: [Upgrade]     ShadowVariableWarningLevel = WarningLevel.Error   => Treats shadowed variable warnings as errors. (Previously: WarningLevel.Warning).
[2020.12.17-17.04.48:113][613]CompilerResultsLog: [Upgrade]     PCHUsage = PCHUsageMode.UseExplicitOrSharedPCHs   => Set in build.cs files to enables IWYU-style PCH model. See https://docs.unrealengine.com/en-US/Programming/BuildTools/UnrealBuildTool/IWYU/index.html. (Previously: PCHUsageMode.UseSharedPCHs).
[2020.12.17-17.04.48:113][613]CompilerResultsLog: [Upgrade] Suppress this message by setting 'DefaultBuildSettings = BuildSettingsVersion.V2;' in VehicleTemplateEditor.Target.cs, and explicitly overriding settings that differ from the new defaults.
[2020.12.17-17.04.48:113][613]CompilerResultsLog: [Upgrade]
[2020.12.17-17.04.48:113][613]CompilerResultsLog: Building 5 actions with 12 processes...
[2020.12.17-17.04.48:113][613]CompilerResultsLog:   [1/5] PhysicsTriggerActor.cpp
[2020.12.17-17.04.48:113][613]CompilerResultsLog:   [2/5] PhysicsTriggerActor.gen.cpp
[2020.12.17-17.04.48:113][613]CompilerResultsLog:   [3/5] UE4Editor-VehicleTemplate-1972.lib
[2020.12.17-17.04.48:113][613]CompilerResultsLog:      Creating library S:\Users\Liamk\Development\Games\Sacrifice\VehicleTemplate\Intermediate\Build\Win64\UE4Editor\Development\VehicleTemplate\UE4Editor-VehicleTemplate-1972.lib and object S:\Users\Liamk\Development\Games\Sacrifice\VehicleTemplate\Intermediate\Build\Win64\UE4Editor\Development\VehicleTemplate\UE4Editor-VehicleTemplate-1972.exp
[2020.12.17-17.04.48:113][613]CompilerResultsLog:   [4/5] UE4Editor-VehicleTemplate-1972.dll
[2020.12.17-17.04.48:113][613]CompilerResultsLog:      Creating library S:\Users\Liamk\Development\Games\Sacrifice\VehicleTemplate\Intermediate\Build\Win64\UE4Editor\Development\VehicleTemplate\UE4Editor-VehicleTemplate-1972.suppressed.lib and object S:\Users\Liamk\Development\Games\Sacrifice\VehicleTemplate\Intermediate\Build\Win64\UE4Editor\Development\VehicleTemplate\UE4Editor-VehicleTemplate-1972.suppressed.exp
[2020.12.17-17.04.48:113][613]CompilerResultsLog:   [5/5] VehicleTemplateEditor.target
[2020.12.17-17.04.48:113][613]CompilerResultsLog: Total time in Parallel executor: 3,36 seconds
[2020.12.17-17.04.48:113][613]CompilerResultsLog: Total execution time: 11,54 seconds
[2020.12.17-17.04.48:113][613]LogMainFrame: MainFrame: Module compiling took 11.766 seconds
[2020.12.17-17.04.48:125][613]LogClass: Could not find existing class PhysicsTriggerActor in package /Script/VehicleTemplate for HotReload, assuming new class
[2020.12.17-17.04.48:125][613]LogClass: Function OnDestroy is new.
[2020.12.17-17.04.48:125][613]LogClass: Function OnOverlap is new.
[2020.12.17-17.04.48:134][613]LogHotReload: Re-instancing PhysicsTriggerActor after hot-reload.
[2020.12.17-17.04.48:144][613]LogContentBrowser: Native class hierarchy updated for 'VehicleTemplate' in 0.0006 seconds. Added 11 classes and 2 folders.
[2020.12.17-17.04.48:146][613]Display: HotReload successful (1 functions remapped  0 scriptstructs remapped)
[2020.12.17-17.04.48:205][613]LogContentBrowser: Native class hierarchy populated in 0.0125 seconds. Added 3432 classes and 819 folders.
[2020.12.17-17.04.48:205][613]Display: HotReload took 11.9s.
[2020.12.17-17.04.49:146][725]LogTemp: Repeating last play command: Selected Viewport
[2020.12.17-17.04.49:161][725]LogPlayLevel: PlayLevel: No blueprints needed recompiling
[2020.12.17-17.04.49:161][725]PIE: New page: PIE session: VehicleExampleMap (17 déc. 2020 à 17:04:49)
[2020.12.17-17.04.49:183][725]LogPlayLevel: Creating play world package: /Game/VehicleCPP/Maps/UEDPIE_0_VehicleExampleMap
[2020.12.17-17.04.49:203][725]LogPlayLevel: PIE: StaticDuplicateObject took: (0.019510s)
[2020.12.17-17.04.49:204][725]LogAIModule: Creating AISystem for world VehicleExampleMap
[2020.12.17-17.04.49:204][725]LogAISub: UAISubsystem::UAISubsystem EnvQueryManager (000002520CCC0600), frame # 3725
[2020.12.17-17.04.49:204][725]LogAISub: UAISubsystem::UAISubsystem AIPerceptionSystem (00000251B9543C40), frame # 3725
[2020.12.17-17.04.49:205][725]LogPlayLevel: PIE: World Init took: (0.001727s)
[2020.12.17-17.04.49:205][725]LogPlayLevel: PIE: Created PIE world by copying editor world from /Game/VehicleCPP/Maps/VehicleExampleMap.VehicleExampleMap to /Game/VehicleCPP/Maps/UEDPIE_0_VehicleExampleMap.VehicleExampleMap (0.021498s)
[2020.12.17-17.04.49:227][725]LogUObjectHash: Compacting FUObjectHashTables data took   0.79ms
[2020.12.17-17.04.49:229][725]LogAudioMixer: Display: Audio Mixer Platform Settings:
[2020.12.17-17.04.49:229][725]LogAudioMixer: Display: 	Sample Rate:						  48000
[2020.12.17-17.04.49:229][725]LogAudioMixer: Display: 	Callback Buffer Frame Size Requested: 1024
[2020.12.17-17.04.49:229][725]LogAudioMixer: Display: 	Callback Buffer Frame Size To Use:	  1024
[2020.12.17-17.04.49:229][725]LogAudioMixer: Display: 	Number of buffers to queue:			  2
[2020.12.17-17.04.49:229][725]LogAudioMixer: Display: 	Max Channels (voices):				  32
[2020.12.17-17.04.49:229][725]LogAudioMixer: Display: 	Number of Async Source Workers:		  0
[2020.12.17-17.04.49:229][725]LogAudio: Display: AudioDevice MaxSources: 32
[2020.12.17-17.04.49:229][725]LogAudio: Display: Using built-in audio occlusion.
[2020.12.17-17.04.49:229][725]LogAudioMixer: Display: Initializing audio mixer.
[2020.12.17-17.04.49:236][725]LogAudioMixer: Display: 0: FrontLeft
[2020.12.17-17.04.49:236][725]LogAudioMixer: Display: 1: FrontRight
[2020.12.17-17.04.49:288][725]LogAudioMixer: Display: Using Audio Device Speakers (Realtek(R) Audio)
[2020.12.17-17.04.49:289][725]LogAudioMixer: Display: Initializing Sound Submixes...
[2020.12.17-17.04.49:289][725]LogAudioMixer: Display: Creating Master Submix 'MasterSubmixDefault'
[2020.12.17-17.04.49:289][725]LogAudioMixer: Display: Creating Master Submix 'MasterReverbSubmixDefault'
[2020.12.17-17.04.49:289][725]LogAudioMixer: Display: Creating Master Submix 'MasterEQSubmixDefault'
[2020.12.17-17.04.49:301][725]LogInit: FAudioDevice initialized.
[2020.12.17-17.04.49:314][725]LogLoad: Game class is 'BP_VehicleTemplateGameMode_C'
[2020.12.17-17.04.49:317][725]LogWorld: Bringing World /Game/VehicleCPP/Maps/UEDPIE_0_VehicleExampleMap.VehicleExampleMap up for play (max tick rate 0) at 2020.12.17-17.04.49
[2020.12.17-17.04.49:318][725]LogWorld: Bringing up level for play took: 0.002279
[2020.12.17-17.04.49:318][725]LogOnline: OSS: Creating online subsystem instance for: :Context_4
[2020.12.17-17.04.49:321][725]LogNet: ReplicationDriverClass is null! Not using ReplicationDriver.
[2020.12.17-17.04.49:321][725]LogNetCore: DDoS detection status: detection enabled: 0 analytics enabled: 0
[2020.12.17-17.04.49:321][725]LogInit: WinSock: Socket queue. Rx: 131072 (config 131072) Tx: 131072 (config 131072)
[2020.12.17-17.04.49:321][725]LogNet: Created socket for bind address: 0.0.0.0 on port 17777
[2020.12.17-17.04.49:321][725]PacketHandlerLog: Loaded PacketHandler component: Engine.EngineHandlerComponentFactory (StatelessConnectHandlerComponent)
[2020.12.17-17.04.49:321][725]LogNet: GameNetDriver IpNetDriver_2 IpNetDriver listening on port 17777
[2020.12.17-17.04.52:162][725]LogWindows: Error: === Critical error: ===
[2020.12.17-17.04.52:162][725]LogWindows: Error: 
[2020.12.17-17.04.52:162][725]LogWindows: Error: Fatal error!
[2020.12.17-17.04.52:162][725]LogWindows: Error: 
[2020.12.17-17.04.52:162][725]LogWindows: Error: Unhandled Exception: EXCEPTION_ACCESS_VIOLATION reading address 0x00000018
[2020.12.17-17.04.52:162][725]LogWindows: Error: 
[2020.12.17-17.04.52:162][725]LogWindows: Error: [Callstack] 0x00007fff37a78ce6 UE4Editor-VehicleTemplate-1972.dll!APhysicsTriggerActor::BeginPlay() [S:\Users\Liamk\Development\Games\Sacrifice\VehicleTemplate\Source\VehicleTemplate\PhysicsTriggerActor.cpp:22]
[2020.12.17-17.04.52:162][725]LogWindows: Error: [Callstack] 0x00007fffa4b6097c UE4Editor-Engine.dll!UnknownFunction []
[2020.12.17-17.04.52:162][725]LogWindows: Error: [Callstack] 0x00007fffa4b54b66 UE4Editor-Engine.dll!UnknownFunction []
[2020.12.17-17.04.52:162][725]LogWindows: Error: [Callstack] 0x00007fff37a7c25f UE4Editor-VehicleTemplate-1972.dll!AVehicleTemplatePawn::BeginPlay() [S:\Users\Liamk\Development\Games\Sacrifice\VehicleTemplate\Source\VehicleTemplate\VehicleTemplatePawn.cpp:229]
[2020.12.17-17.04.52:162][725]LogWindows: Error: [Callstack] 0x00007fffa4b6097c UE4Editor-Engine.dll!UnknownFunction []
[2020.12.17-17.04.52:162][725]LogWindows: Error: [Callstack] 0x00007fffa5e0958d UE4Editor-Engine.dll!UnknownFunction []
[2020.12.17-17.04.52:162][725]LogWindows: Error: [Callstack] 0x00007fffa5243151 UE4Editor-Engine.dll!UnknownFunction []
[2020.12.17-17.04.52:162][725]LogWindows: Error: [Callstack] 0x00007fffa5db3a2e UE4Editor-Engine.dll!UnknownFunction []
[2020.12.17-17.04.52:162][725]LogWindows: Error: [Callstack] 0x00007fffa52644e9 UE4Editor-Engine.dll!UnknownFunction []
[2020.12.17-17.04.52:162][725]LogWindows: Error: [Callstack] 0x00007fffa3a0595c UE4Editor-UnrealEd.dll!UnknownFunction []
[2020.12.17-17.04.52:162][725]LogWindows: Error: [Callstack] 0x00007fffa3a2682c UE4Editor-UnrealEd.dll!UnknownFunction []
[2020.12.17-17.04.52:162][725]LogWindows: Error: [Callstack] 0x00007fffa3a06899 UE4Editor-UnrealEd.dll!UnknownFunction []
[2020.12.17-17.04.52:162][725]LogWindows: Error: [Callstack] 0x00007fffa3a423da UE4Editor-UnrealEd.dll!UnknownFunction []
[2020.12.17-17.04.52:162][725]LogWindows: Error: [Callstack] 0x00007fffa3a4569d UE4Editor-UnrealEd.dll!UnknownFunction []
[2020.12.17-17.04.52:162][725]LogWindows: Error: [Callstack] 0x00007fffa3a45078 UE4Editor-UnrealEd.dll!UnknownFunction []
[2020.12.17-17.04.52:162][725]LogWindows: Error: [Callstack] 0x00007fffa34ca854 UE4Editor-UnrealEd.dll!UnknownFunction []
[2020.12.17-17.04.52:162][725]LogWindows: Error: [Callstack] 0x00007fffa3da37e6 UE4Editor-UnrealEd.dll!UnknownFunction []
[2020.12.17-17.04.52:162][725]LogWindows: Error: [Callstack] 0x00007ff68fdc7800 UE4Editor.exe!UnknownFunction []
[2020.12.17-17.04.52:162][725]LogWindows: Error: [Callstack] 0x00007ff68fddba7c UE4Editor.exe!UnknownFunction []
[2020.12.17-17.04.52:163][725]LogWindows: Error: [Callstack] 0x00007ff68fddbb5a UE4Editor.exe!UnknownFunction []
[2020.12.17-17.04.52:163][725]LogWindows: Error: [Callstack] 0x00007ff68fdee31d UE4Editor.exe!UnknownFunction []
[2020.12.17-17.04.52:163][725]LogWindows: Error: [Callstack] 0x00007ff68fdf145a UE4Editor.exe!UnknownFunction []
[2020.12.17-17.04.52:163][725]LogWindows: Error: [Callstack] 0x00007ff82d377c24 KERNEL32.DLL!UnknownFunction []
[2020.12.17-17.04.52:163][725]LogWindows: Error: [Callstack] 0x00007ff82d8cd4d1 ntdll.dll!UnknownFunction []
[2020.12.17-17.04.52:163][725]LogWindows: Error: 
[2020.12.17-17.04.52:401][725]LogExit: Executing StaticShutdownAfterError
[2020.12.17-17.04.52:403][725]LogWindows: FPlatformMisc::RequestExit(1)
[2020.12.17-17.04.52:404][725]LogCore: Engine exit requested (reason: Win RequestExit)
[2020.12.17-17.04.52:461][725]Log file closed, 12/17/20 17:04:52
